<?xml version="1.0" ?>
<!DOCTYPE coverage SYSTEM "http://cobertura.sourceforge.net/xml/coverage-04.dtd">
<coverage lines-valid="1699" lines-covered="1456" line-rate="0.8569" branches-valid="190" branches-covered="115" branch-rate="0.6052000000000001" timestamp="1779793913791" complexity="0" version="0.1">
  <sources>
    <source>C:\botas\IA\Documentación__\GIMNASIO\gymsos-frontend</source>
  </sources>
  <packages>
    <package name="hooks" line-rate="1" branch-rate="0.8392000000000001">
      <classes>
        <class name="useAccesos.ts" filename="src\hooks\useAccesos.ts" line-rate="1" branch-rate="0.7142000000000001">
          <methods>
            <method name="useAccesosRecientes" hits="10" signature="()V">
              <lines>
                <line number="22" hits="10"/>
              </lines>
            </method>
            <method name="useConteoAccesos" hits="6" signature="()V">
              <lines>
                <line number="30" hits="6"/>
              </lines>
            </method>
            <method name="useHistorialMiembro" hits="4" signature="()V">
              <lines>
                <line number="38" hits="4"/>
              </lines>
            </method>
          </methods>
          <lines>
            <line number="1" hits="1" branch="false"/>
            <line number="2" hits="1" branch="false"/>
            <line number="3" hits="1" branch="false"/>
            <line number="4" hits="1" branch="false"/>
            <line number="5" hits="1" branch="false"/>
            <line number="6" hits="1" branch="false"/>
            <line number="7" hits="1" branch="false"/>
            <line number="8" hits="1" branch="false"/>
            <line number="9" hits="1" branch="false"/>
            <line number="10" hits="1" branch="false"/>
            <line number="11" hits="1" branch="false"/>
            <line number="12" hits="1" branch="false"/>
            <line number="13" hits="1" branch="false"/>
            <line number="14" hits="1" branch="false"/>
            <line number="15" hits="1" branch="false"/>
            <line number="16" hits="1" branch="false"/>
            <line number="17" hits="1" branch="false"/>
            <line number="18" hits="1" branch="false"/>
            <line number="19" hits="1" branch="false"/>
            <line number="20" hits="1" branch="false"/>
            <line number="21" hits="1" branch="false"/>
            <line number="22" hits="1" branch="true" condition-coverage="100% (1/1)"/>
            <line number="23" hits="10" branch="false"/>
            <line number="24" hits="10" branch="true" condition-coverage="0% (0/1)"/>
            <line number="25" hits="10" branch="false"/>
            <line number="26" hits="10" branch="false"/>
            <line number="27" hits="10" branch="false"/>
            <line number="28" hits="10" branch="false"/>
            <line number="29" hits="1" branch="false"/>
            <line number="30" hits="1" branch="true" condition-coverage="100% (1/1)"/>
            <line number="31" hits="6" branch="false"/>
            <line number="32" hits="6" branch="true" condition-coverage="0% (0/1)"/>
            <line number="33" hits="6" branch="false"/>
            <line number="34" hits="6" branch="false"/>
            <line number="35" hits="6" branch="false"/>
            <line number="36" hits="6" branch="false"/>
            <line number="37" hits="1" branch="false"/>
            <line number="38" hits="1" branch="true" condition-coverage="100% (1/1)"/>
            <line number="39" hits="4" branch="false"/>
            <line number="40" hits="4" branch="true" condition-coverage="100% (2/2)"/>
            <line number="41" hits="4" branch="false"/>
            <line number="42" hits="4" branch="false"/>
            <line number="43" hits="4" branch="false"/>
            <line number="44" hits="4" branch="false"/>
          </lines>
        </class>
        <class name="useAsync.ts" filename="src\hooks\useAsync.ts" line-rate="1" branch-rate="1">
          <methods>
            <method name="useAsync" hits="134" signature="()V">
              <lines>
                <line number="13" hits="134"/>
              </lines>
            </method>
            <method name="useAsyncWithDemoFallback" hits="120" signature="()V">
              <lines>
                <line number="58" hits="120"/>
              </lines>
            </method>
            <method name="refetch" hits="0" signature="()V">
              <lines>
                <line number="70" hits="0"/>
              </lines>
            </method>
          </methods>
          <lines>
            <line number="1" hits="1" branch="false"/>
            <line number="2" hits="1" branch="false"/>
            <line number="3" hits="1" branch="false"/>
            <line number="4" hits="1" branch="false"/>
            <line number="5" hits="1" branch="false"/>
            <line number="6" hits="1" branch="false"/>
            <line number="7" hits="1" branch="false"/>
            <line number="8" hits="1" branch="false"/>
            <line number="9" hits="1" branch="false"/>
            <line number="10" hits="1" branch="false"/>
            <line number="11" hits="1" branch="false"/>
            <line number="12" hits="1" branch="false"/>
            <line number="13" hits="1" branch="true" condition-coverage="100% (1/1)"/>
            <line number="14" hits="134" branch="false"/>
            <line number="15" hits="134" branch="false"/>
            <line number="16" hits="134" branch="false"/>
            <line number="17" hits="134" branch="false"/>
            <line number="18" hits="134" branch="false"/>
            <line number="19" hits="134" branch="false"/>
            <line number="20" hits="134" branch="false"/>
            <line number="21" hits="134" branch="false"/>
            <line number="22" hits="134" branch="true" condition-coverage="100% (1/1)"/>
            <line number="23" hits="67" branch="false"/>
            <line number="24" hits="67" branch="true" condition-coverage="100% (1/1)"/>
            <line number="25" hits="134" branch="false"/>
            <line number="26" hits="134" branch="false"/>
            <line number="27" hits="134" branch="true" condition-coverage="100% (1/1)"/>
            <line number="28" hits="68" branch="true" condition-coverage="100% (1/1)"/>
            <line number="29" hits="57" branch="false"/>
            <line number="30" hits="57" branch="false"/>
            <line number="31" hits="57" branch="true" condition-coverage="100% (2/2)"/>
            <line number="32" hits="11" branch="false"/>
            <line number="33" hits="11" branch="false"/>
            <line number="34" hits="11" branch="false"/>
            <line number="35" hits="11" branch="false"/>
            <line number="36" hits="11" branch="false"/>
            <line number="37" hits="11" branch="true" condition-coverage="100% (1/1)"/>
            <line number="38" hits="7" branch="false"/>
            <line number="39" hits="7" branch="false"/>
            <line number="40" hits="7" branch="false"/>
            <line number="41" hits="68" branch="true" condition-coverage="100% (2/2)"/>
            <line number="42" hits="3" branch="false"/>
            <line number="43" hits="3" branch="true" condition-coverage="100% (2/2)"/>
            <line number="44" hits="3" branch="false"/>
            <line number="45" hits="12" branch="true" condition-coverage="100% (1/1)"/>
            <line number="46" hits="10" branch="false"/>
            <line number="47" hits="10" branch="false"/>
            <line number="48" hits="10" branch="false"/>
            <line number="49" hits="10" branch="false"/>
            <line number="50" hits="68" branch="false"/>
            <line number="51" hits="134" branch="false"/>
            <line number="52" hits="134" branch="false"/>
            <line number="53" hits="134" branch="true" condition-coverage="100% (1/1)"/>
            <line number="54" hits="134" branch="false"/>
            <line number="55" hits="134" branch="false"/>
            <line number="56" hits="134" branch="false"/>
            <line number="57" hits="1" branch="false"/>
            <line number="58" hits="1" branch="true" condition-coverage="100% (1/1)"/>
            <line number="59" hits="120" branch="false"/>
            <line number="60" hits="120" branch="false"/>
            <line number="61" hits="120" branch="false"/>
            <line number="62" hits="120" branch="false"/>
            <line number="63" hits="120" branch="true" condition-coverage="100% (2/2)"/>
            <line number="64" hits="120" branch="false"/>
            <line number="65" hits="120" branch="true" condition-coverage="100% (1/1)"/>
            <line number="66" hits="112" branch="false"/>
            <line number="67" hits="112" branch="false"/>
            <line number="68" hits="112" branch="false"/>
            <line number="69" hits="112" branch="false"/>
            <line number="70" hits="112" branch="false"/>
            <line number="71" hits="112" branch="false"/>
            <line number="72" hits="112" branch="true" condition-coverage="100% (1/1)"/>
            <line number="73" hits="8" branch="false"/>
            <line number="74" hits="8" branch="false"/>
            <line number="75" hits="8" branch="false"/>
          </lines>
        </class>
        <class name="useClases.ts" filename="src\hooks\useClases.ts" line-rate="1" branch-rate="0.6666">
          <methods>
            <method name="useClasesGerente" hits="2" signature="()V">
              <lines>
                <line number="32" hits="2"/>
              </lines>
            </method>
            <method name="useClasesHoy" hits="10" signature="()V">
              <lines>
                <line number="40" hits="10"/>
              </lines>
            </method>
            <method name="useClasesEntrenador" hits="4" signature="()V">
              <lines>
                <line number="48" hits="4"/>
              </lines>
            </method>
            <method name="useInscripcionesDelMiembro" hits="4" signature="()V">
              <lines>
                <line number="56" hits="4"/>
              </lines>
            </method>
          </methods>
          <lines>
            <line number="1" hits="1" branch="false"/>
            <line number="2" hits="1" branch="false"/>
            <line number="3" hits="1" branch="false"/>
            <line number="4" hits="1" branch="false"/>
            <line number="5" hits="1" branch="false"/>
            <line number="6" hits="1" branch="false"/>
            <line number="7" hits="1" branch="false"/>
            <line number="8" hits="1" branch="false"/>
            <line number="9" hits="1" branch="false"/>
            <line number="10" hits="1" branch="false"/>
            <line number="11" hits="1" branch="false"/>
            <line number="12" hits="1" branch="false"/>
            <line number="13" hits="1" branch="false"/>
            <line number="14" hits="1" branch="false"/>
            <line number="15" hits="1" branch="false"/>
            <line number="16" hits="1" branch="false"/>
            <line number="17" hits="1" branch="false"/>
            <line number="18" hits="1" branch="false"/>
            <line number="19" hits="1" branch="false"/>
            <line number="20" hits="1" branch="false"/>
            <line number="21" hits="1" branch="false"/>
            <line number="22" hits="1" branch="false"/>
            <line number="23" hits="1" branch="false"/>
            <line number="24" hits="1" branch="false"/>
            <line number="25" hits="1" branch="false"/>
            <line number="26" hits="1" branch="false"/>
            <line number="27" hits="1" branch="false"/>
            <line number="28" hits="1" branch="false"/>
            <line number="29" hits="1" branch="false"/>
            <line number="30" hits="1" branch="false"/>
            <line number="31" hits="1" branch="false"/>
            <line number="32" hits="1" branch="true" condition-coverage="100% (1/1)"/>
            <line number="33" hits="2" branch="false"/>
            <line number="34" hits="2" branch="true" condition-coverage="0% (0/1)"/>
            <line number="35" hits="2" branch="false"/>
            <line number="36" hits="2" branch="false"/>
            <line number="37" hits="2" branch="false"/>
            <line number="38" hits="2" branch="false"/>
            <line number="39" hits="1" branch="false"/>
            <line number="40" hits="1" branch="true" condition-coverage="100% (1/1)"/>
            <line number="41" hits="10" branch="false"/>
            <line number="42" hits="10" branch="true" condition-coverage="100% (2/2)"/>
            <line number="43" hits="10" branch="false"/>
            <line number="44" hits="10" branch="false"/>
            <line number="45" hits="10" branch="false"/>
            <line number="46" hits="10" branch="false"/>
            <line number="47" hits="1" branch="false"/>
            <line number="48" hits="1" branch="true" condition-coverage="100% (1/1)"/>
            <line number="49" hits="4" branch="false"/>
            <line number="50" hits="4" branch="true" condition-coverage="0% (0/1)"/>
            <line number="51" hits="4" branch="false"/>
            <line number="52" hits="4" branch="false"/>
            <line number="53" hits="4" branch="false"/>
            <line number="54" hits="4" branch="false"/>
            <line number="55" hits="1" branch="false"/>
            <line number="56" hits="1" branch="true" condition-coverage="100% (1/1)"/>
            <line number="57" hits="4" branch="false"/>
            <line number="58" hits="4" branch="true" condition-coverage="0% (0/1)"/>
            <line number="59" hits="4" branch="false"/>
            <line number="60" hits="4" branch="false"/>
            <line number="61" hits="4" branch="false"/>
            <line number="62" hits="4" branch="false"/>
          </lines>
        </class>
        <class name="useKPIsGerente.ts" filename="src\hooks\useKPIsGerente.ts" line-rate="1" branch-rate="1">
          <methods>
            <method name="useKPIsGerente" hits="16" signature="()V">
              <lines>
                <line number="42" hits="16"/>
              </lines>
            </method>
            <method name="useChurnAtRisk" hits="8" signature="()V">
              <lines>
                <line number="50" hits="8"/>
              </lines>
            </method>
            <method name="useIngresosMensuales" hits="6" signature="()V">
              <lines>
                <line number="58" hits="6"/>
              </lines>
            </method>
          </methods>
          <lines>
            <line number="1" hits="1" branch="false"/>
            <line number="2" hits="1" branch="false"/>
            <line number="3" hits="1" branch="false"/>
            <line number="4" hits="1" branch="false"/>
            <line number="5" hits="1" branch="false"/>
            <line number="6" hits="1" branch="false"/>
            <line number="7" hits="1" branch="false"/>
            <line number="8" hits="1" branch="false"/>
            <line number="9" hits="1" branch="false"/>
            <line number="10" hits="1" branch="false"/>
            <line number="11" hits="1" branch="false"/>
            <line number="12" hits="1" branch="false"/>
            <line number="13" hits="1" branch="false"/>
            <line number="14" hits="1" branch="false"/>
            <line number="15" hits="1" branch="false"/>
            <line number="16" hits="1" branch="false"/>
            <line number="17" hits="1" branch="false"/>
            <line number="18" hits="1" branch="false"/>
            <line number="19" hits="1" branch="false"/>
            <line number="20" hits="1" branch="false"/>
            <line number="21" hits="1" branch="false"/>
            <line number="22" hits="1" branch="false"/>
            <line number="23" hits="1" branch="false"/>
            <line number="24" hits="1" branch="false"/>
            <line number="25" hits="1" branch="false"/>
            <line number="26" hits="1" branch="false"/>
            <line number="27" hits="1" branch="false"/>
            <line number="28" hits="1" branch="false"/>
            <line number="29" hits="1" branch="false"/>
            <line number="30" hits="1" branch="false"/>
            <line number="31" hits="1" branch="false"/>
            <line number="32" hits="1" branch="false"/>
            <line number="33" hits="1" branch="false"/>
            <line number="34" hits="1" branch="false"/>
            <line number="35" hits="1" branch="false"/>
            <line number="36" hits="1" branch="false"/>
            <line number="37" hits="1" branch="false"/>
            <line number="38" hits="1" branch="false"/>
            <line number="39" hits="1" branch="false"/>
            <line number="40" hits="1" branch="false"/>
            <line number="41" hits="1" branch="false"/>
            <line number="42" hits="1" branch="true" condition-coverage="100% (1/1)"/>
            <line number="43" hits="16" branch="false"/>
            <line number="44" hits="16" branch="true" condition-coverage="100% (2/2)"/>
            <line number="45" hits="16" branch="false"/>
            <line number="46" hits="16" branch="false"/>
            <line number="47" hits="16" branch="false"/>
            <line number="48" hits="16" branch="false"/>
            <line number="49" hits="1" branch="false"/>
            <line number="50" hits="1" branch="true" condition-coverage="100% (1/1)"/>
            <line number="51" hits="8" branch="false"/>
            <line number="52" hits="8" branch="true" condition-coverage="100% (2/2)"/>
            <line number="53" hits="8" branch="false"/>
            <line number="54" hits="8" branch="false"/>
            <line number="55" hits="8" branch="false"/>
            <line number="56" hits="8" branch="false"/>
            <line number="57" hits="1" branch="false"/>
            <line number="58" hits="1" branch="true" condition-coverage="100% (1/1)"/>
            <line number="59" hits="6" branch="false"/>
            <line number="60" hits="6" branch="true" condition-coverage="100% (2/2)"/>
            <line number="61" hits="6" branch="false"/>
            <line number="62" hits="6" branch="false"/>
            <line number="63" hits="6" branch="false"/>
            <line number="64" hits="6" branch="false"/>
          </lines>
        </class>
        <class name="useMiembros.ts" filename="src\hooks\useMiembros.ts" line-rate="1" branch-rate="0.5555">
          <methods>
            <method name="useMiembros" hits="14" signature="()V">
              <lines>
                <line number="30" hits="14"/>
              </lines>
            </method>
            <method name="data" hits="0" signature="()V">
              <lines>
                <line number="33" hits="0"/>
              </lines>
            </method>
            <method name="usePagosPendientes" hits="4" signature="()V">
              <lines>
                <line number="42" hits="4"/>
              </lines>
            </method>
            <method name="usePagosHoy" hits="4" signature="()V">
              <lines>
                <line number="57" hits="4"/>
              </lines>
            </method>
          </methods>
          <lines>
            <line number="1" hits="1" branch="false"/>
            <line number="2" hits="1" branch="false"/>
            <line number="3" hits="1" branch="false"/>
            <line number="4" hits="1" branch="false"/>
            <line number="5" hits="1" branch="false"/>
            <line number="6" hits="1" branch="false"/>
            <line number="7" hits="1" branch="false"/>
            <line number="8" hits="1" branch="false"/>
            <line number="9" hits="1" branch="false"/>
            <line number="10" hits="1" branch="false"/>
            <line number="11" hits="1" branch="false"/>
            <line number="12" hits="1" branch="false"/>
            <line number="13" hits="1" branch="false"/>
            <line number="14" hits="1" branch="false"/>
            <line number="15" hits="1" branch="false"/>
            <line number="16" hits="1" branch="false"/>
            <line number="17" hits="1" branch="false"/>
            <line number="18" hits="1" branch="false"/>
            <line number="19" hits="1" branch="false"/>
            <line number="20" hits="1" branch="false"/>
            <line number="21" hits="1" branch="false"/>
            <line number="22" hits="1" branch="false"/>
            <line number="23" hits="1" branch="false"/>
            <line number="24" hits="1" branch="false"/>
            <line number="25" hits="1" branch="false"/>
            <line number="26" hits="1" branch="false"/>
            <line number="27" hits="1" branch="false"/>
            <line number="28" hits="1" branch="false"/>
            <line number="29" hits="1" branch="false"/>
            <line number="30" hits="1" branch="true" condition-coverage="100% (1/1)"/>
            <line number="31" hits="14" branch="false"/>
            <line number="32" hits="14" branch="true" condition-coverage="100% (1/1)"/>
            <line number="33" hits="12" branch="true" condition-coverage="100% (1/1)"/>
            <line number="34" hits="2" branch="false"/>
            <line number="35" hits="14" branch="false"/>
            <line number="36" hits="14" branch="false"/>
            <line number="37" hits="14" branch="false"/>
            <line number="38" hits="14" branch="false"/>
            <line number="39" hits="14" branch="true" condition-coverage="0% (0/2)"/>
            <line number="40" hits="14" branch="false"/>
            <line number="41" hits="1" branch="false"/>
            <line number="42" hits="1" branch="true" condition-coverage="100% (1/1)"/>
            <line number="43" hits="4" branch="false"/>
            <line number="44" hits="4" branch="true" condition-coverage="0% (0/1)"/>
            <line number="45" hits="4" branch="false"/>
            <line number="46" hits="4" branch="false"/>
            <line number="47" hits="4" branch="false"/>
            <line number="48" hits="4" branch="false"/>
            <line number="49" hits="1" branch="false"/>
            <line number="50" hits="1" branch="false"/>
            <line number="51" hits="1" branch="false"/>
            <line number="52" hits="1" branch="false"/>
            <line number="53" hits="1" branch="false"/>
            <line number="54" hits="1" branch="false"/>
            <line number="55" hits="1" branch="false"/>
            <line number="56" hits="1" branch="false"/>
            <line number="57" hits="1" branch="true" condition-coverage="100% (1/1)"/>
            <line number="58" hits="4" branch="false"/>
            <line number="59" hits="4" branch="false"/>
            <line number="60" hits="4" branch="false"/>
            <line number="61" hits="4" branch="false"/>
            <line number="62" hits="4" branch="false"/>
            <line number="63" hits="4" branch="true" condition-coverage="0% (0/1)"/>
            <line number="64" hits="4" branch="false"/>
            <line number="65" hits="4" branch="false"/>
            <line number="66" hits="4" branch="false"/>
            <line number="67" hits="4" branch="false"/>
          </lines>
        </class>
        <class name="usePlanes.ts" filename="src\hooks\usePlanes.ts" line-rate="1" branch-rate="1">
          <methods>
            <method name="usePlanes" hits="20" signature="()V">
              <lines>
                <line number="13" hits="20"/>
              </lines>
            </method>
          </methods>
          <lines>
            <line number="1" hits="1" branch="false"/>
            <line number="2" hits="1" branch="false"/>
            <line number="3" hits="1" branch="false"/>
            <line number="4" hits="1" branch="false"/>
            <line number="5" hits="1" branch="false"/>
            <line number="6" hits="1" branch="false"/>
            <line number="7" hits="1" branch="false"/>
            <line number="8" hits="1" branch="false"/>
            <line number="9" hits="1" branch="false"/>
            <line number="10" hits="1" branch="false"/>
            <line number="11" hits="1" branch="false"/>
            <line number="12" hits="1" branch="false"/>
            <line number="13" hits="1" branch="true" condition-coverage="100% (1/1)"/>
            <line number="14" hits="20" branch="false"/>
            <line number="15" hits="20" branch="true" condition-coverage="100% (2/2)"/>
            <line number="16" hits="20" branch="false"/>
            <line number="17" hits="20" branch="false"/>
            <line number="18" hits="20" branch="false"/>
            <line number="19" hits="20" branch="false"/>
          </lines>
        </class>
      </classes>
    </package>
    <package name="lib" line-rate="1" branch-rate="0.9166">
      <classes>
        <class name="auth.ts" filename="src\lib\auth.ts" line-rate="1" branch-rate="0.9166">
          <methods>
            <method name="authenticateDemo" hits="10" signature="()V">
              <lines>
                <line number="121" hits="10"/>
              </lines>
            </method>
            <method name="saveSession" hits="3" signature="()V">
              <lines>
                <line number="132" hits="3"/>
              </lines>
            </method>
            <method name="getSession" hits="5" signature="()V">
              <lines>
                <line number="138" hits="5"/>
              </lines>
            </method>
            <method name="clearSession" hits="6" signature="()V">
              <lines>
                <line number="150" hits="6"/>
              </lines>
            </method>
          </methods>
          <lines>
            <line number="1" hits="1" branch="false"/>
            <line number="2" hits="1" branch="false"/>
            <line number="3" hits="1" branch="false"/>
            <line number="4" hits="1" branch="false"/>
            <line number="5" hits="1" branch="false"/>
            <line number="6" hits="1" branch="false"/>
            <line number="7" hits="1" branch="false"/>
            <line number="8" hits="1" branch="false"/>
            <line number="9" hits="1" branch="false"/>
            <line number="10" hits="1" branch="false"/>
            <line number="11" hits="1" branch="false"/>
            <line number="12" hits="1" branch="false"/>
            <line number="13" hits="1" branch="false"/>
            <line number="14" hits="1" branch="false"/>
            <line number="15" hits="1" branch="false"/>
            <line number="16" hits="1" branch="false"/>
            <line number="17" hits="1" branch="false"/>
            <line number="18" hits="1" branch="false"/>
            <line number="19" hits="1" branch="false"/>
            <line number="20" hits="1" branch="false"/>
            <line number="21" hits="1" branch="false"/>
            <line number="22" hits="1" branch="false"/>
            <line number="23" hits="1" branch="false"/>
            <line number="24" hits="1" branch="false"/>
            <line number="25" hits="1" branch="false"/>
            <line number="26" hits="1" branch="false"/>
            <line number="27" hits="1" branch="false"/>
            <line number="28" hits="1" branch="false"/>
            <line number="29" hits="1" branch="false"/>
            <line number="30" hits="1" branch="false"/>
            <line number="31" hits="1" branch="false"/>
            <line number="32" hits="1" branch="false"/>
            <line number="33" hits="1" branch="false"/>
            <line number="34" hits="1" branch="false"/>
            <line number="35" hits="1" branch="false"/>
            <line number="36" hits="1" branch="false"/>
            <line number="37" hits="1" branch="false"/>
            <line number="38" hits="1" branch="false"/>
            <line number="39" hits="1" branch="false"/>
            <line number="40" hits="1" branch="false"/>
            <line number="41" hits="1" branch="false"/>
            <line number="42" hits="1" branch="false"/>
            <line number="43" hits="1" branch="false"/>
            <line number="44" hits="1" branch="false"/>
            <line number="45" hits="1" branch="false"/>
            <line number="46" hits="1" branch="false"/>
            <line number="47" hits="1" branch="false"/>
            <line number="48" hits="1" branch="false"/>
            <line number="49" hits="1" branch="false"/>
            <line number="50" hits="1" branch="false"/>
            <line number="51" hits="1" branch="false"/>
            <line number="52" hits="1" branch="false"/>
            <line number="53" hits="1" branch="false"/>
            <line number="54" hits="1" branch="false"/>
            <line number="55" hits="1" branch="false"/>
            <line number="56" hits="1" branch="false"/>
            <line number="57" hits="1" branch="false"/>
            <line number="58" hits="1" branch="false"/>
            <line number="59" hits="1" branch="false"/>
            <line number="60" hits="1" branch="false"/>
            <line number="61" hits="1" branch="false"/>
            <line number="62" hits="1" branch="false"/>
            <line number="63" hits="1" branch="false"/>
            <line number="64" hits="1" branch="false"/>
            <line number="65" hits="1" branch="false"/>
            <line number="66" hits="1" branch="false"/>
            <line number="67" hits="1" branch="false"/>
            <line number="68" hits="1" branch="false"/>
            <line number="69" hits="1" branch="false"/>
            <line number="70" hits="1" branch="false"/>
            <line number="71" hits="1" branch="false"/>
            <line number="72" hits="1" branch="false"/>
            <line number="73" hits="1" branch="false"/>
            <line number="74" hits="1" branch="false"/>
            <line number="75" hits="1" branch="false"/>
            <line number="76" hits="1" branch="false"/>
            <line number="77" hits="1" branch="false"/>
            <line number="78" hits="1" branch="false"/>
            <line number="79" hits="1" branch="false"/>
            <line number="80" hits="1" branch="false"/>
            <line number="81" hits="1" branch="false"/>
            <line number="82" hits="1" branch="false"/>
            <line number="83" hits="1" branch="false"/>
            <line number="84" hits="1" branch="false"/>
            <line number="85" hits="1" branch="false"/>
            <line number="86" hits="1" branch="false"/>
            <line number="87" hits="1" branch="false"/>
            <line number="88" hits="1" branch="false"/>
            <line number="89" hits="1" branch="false"/>
            <line number="90" hits="1" branch="false"/>
            <line number="91" hits="1" branch="false"/>
            <line number="92" hits="1" branch="false"/>
            <line number="93" hits="1" branch="false"/>
            <line number="94" hits="1" branch="false"/>
            <line number="95" hits="1" branch="false"/>
            <line number="96" hits="1" branch="false"/>
            <line number="97" hits="1" branch="false"/>
            <line number="98" hits="1" branch="false"/>
            <line number="99" hits="1" branch="false"/>
            <line number="100" hits="1" branch="false"/>
            <line number="101" hits="1" branch="false"/>
            <line number="102" hits="1" branch="false"/>
            <line number="103" hits="1" branch="false"/>
            <line number="104" hits="1" branch="false"/>
            <line number="105" hits="1" branch="false"/>
            <line number="106" hits="1" branch="false"/>
            <line number="107" hits="1" branch="false"/>
            <line number="108" hits="1" branch="false"/>
            <line number="109" hits="1" branch="false"/>
            <line number="110" hits="1" branch="false"/>
            <line number="111" hits="1" branch="false"/>
            <line number="112" hits="1" branch="false"/>
            <line number="113" hits="1" branch="false"/>
            <line number="114" hits="1" branch="false"/>
            <line number="115" hits="1" branch="false"/>
            <line number="116" hits="1" branch="false"/>
            <line number="117" hits="1" branch="false"/>
            <line number="118" hits="1" branch="false"/>
            <line number="119" hits="1" branch="false"/>
            <line number="120" hits="1" branch="false"/>
            <line number="121" hits="1" branch="true" condition-coverage="100% (1/1)"/>
            <line number="122" hits="10" branch="false"/>
            <line number="123" hits="10" branch="true" condition-coverage="100% (3/3)"/>
            <line number="124" hits="10" branch="true" condition-coverage="50% (1/2)"/>
            <line number="125" hits="8" branch="false"/>
            <line number="126" hits="8" branch="false"/>
            <line number="127" hits="8" branch="false"/>
            <line number="128" hits="1" branch="false"/>
            <line number="129" hits="1" branch="false"/>
            <line number="130" hits="1" branch="false"/>
            <line number="131" hits="1" branch="false"/>
            <line number="132" hits="1" branch="true" condition-coverage="100% (1/1)"/>
            <line number="133" hits="3" branch="false"/>
            <line number="134" hits="3" branch="false"/>
            <line number="135" hits="3" branch="false"/>
            <line number="136" hits="3" branch="false"/>
            <line number="137" hits="1" branch="false"/>
            <line number="138" hits="1" branch="true" condition-coverage="100% (1/1)"/>
            <line number="139" hits="5" branch="false"/>
            <line number="140" hits="5" branch="false"/>
            <line number="141" hits="5" branch="false"/>
            <line number="142" hits="5" branch="true" condition-coverage="100% (1/1)"/>
            <line number="143" hits="5" branch="true" condition-coverage="100% (1/1)"/>
            <line number="144" hits="1" branch="false"/>
            <line number="145" hits="1" branch="false"/>
            <line number="146" hits="5" branch="true" condition-coverage="100% (1/1)"/>
            <line number="147" hits="2" branch="false"/>
            <line number="148" hits="2" branch="false"/>
            <line number="149" hits="1" branch="false"/>
            <line number="150" hits="1" branch="true" condition-coverage="100% (1/1)"/>
            <line number="151" hits="6" branch="false"/>
            <line number="152" hits="6" branch="false"/>
            <line number="153" hits="6" branch="false"/>
            <line number="154" hits="6" branch="false"/>
          </lines>
        </class>
      </classes>
    </package>
    <package name="lib.services" line-rate="0.7998000000000001" branch-rate="0.4672">
      <classes>
        <class name="accesos.service.ts" filename="src\lib\services\accesos.service.ts" line-rate="0.6503" branch-rate="0.41659999999999997">
          <methods>
            <method name="getAccesosRecientes" hits="2" signature="()V">
              <lines>
                <line number="16" hits="2"/>
              </lines>
            </method>
            <method name="contarAccesosHoy" hits="3" signature="()V">
              <lines>
                <line number="63" hits="3"/>
              </lines>
            </method>
            <method name="registrarAcceso" hits="0" signature="()V">
              <lines>
                <line number="85" hits="0"/>
              </lines>
            </method>
            <method name="registrarSalida" hits="1" signature="()V">
              <lines>
                <line number="114" hits="1"/>
              </lines>
            </method>
            <method name="getHistorialAccesoMiembro" hits="2" signature="()V">
              <lines>
                <line number="123" hits="2"/>
              </lines>
            </method>
          </methods>
          <lines>
            <line number="1" hits="1" branch="false"/>
            <line number="2" hits="1" branch="false"/>
            <line number="3" hits="1" branch="false"/>
            <line number="4" hits="1" branch="false"/>
            <line number="5" hits="1" branch="false"/>
            <line number="6" hits="1" branch="false"/>
            <line number="7" hits="1" branch="false"/>
            <line number="8" hits="1" branch="false"/>
            <line number="9" hits="1" branch="false"/>
            <line number="10" hits="1" branch="false"/>
            <line number="11" hits="1" branch="false"/>
            <line number="12" hits="1" branch="false"/>
            <line number="13" hits="1" branch="false"/>
            <line number="14" hits="1" branch="false"/>
            <line number="15" hits="1" branch="false"/>
            <line number="16" hits="1" branch="true" condition-coverage="100% (1/1)"/>
            <line number="17" hits="2" branch="false"/>
            <line number="18" hits="2" branch="false"/>
            <line number="19" hits="2" branch="false"/>
            <line number="20" hits="2" branch="false"/>
            <line number="21" hits="2" branch="false"/>
            <line number="22" hits="2" branch="false"/>
            <line number="23" hits="2" branch="false"/>
            <line number="24" hits="2" branch="false"/>
            <line number="25" hits="2" branch="false"/>
            <line number="26" hits="2" branch="false"/>
            <line number="27" hits="2" branch="false"/>
            <line number="28" hits="2" branch="false"/>
            <line number="29" hits="2" branch="false"/>
            <line number="30" hits="2" branch="false"/>
            <line number="31" hits="2" branch="false"/>
            <line number="32" hits="2" branch="false"/>
            <line number="33" hits="2" branch="false"/>
            <line number="34" hits="2" branch="false"/>
            <line number="35" hits="2" branch="false"/>
            <line number="36" hits="2" branch="false"/>
            <line number="37" hits="2" branch="true" condition-coverage="100% (1/1)"/>
            <line number="38" hits="2" branch="false"/>
            <line number="39" hits="2" branch="true" condition-coverage="0% (0/1)"/>
            <line number="40" hits="2" branch="false"/>
            <line number="41" hits="2" branch="true" condition-coverage="0% (0/1)"/>
            <line number="42" hits="0" branch="false"/>
            <line number="43" hits="0" branch="false"/>
            <line number="44" hits="0" branch="false"/>
            <line number="45" hits="0" branch="false"/>
            <line number="46" hits="0" branch="false"/>
            <line number="47" hits="0" branch="false"/>
            <line number="48" hits="0" branch="false"/>
            <line number="49" hits="0" branch="false"/>
            <line number="50" hits="0" branch="false"/>
            <line number="51" hits="0" branch="false"/>
            <line number="52" hits="0" branch="false"/>
            <line number="53" hits="0" branch="false"/>
            <line number="54" hits="0" branch="false"/>
            <line number="55" hits="0" branch="false"/>
            <line number="56" hits="0" branch="false"/>
            <line number="57" hits="0" branch="false"/>
            <line number="58" hits="0" branch="false"/>
            <line number="59" hits="0" branch="false"/>
            <line number="60" hits="0" branch="false"/>
            <line number="61" hits="2" branch="false"/>
            <line number="62" hits="1" branch="false"/>
            <line number="63" hits="1" branch="true" condition-coverage="100% (1/1)"/>
            <line number="64" hits="3" branch="false"/>
            <line number="65" hits="3" branch="false"/>
            <line number="66" hits="3" branch="false"/>
            <line number="67" hits="3" branch="false"/>
            <line number="68" hits="3" branch="false"/>
            <line number="69" hits="3" branch="false"/>
            <line number="70" hits="3" branch="false"/>
            <line number="71" hits="3" branch="false"/>
            <line number="72" hits="3" branch="false"/>
            <line number="73" hits="3" branch="false"/>
            <line number="74" hits="3" branch="true" condition-coverage="0% (0/1)"/>
            <line number="75" hits="3" branch="false"/>
            <line number="76" hits="3" branch="true" condition-coverage="0% (0/1)"/>
            <line number="77" hits="3" branch="false"/>
            <line number="78" hits="3" branch="false"/>
            <line number="79" hits="3" branch="false"/>
            <line number="80" hits="3" branch="false"/>
            <line number="81" hits="3" branch="false"/>
            <line number="82" hits="3" branch="false"/>
            <line number="83" hits="3" branch="false"/>
            <line number="84" hits="1" branch="false"/>
            <line number="85" hits="1" branch="false"/>
            <line number="86" hits="0" branch="false"/>
            <line number="87" hits="0" branch="false"/>
            <line number="88" hits="0" branch="false"/>
            <line number="89" hits="0" branch="false"/>
            <line number="90" hits="0" branch="false"/>
            <line number="91" hits="0" branch="false"/>
            <line number="92" hits="0" branch="false"/>
            <line number="93" hits="0" branch="false"/>
            <line number="94" hits="0" branch="false"/>
            <line number="95" hits="0" branch="false"/>
            <line number="96" hits="0" branch="false"/>
            <line number="97" hits="0" branch="false"/>
            <line number="98" hits="0" branch="false"/>
            <line number="99" hits="0" branch="false"/>
            <line number="100" hits="0" branch="false"/>
            <line number="101" hits="0" branch="false"/>
            <line number="102" hits="0" branch="false"/>
            <line number="103" hits="0" branch="false"/>
            <line number="104" hits="0" branch="false"/>
            <line number="105" hits="0" branch="false"/>
            <line number="106" hits="0" branch="false"/>
            <line number="107" hits="0" branch="false"/>
            <line number="108" hits="0" branch="false"/>
            <line number="109" hits="0" branch="false"/>
            <line number="110" hits="0" branch="false"/>
            <line number="111" hits="0" branch="false"/>
            <line number="112" hits="0" branch="false"/>
            <line number="113" hits="1" branch="false"/>
            <line number="114" hits="1" branch="true" condition-coverage="100% (1/1)"/>
            <line number="115" hits="1" branch="false"/>
            <line number="116" hits="1" branch="false"/>
            <line number="117" hits="1" branch="false"/>
            <line number="118" hits="1" branch="false"/>
            <line number="119" hits="1" branch="false"/>
            <line number="120" hits="1" branch="true" condition-coverage="0% (0/1)"/>
            <line number="121" hits="1" branch="false"/>
            <line number="122" hits="1" branch="false"/>
            <line number="123" hits="1" branch="true" condition-coverage="100% (1/1)"/>
            <line number="124" hits="2" branch="false"/>
            <line number="125" hits="2" branch="false"/>
            <line number="126" hits="2" branch="false"/>
            <line number="127" hits="2" branch="false"/>
            <line number="128" hits="2" branch="false"/>
            <line number="129" hits="2" branch="false"/>
            <line number="130" hits="2" branch="false"/>
            <line number="131" hits="2" branch="false"/>
            <line number="132" hits="2" branch="false"/>
            <line number="133" hits="2" branch="false"/>
            <line number="134" hits="2" branch="false"/>
            <line number="135" hits="2" branch="false"/>
            <line number="136" hits="2" branch="true" condition-coverage="0% (0/1)"/>
            <line number="137" hits="2" branch="false"/>
            <line number="138" hits="2" branch="true" condition-coverage="0% (0/1)"/>
            <line number="139" hits="0" branch="false"/>
            <line number="140" hits="0" branch="false"/>
            <line number="141" hits="0" branch="false"/>
            <line number="142" hits="0" branch="false"/>
            <line number="143" hits="2" branch="false"/>
          </lines>
        </class>
        <class name="base.ts" filename="src\lib\services\base.ts" line-rate="0.6896" branch-rate="1">
          <methods>
            <method name="ServiceError" hits="0" signature="()V">
              <lines>
                <line number="6" hits="0"/>
              </lines>
            </method>
            <method name="handleSupabaseError" hits="0" signature="()V">
              <lines>
                <line number="16" hits="0"/>
              </lines>
            </method>
          </methods>
          <lines>
            <line number="1" hits="1" branch="false"/>
            <line number="2" hits="1" branch="false"/>
            <line number="3" hits="1" branch="false"/>
            <line number="4" hits="1" branch="false"/>
            <line number="5" hits="1" branch="false"/>
            <line number="6" hits="1" branch="false"/>
            <line number="7" hits="0" branch="false"/>
            <line number="8" hits="0" branch="false"/>
            <line number="9" hits="0" branch="false"/>
            <line number="10" hits="0" branch="false"/>
            <line number="11" hits="0" branch="false"/>
            <line number="12" hits="0" branch="false"/>
            <line number="13" hits="0" branch="false"/>
            <line number="14" hits="1" branch="false"/>
            <line number="15" hits="1" branch="false"/>
            <line number="16" hits="1" branch="false"/>
            <line number="17" hits="0" branch="false"/>
            <line number="18" hits="0" branch="false"/>
            <line number="19" hits="1" branch="false"/>
            <line number="20" hits="1" branch="false"/>
            <line number="21" hits="1" branch="false"/>
            <line number="22" hits="1" branch="false"/>
            <line number="23" hits="1" branch="false"/>
            <line number="24" hits="1" branch="false"/>
            <line number="25" hits="1" branch="false"/>
            <line number="26" hits="1" branch="false"/>
            <line number="27" hits="1" branch="false"/>
            <line number="28" hits="1" branch="false"/>
            <line number="29" hits="1" branch="false"/>
          </lines>
        </class>
        <class name="clases.service.ts" filename="src\lib\services\clases.service.ts" line-rate="0.6136" branch-rate="0.5714">
          <methods>
            <method name="getClasesPorGimnasio" hits="3" signature="()V">
              <lines>
                <line number="32" hits="3"/>
              </lines>
            </method>
            <method name="getClasesHoy" hits="1" signature="()V">
              <lines>
                <line number="79" hits="1"/>
              </lines>
            </method>
            <method name="getClasesDelEntrenador" hits="0" signature="()V">
              <lines>
                <line number="83" hits="0"/>
              </lines>
            </method>
            <method name="inscribirseEnClase" hits="0" signature="()V">
              <lines>
                <line number="115" hits="0"/>
              </lines>
            </method>
            <method name="cancelarInscripcion" hits="1" signature="()V">
              <lines>
                <line number="126" hits="1"/>
              </lines>
            </method>
            <method name="getInscripcionesDelMiembro" hits="1" signature="()V">
              <lines>
                <line number="136" hits="1"/>
              </lines>
            </method>
            <method name="crearClase" hits="0" signature="()V">
              <lines>
                <line number="147" hits="0"/>
              </lines>
            </method>
            <method name="actualizarEstadoClase" hits="4" signature="()V">
              <lines>
                <line number="170" hits="4"/>
              </lines>
            </method>
          </methods>
          <lines>
            <line number="1" hits="1" branch="false"/>
            <line number="2" hits="1" branch="false"/>
            <line number="3" hits="1" branch="false"/>
            <line number="4" hits="1" branch="false"/>
            <line number="5" hits="1" branch="false"/>
            <line number="6" hits="1" branch="false"/>
            <line number="7" hits="1" branch="false"/>
            <line number="8" hits="1" branch="false"/>
            <line number="9" hits="1" branch="false"/>
            <line number="10" hits="1" branch="false"/>
            <line number="11" hits="1" branch="false"/>
            <line number="12" hits="1" branch="false"/>
            <line number="13" hits="1" branch="false"/>
            <line number="14" hits="1" branch="false"/>
            <line number="15" hits="1" branch="false"/>
            <line number="16" hits="1" branch="false"/>
            <line number="17" hits="1" branch="false"/>
            <line number="18" hits="1" branch="false"/>
            <line number="19" hits="1" branch="false"/>
            <line number="20" hits="1" branch="false"/>
            <line number="21" hits="1" branch="false"/>
            <line number="22" hits="1" branch="false"/>
            <line number="23" hits="1" branch="false"/>
            <line number="24" hits="1" branch="false"/>
            <line number="25" hits="1" branch="false"/>
            <line number="26" hits="1" branch="false"/>
            <line number="27" hits="1" branch="false"/>
            <line number="28" hits="1" branch="false"/>
            <line number="29" hits="1" branch="false"/>
            <line number="30" hits="1" branch="false"/>
            <line number="31" hits="1" branch="false"/>
            <line number="32" hits="1" branch="true" condition-coverage="100% (1/1)"/>
            <line number="33" hits="3" branch="false"/>
            <line number="34" hits="3" branch="false"/>
            <line number="35" hits="3" branch="false"/>
            <line number="36" hits="3" branch="false"/>
            <line number="37" hits="3" branch="false"/>
            <line number="38" hits="3" branch="false"/>
            <line number="39" hits="3" branch="false"/>
            <line number="40" hits="3" branch="false"/>
            <line number="41" hits="3" branch="false"/>
            <line number="42" hits="3" branch="false"/>
            <line number="43" hits="3" branch="false"/>
            <line number="44" hits="3" branch="false"/>
            <line number="45" hits="3" branch="false"/>
            <line number="46" hits="3" branch="false"/>
            <line number="47" hits="3" branch="false"/>
            <line number="48" hits="3" branch="false"/>
            <line number="49" hits="3" branch="false"/>
            <line number="50" hits="3" branch="false"/>
            <line number="51" hits="3" branch="true" condition-coverage="100% (1/1)"/>
            <line number="52" hits="3" branch="true" condition-coverage="100% (1/1)"/>
            <line number="53" hits="2" branch="false"/>
            <line number="54" hits="2" branch="false"/>
            <line number="55" hits="2" branch="false"/>
            <line number="56" hits="2" branch="false"/>
            <line number="57" hits="2" branch="false"/>
            <line number="58" hits="2" branch="false"/>
            <line number="59" hits="2" branch="false"/>
            <line number="60" hits="2" branch="false"/>
            <line number="61" hits="3" branch="false"/>
            <line number="62" hits="3" branch="false"/>
            <line number="63" hits="3" branch="true" condition-coverage="100% (1/1)"/>
            <line number="64" hits="3" branch="false"/>
            <line number="65" hits="3" branch="false"/>
            <line number="66" hits="3" branch="true" condition-coverage="0% (0/1)"/>
            <line number="67" hits="3" branch="false"/>
            <line number="68" hits="3" branch="true" condition-coverage="0% (0/1)"/>
            <line number="69" hits="0" branch="false"/>
            <line number="70" hits="0" branch="false"/>
            <line number="71" hits="0" branch="false"/>
            <line number="72" hits="0" branch="false"/>
            <line number="73" hits="0" branch="false"/>
            <line number="74" hits="0" branch="false"/>
            <line number="75" hits="0" branch="false"/>
            <line number="76" hits="0" branch="false"/>
            <line number="77" hits="3" branch="false"/>
            <line number="78" hits="1" branch="false"/>
            <line number="79" hits="1" branch="true" condition-coverage="100% (1/1)"/>
            <line number="80" hits="1" branch="false"/>
            <line number="81" hits="1" branch="false"/>
            <line number="82" hits="1" branch="false"/>
            <line number="83" hits="1" branch="false"/>
            <line number="84" hits="0" branch="false"/>
            <line number="85" hits="0" branch="false"/>
            <line number="86" hits="0" branch="false"/>
            <line number="87" hits="0" branch="false"/>
            <line number="88" hits="0" branch="false"/>
            <line number="89" hits="0" branch="false"/>
            <line number="90" hits="0" branch="false"/>
            <line number="91" hits="0" branch="false"/>
            <line number="92" hits="0" branch="false"/>
            <line number="93" hits="0" branch="false"/>
            <line number="94" hits="0" branch="false"/>
            <line number="95" hits="0" branch="false"/>
            <line number="96" hits="0" branch="false"/>
            <line number="97" hits="0" branch="false"/>
            <line number="98" hits="0" branch="false"/>
            <line number="99" hits="0" branch="false"/>
            <line number="100" hits="0" branch="false"/>
            <line number="101" hits="0" branch="false"/>
            <line number="102" hits="0" branch="false"/>
            <line number="103" hits="0" branch="false"/>
            <line number="104" hits="0" branch="false"/>
            <line number="105" hits="0" branch="false"/>
            <line number="106" hits="0" branch="false"/>
            <line number="107" hits="0" branch="false"/>
            <line number="108" hits="0" branch="false"/>
            <line number="109" hits="0" branch="false"/>
            <line number="110" hits="0" branch="false"/>
            <line number="111" hits="0" branch="false"/>
            <line number="112" hits="0" branch="false"/>
            <line number="113" hits="0" branch="false"/>
            <line number="114" hits="1" branch="false"/>
            <line number="115" hits="1" branch="false"/>
            <line number="116" hits="0" branch="false"/>
            <line number="117" hits="0" branch="false"/>
            <line number="118" hits="0" branch="false"/>
            <line number="119" hits="0" branch="false"/>
            <line number="120" hits="0" branch="false"/>
            <line number="121" hits="0" branch="false"/>
            <line number="122" hits="0" branch="false"/>
            <line number="123" hits="0" branch="false"/>
            <line number="124" hits="0" branch="false"/>
            <line number="125" hits="1" branch="false"/>
            <line number="126" hits="1" branch="true" condition-coverage="100% (1/1)"/>
            <line number="127" hits="1" branch="false"/>
            <line number="128" hits="1" branch="false"/>
            <line number="129" hits="1" branch="false"/>
            <line number="130" hits="1" branch="false"/>
            <line number="131" hits="1" branch="false"/>
            <line number="132" hits="1" branch="false"/>
            <line number="133" hits="1" branch="true" condition-coverage="0% (0/1)"/>
            <line number="134" hits="1" branch="false"/>
            <line number="135" hits="1" branch="false"/>
            <line number="136" hits="1" branch="true" condition-coverage="100% (1/1)"/>
            <line number="137" hits="1" branch="false"/>
            <line number="138" hits="1" branch="false"/>
            <line number="139" hits="1" branch="false"/>
            <line number="140" hits="1" branch="false"/>
            <line number="141" hits="1" branch="false"/>
            <line number="142" hits="1" branch="false"/>
            <line number="143" hits="1" branch="true" condition-coverage="0% (0/1)"/>
            <line number="144" hits="1" branch="true" condition-coverage="0% (0/1)"/>
            <line number="145" hits="1" branch="false"/>
            <line number="146" hits="1" branch="false"/>
            <line number="147" hits="1" branch="false"/>
            <line number="148" hits="0" branch="false"/>
            <line number="149" hits="0" branch="false"/>
            <line number="150" hits="0" branch="false"/>
            <line number="151" hits="0" branch="false"/>
            <line number="152" hits="0" branch="false"/>
            <line number="153" hits="0" branch="false"/>
            <line number="154" hits="0" branch="false"/>
            <line number="155" hits="0" branch="false"/>
            <line number="156" hits="0" branch="false"/>
            <line number="157" hits="0" branch="false"/>
            <line number="158" hits="0" branch="false"/>
            <line number="159" hits="0" branch="false"/>
            <line number="160" hits="0" branch="false"/>
            <line number="161" hits="0" branch="false"/>
            <line number="162" hits="0" branch="false"/>
            <line number="163" hits="0" branch="false"/>
            <line number="164" hits="0" branch="false"/>
            <line number="165" hits="0" branch="false"/>
            <line number="166" hits="0" branch="false"/>
            <line number="167" hits="0" branch="false"/>
            <line number="168" hits="0" branch="false"/>
            <line number="169" hits="1" branch="false"/>
            <line number="170" hits="1" branch="true" condition-coverage="100% (1/1)"/>
            <line number="171" hits="4" branch="false"/>
            <line number="172" hits="4" branch="false"/>
            <line number="173" hits="4" branch="false"/>
            <line number="174" hits="4" branch="false"/>
            <line number="175" hits="4" branch="true" condition-coverage="0% (0/1)"/>
            <line number="176" hits="4" branch="false"/>
          </lines>
        </class>
        <class name="dashboard.service.ts" filename="src\lib\services\dashboard.service.ts" line-rate="0.866" branch-rate="0.23070000000000002">
          <methods>
            <method name="getKPIsGerente" hits="4" signature="()V">
              <lines>
                <line number="31" hits="4"/>
              </lines>
            </method>
            <method name="getChurnAtRisk" hits="2" signature="()V">
              <lines>
                <line number="133" hits="2"/>
              </lines>
            </method>
            <method name="getIngresosPorMesGrafica" hits="3" signature="()V">
              <lines>
                <line number="176" hits="3"/>
              </lines>
            </method>
          </methods>
          <lines>
            <line number="1" hits="1" branch="false"/>
            <line number="2" hits="1" branch="false"/>
            <line number="3" hits="1" branch="false"/>
            <line number="4" hits="1" branch="false"/>
            <line number="5" hits="1" branch="false"/>
            <line number="6" hits="1" branch="false"/>
            <line number="7" hits="1" branch="false"/>
            <line number="8" hits="1" branch="false"/>
            <line number="9" hits="1" branch="false"/>
            <line number="10" hits="1" branch="false"/>
            <line number="11" hits="1" branch="false"/>
            <line number="12" hits="1" branch="false"/>
            <line number="13" hits="1" branch="false"/>
            <line number="14" hits="1" branch="false"/>
            <line number="15" hits="1" branch="false"/>
            <line number="16" hits="1" branch="false"/>
            <line number="17" hits="1" branch="false"/>
            <line number="18" hits="1" branch="false"/>
            <line number="19" hits="1" branch="false"/>
            <line number="20" hits="1" branch="false"/>
            <line number="21" hits="1" branch="false"/>
            <line number="22" hits="1" branch="false"/>
            <line number="23" hits="1" branch="false"/>
            <line number="24" hits="1" branch="false"/>
            <line number="25" hits="1" branch="false"/>
            <line number="26" hits="1" branch="false"/>
            <line number="27" hits="1" branch="false"/>
            <line number="28" hits="1" branch="false"/>
            <line number="29" hits="1" branch="false"/>
            <line number="30" hits="1" branch="false"/>
            <line number="31" hits="1" branch="true" condition-coverage="100% (1/1)"/>
            <line number="32" hits="4" branch="false"/>
            <line number="33" hits="4" branch="false"/>
            <line number="34" hits="4" branch="false"/>
            <line number="35" hits="4" branch="false"/>
            <line number="36" hits="4" branch="false"/>
            <line number="37" hits="4" branch="false"/>
            <line number="38" hits="4" branch="false"/>
            <line number="39" hits="4" branch="false"/>
            <line number="40" hits="4" branch="false"/>
            <line number="41" hits="4" branch="false"/>
            <line number="42" hits="4" branch="false"/>
            <line number="43" hits="4" branch="false"/>
            <line number="44" hits="4" branch="false"/>
            <line number="45" hits="4" branch="false"/>
            <line number="46" hits="4" branch="false"/>
            <line number="47" hits="4" branch="false"/>
            <line number="48" hits="4" branch="false"/>
            <line number="49" hits="4" branch="false"/>
            <line number="50" hits="4" branch="false"/>
            <line number="51" hits="4" branch="false"/>
            <line number="52" hits="4" branch="false"/>
            <line number="53" hits="4" branch="false"/>
            <line number="54" hits="4" branch="false"/>
            <line number="55" hits="4" branch="false"/>
            <line number="56" hits="4" branch="false"/>
            <line number="57" hits="4" branch="false"/>
            <line number="58" hits="4" branch="false"/>
            <line number="59" hits="4" branch="false"/>
            <line number="60" hits="4" branch="false"/>
            <line number="61" hits="4" branch="false"/>
            <line number="62" hits="4" branch="false"/>
            <line number="63" hits="4" branch="false"/>
            <line number="64" hits="4" branch="false"/>
            <line number="65" hits="4" branch="false"/>
            <line number="66" hits="4" branch="false"/>
            <line number="67" hits="4" branch="false"/>
            <line number="68" hits="4" branch="false"/>
            <line number="69" hits="4" branch="false"/>
            <line number="70" hits="4" branch="false"/>
            <line number="71" hits="4" branch="false"/>
            <line number="72" hits="4" branch="false"/>
            <line number="73" hits="4" branch="false"/>
            <line number="74" hits="4" branch="false"/>
            <line number="75" hits="4" branch="false"/>
            <line number="76" hits="4" branch="false"/>
            <line number="77" hits="4" branch="false"/>
            <line number="78" hits="4" branch="false"/>
            <line number="79" hits="4" branch="false"/>
            <line number="80" hits="4" branch="false"/>
            <line number="81" hits="4" branch="false"/>
            <line number="82" hits="4" branch="false"/>
            <line number="83" hits="4" branch="false"/>
            <line number="84" hits="4" branch="false"/>
            <line number="85" hits="4" branch="false"/>
            <line number="86" hits="4" branch="false"/>
            <line number="87" hits="4" branch="false"/>
            <line number="88" hits="4" branch="false"/>
            <line number="89" hits="4" branch="false"/>
            <line number="90" hits="4" branch="false"/>
            <line number="91" hits="4" branch="false"/>
            <line number="92" hits="4" branch="false"/>
            <line number="93" hits="4" branch="false"/>
            <line number="94" hits="4" branch="false"/>
            <line number="95" hits="4" branch="false"/>
            <line number="96" hits="4" branch="false"/>
            <line number="97" hits="4" branch="false"/>
            <line number="98" hits="4" branch="false"/>
            <line number="99" hits="4" branch="false"/>
            <line number="100" hits="4" branch="false"/>
            <line number="101" hits="4" branch="false"/>
            <line number="102" hits="4" branch="false"/>
            <line number="103" hits="4" branch="false"/>
            <line number="104" hits="4" branch="false"/>
            <line number="105" hits="4" branch="false"/>
            <line number="106" hits="4" branch="false"/>
            <line number="107" hits="4" branch="true" condition-coverage="0% (0/1)"/>
            <line number="108" hits="4" branch="true" condition-coverage="0% (0/1)"/>
            <line number="109" hits="4" branch="true" condition-coverage="0% (0/1)"/>
            <line number="110" hits="0" branch="false"/>
            <line number="111" hits="4" branch="false"/>
            <line number="112" hits="4" branch="false"/>
            <line number="113" hits="4" branch="false"/>
            <line number="114" hits="4" branch="false"/>
            <line number="115" hits="4" branch="true" condition-coverage="0% (0/1)"/>
            <line number="116" hits="4" branch="false"/>
            <line number="117" hits="4" branch="true" condition-coverage="0% (0/1)"/>
            <line number="118" hits="4" branch="false"/>
            <line number="119" hits="4" branch="false"/>
            <line number="120" hits="4" branch="false"/>
            <line number="121" hits="4" branch="false"/>
            <line number="122" hits="4" branch="false"/>
            <line number="123" hits="4" branch="false"/>
            <line number="124" hits="4" branch="false"/>
            <line number="125" hits="4" branch="false"/>
            <line number="126" hits="4" branch="false"/>
            <line number="127" hits="4" branch="false"/>
            <line number="128" hits="4" branch="false"/>
            <line number="129" hits="4" branch="false"/>
            <line number="130" hits="4" branch="false"/>
            <line number="131" hits="4" branch="false"/>
            <line number="132" hits="1" branch="false"/>
            <line number="133" hits="1" branch="true" condition-coverage="100% (1/1)"/>
            <line number="134" hits="2" branch="false"/>
            <line number="135" hits="2" branch="false"/>
            <line number="136" hits="2" branch="false"/>
            <line number="137" hits="2" branch="false"/>
            <line number="138" hits="2" branch="false"/>
            <line number="139" hits="2" branch="false"/>
            <line number="140" hits="2" branch="false"/>
            <line number="141" hits="2" branch="false"/>
            <line number="142" hits="2" branch="false"/>
            <line number="143" hits="2" branch="false"/>
            <line number="144" hits="2" branch="false"/>
            <line number="145" hits="2" branch="false"/>
            <line number="146" hits="2" branch="false"/>
            <line number="147" hits="2" branch="false"/>
            <line number="148" hits="2" branch="false"/>
            <line number="149" hits="2" branch="false"/>
            <line number="150" hits="2" branch="false"/>
            <line number="151" hits="2" branch="false"/>
            <line number="152" hits="2" branch="false"/>
            <line number="153" hits="2" branch="true" condition-coverage="0% (0/1)"/>
            <line number="154" hits="2" branch="false"/>
            <line number="155" hits="2" branch="true" condition-coverage="0% (0/1)"/>
            <line number="156" hits="0" branch="false"/>
            <line number="157" hits="0" branch="false"/>
            <line number="158" hits="0" branch="false"/>
            <line number="159" hits="0" branch="false"/>
            <line number="160" hits="0" branch="false"/>
            <line number="161" hits="0" branch="false"/>
            <line number="162" hits="0" branch="false"/>
            <line number="163" hits="0" branch="false"/>
            <line number="164" hits="0" branch="false"/>
            <line number="165" hits="0" branch="false"/>
            <line number="166" hits="0" branch="false"/>
            <line number="167" hits="0" branch="false"/>
            <line number="168" hits="0" branch="false"/>
            <line number="169" hits="0" branch="false"/>
            <line number="170" hits="0" branch="false"/>
            <line number="171" hits="0" branch="false"/>
            <line number="172" hits="0" branch="false"/>
            <line number="173" hits="0" branch="false"/>
            <line number="174" hits="2" branch="false"/>
            <line number="175" hits="1" branch="false"/>
            <line number="176" hits="1" branch="true" condition-coverage="100% (1/1)"/>
            <line number="177" hits="3" branch="false"/>
            <line number="178" hits="3" branch="false"/>
            <line number="179" hits="3" branch="false"/>
            <line number="180" hits="3" branch="false"/>
            <line number="181" hits="3" branch="false"/>
            <line number="182" hits="3" branch="false"/>
            <line number="183" hits="3" branch="false"/>
            <line number="184" hits="3" branch="false"/>
            <line number="185" hits="3" branch="false"/>
            <line number="186" hits="3" branch="false"/>
            <line number="187" hits="3" branch="false"/>
            <line number="188" hits="3" branch="false"/>
            <line number="189" hits="3" branch="false"/>
            <line number="190" hits="3" branch="true" condition-coverage="0% (0/1)"/>
            <line number="191" hits="3" branch="false"/>
            <line number="192" hits="3" branch="false"/>
            <line number="193" hits="3" branch="false"/>
            <line number="194" hits="3" branch="false"/>
            <line number="195" hits="3" branch="true" condition-coverage="0% (0/2)"/>
            <line number="196" hits="0" branch="false"/>
            <line number="197" hits="0" branch="false"/>
            <line number="198" hits="0" branch="false"/>
            <line number="199" hits="0" branch="false"/>
            <line number="200" hits="0" branch="false"/>
            <line number="201" hits="3" branch="false"/>
            <line number="202" hits="3" branch="false"/>
            <line number="203" hits="3" branch="false"/>
            <line number="204" hits="3" branch="false"/>
            <line number="205" hits="0" branch="false"/>
            <line number="206" hits="0" branch="false"/>
            <line number="207" hits="0" branch="false"/>
            <line number="208" hits="0" branch="false"/>
            <line number="209" hits="3" branch="false"/>
          </lines>
        </class>
        <class name="membresias.service.ts" filename="src\lib\services\membresias.service.ts" line-rate="0.8521" branch-rate="0.46659999999999996">
          <methods>
            <method name="getMembresiasPorGimnasio" hits="3" signature="()V">
              <lines>
                <line number="25" hits="3"/>
              </lines>
            </method>
            <method name="getMembresiaActiva" hits="1" signature="()V">
              <lines>
                <line number="58" hits="1"/>
              </lines>
            </method>
            <method name="crearMembresia" hits="1" signature="()V">
              <lines>
                <line number="87" hits="1"/>
              </lines>
            </method>
            <method name="cancelarMembresia" hits="1" signature="()V">
              <lines>
                <line number="104" hits="1"/>
              </lines>
            </method>
            <method name="getMembresiasPorVencer" hits="2" signature="()V">
              <lines>
                <line number="113" hits="2"/>
              </lines>
            </method>
          </methods>
          <lines>
            <line number="1" hits="1" branch="false"/>
            <line number="2" hits="1" branch="false"/>
            <line number="3" hits="1" branch="false"/>
            <line number="4" hits="1" branch="false"/>
            <line number="5" hits="1" branch="false"/>
            <line number="6" hits="1" branch="false"/>
            <line number="7" hits="1" branch="false"/>
            <line number="8" hits="1" branch="false"/>
            <line number="9" hits="1" branch="false"/>
            <line number="10" hits="1" branch="false"/>
            <line number="11" hits="1" branch="false"/>
            <line number="12" hits="1" branch="false"/>
            <line number="13" hits="1" branch="false"/>
            <line number="14" hits="1" branch="false"/>
            <line number="15" hits="1" branch="false"/>
            <line number="16" hits="1" branch="false"/>
            <line number="17" hits="1" branch="false"/>
            <line number="18" hits="1" branch="false"/>
            <line number="19" hits="1" branch="false"/>
            <line number="20" hits="1" branch="false"/>
            <line number="21" hits="1" branch="false"/>
            <line number="22" hits="1" branch="false"/>
            <line number="23" hits="1" branch="false"/>
            <line number="24" hits="1" branch="false"/>
            <line number="25" hits="1" branch="true" condition-coverage="100% (1/1)"/>
            <line number="26" hits="3" branch="false"/>
            <line number="27" hits="3" branch="false"/>
            <line number="28" hits="3" branch="false"/>
            <line number="29" hits="3" branch="false"/>
            <line number="30" hits="3" branch="false"/>
            <line number="31" hits="3" branch="false"/>
            <line number="32" hits="3" branch="false"/>
            <line number="33" hits="3" branch="false"/>
            <line number="34" hits="3" branch="false"/>
            <line number="35" hits="3" branch="false"/>
            <line number="36" hits="3" branch="false"/>
            <line number="37" hits="3" branch="false"/>
            <line number="38" hits="3" branch="false"/>
            <line number="39" hits="3" branch="false"/>
            <line number="40" hits="3" branch="false"/>
            <line number="41" hits="3" branch="true" condition-coverage="100% (1/1)"/>
            <line number="42" hits="3" branch="false"/>
            <line number="43" hits="3" branch="true" condition-coverage="100% (1/1)"/>
            <line number="44" hits="3" branch="false"/>
            <line number="45" hits="3" branch="false"/>
            <line number="46" hits="3" branch="true" condition-coverage="0% (0/1)"/>
            <line number="47" hits="3" branch="false"/>
            <line number="48" hits="3" branch="true" condition-coverage="0% (0/1)"/>
            <line number="49" hits="0" branch="false"/>
            <line number="50" hits="0" branch="false"/>
            <line number="51" hits="0" branch="false"/>
            <line number="52" hits="0" branch="false"/>
            <line number="53" hits="0" branch="false"/>
            <line number="54" hits="0" branch="false"/>
            <line number="55" hits="0" branch="false"/>
            <line number="56" hits="3" branch="false"/>
            <line number="57" hits="1" branch="false"/>
            <line number="58" hits="1" branch="true" condition-coverage="100% (1/1)"/>
            <line number="59" hits="1" branch="false"/>
            <line number="60" hits="1" branch="false"/>
            <line number="61" hits="1" branch="false"/>
            <line number="62" hits="1" branch="false"/>
            <line number="63" hits="1" branch="false"/>
            <line number="64" hits="1" branch="false"/>
            <line number="65" hits="1" branch="false"/>
            <line number="66" hits="1" branch="false"/>
            <line number="67" hits="1" branch="false"/>
            <line number="68" hits="1" branch="false"/>
            <line number="69" hits="1" branch="false"/>
            <line number="70" hits="1" branch="false"/>
            <line number="71" hits="1" branch="false"/>
            <line number="72" hits="1" branch="false"/>
            <line number="73" hits="1" branch="false"/>
            <line number="74" hits="1" branch="false"/>
            <line number="75" hits="1" branch="true" condition-coverage="0% (0/1)"/>
            <line number="76" hits="0" branch="false"/>
            <line number="77" hits="0" branch="false"/>
            <line number="78" hits="0" branch="false"/>
            <line number="79" hits="0" branch="false"/>
            <line number="80" hits="0" branch="false"/>
            <line number="81" hits="0" branch="false"/>
            <line number="82" hits="0" branch="false"/>
            <line number="83" hits="1" branch="true" condition-coverage="0% (0/1)"/>
            <line number="84" hits="1" branch="false"/>
            <line number="85" hits="1" branch="false"/>
            <line number="86" hits="1" branch="false"/>
            <line number="87" hits="1" branch="true" condition-coverage="100% (1/1)"/>
            <line number="88" hits="1" branch="false"/>
            <line number="89" hits="1" branch="false"/>
            <line number="90" hits="1" branch="false"/>
            <line number="91" hits="1" branch="false"/>
            <line number="92" hits="1" branch="false"/>
            <line number="93" hits="1" branch="false"/>
            <line number="94" hits="1" branch="false"/>
            <line number="95" hits="1" branch="false"/>
            <line number="96" hits="1" branch="false"/>
            <line number="97" hits="1" branch="false"/>
            <line number="98" hits="1" branch="false"/>
            <line number="99" hits="1" branch="false"/>
            <line number="100" hits="1" branch="true" condition-coverage="0% (0/1)"/>
            <line number="101" hits="1" branch="false"/>
            <line number="102" hits="1" branch="false"/>
            <line number="103" hits="1" branch="false"/>
            <line number="104" hits="1" branch="true" condition-coverage="100% (1/1)"/>
            <line number="105" hits="1" branch="false"/>
            <line number="106" hits="1" branch="false"/>
            <line number="107" hits="1" branch="false"/>
            <line number="108" hits="1" branch="false"/>
            <line number="109" hits="1" branch="false"/>
            <line number="110" hits="1" branch="true" condition-coverage="0% (0/1)"/>
            <line number="111" hits="1" branch="false"/>
            <line number="112" hits="1" branch="false"/>
            <line number="113" hits="1" branch="true" condition-coverage="100% (1/1)"/>
            <line number="114" hits="2" branch="false"/>
            <line number="115" hits="2" branch="false"/>
            <line number="116" hits="2" branch="false"/>
            <line number="117" hits="2" branch="false"/>
            <line number="118" hits="2" branch="false"/>
[...]
            <line number="34" hits="3" branch="false"/>
            <line number="35" hits="3" branch="true" condition-coverage="0% (0/1)"/>
            <line number="36" hits="0" branch="false"/>
            <line number="37" hits="0" branch="false"/>
            <line number="38" hits="0" branch="false"/>
            <line number="39" hits="3" branch="false"/>
            <line number="40" hits="1" branch="false"/>
            <line number="41" hits="1" branch="true" condition-coverage="100% (1/1)"/>
            <line number="42" hits="1" branch="false"/>
            <line number="43" hits="1" branch="false"/>
            <line number="44" hits="1" branch="false"/>
            <line number="45" hits="1" branch="false"/>
            <line number="46" hits="1" branch="false"/>
            <line number="47" hits="1" branch="false"/>
            <line number="48" hits="1" branch="false"/>
            <line number="49" hits="1" branch="false"/>
            <line number="50" hits="1" branch="true" condition-coverage="0% (0/1)"/>
            <line number="51" hits="1" branch="false"/>
            <line number="52" hits="1" branch="false"/>
            <line number="53" hits="1" branch="true" condition-coverage="0% (0/2)"/>
            <line number="54" hits="0" branch="false"/>
            <line number="55" hits="0" branch="false"/>
            <line number="56" hits="1" branch="false"/>
            <line number="57" hits="1" branch="false"/>
            <line number="58" hits="1" branch="false"/>
            <line number="59" hits="1" branch="false"/>
            <line number="60" hits="1" branch="true" condition-coverage="100% (1/1)"/>
            <line number="61" hits="1" branch="false"/>
            <line number="62" hits="1" branch="false"/>
            <line number="63" hits="1" branch="false"/>
            <line number="64" hits="1" branch="false"/>
            <line number="65" hits="1" branch="false"/>
            <line number="66" hits="1" branch="false"/>
            <line number="67" hits="1" branch="true" condition-coverage="0% (0/1)"/>
            <line number="68" hits="1" branch="false"/>
            <line number="69" hits="1" branch="false"/>
            <line number="70" hits="1" branch="false"/>
            <line number="71" hits="1" branch="true" condition-coverage="100% (1/1)"/>
            <line number="72" hits="2" branch="false"/>
            <line number="73" hits="2" branch="true" condition-coverage="0% (0/1)"/>
            <line number="74" hits="2" branch="false"/>
            <line number="75" hits="1" branch="false"/>
            <line number="76" hits="1" branch="true" condition-coverage="100% (1/1)"/>
            <line number="77" hits="1" branch="false"/>
            <line number="78" hits="1" branch="false"/>
          </lines>
        </class>
        <class name="usuarios.service.ts" filename="src\lib\services\usuarios.service.ts" line-rate="0.8615" branch-rate="0.5555">
          <methods>
            <method name="getUsuariosPorGimnasio" hits="5" signature="()V">
              <lines>
                <line number="29" hits="5"/>
              </lines>
            </method>
            <method name="getUsuarioById" hits="2" signature="()V">
              <lines>
                <line number="96" hits="2"/>
              </lines>
            </method>
            <method name="actualizarEstadoUsuario" hits="3" signature="()V">
              <lines>
                <line number="140" hits="3"/>
              </lines>
            </method>
            <method name="buscarUsuarios" hits="4" signature="()V">
              <lines>
                <line number="152" hits="4"/>
              </lines>
            </method>
            <method name="registrarNuevoMiembro" hits="2" signature="()V">
              <lines>
                <line number="170" hits="2"/>
              </lines>
            </method>
            <method name="contarMiembrosPorEstado" hits="2" signature="()V">
              <lines>
                <line number="239" hits="2"/>
              </lines>
            </method>
          </methods>
          <lines>
            <line number="1" hits="1" branch="false"/>
            <line number="2" hits="1" branch="false"/>
            <line number="3" hits="1" branch="false"/>
            <line number="4" hits="1" branch="false"/>
            <line number="5" hits="1" branch="false"/>
            <line number="6" hits="1" branch="false"/>
            <line number="7" hits="1" branch="false"/>
            <line number="8" hits="1" branch="false"/>
            <line number="9" hits="1" branch="false"/>
            <line number="10" hits="1" branch="false"/>
            <line number="11" hits="1" branch="false"/>
            <line number="12" hits="1" branch="false"/>
            <line number="13" hits="1" branch="false"/>
            <line number="14" hits="1" branch="false"/>
            <line number="15" hits="1" branch="false"/>
            <line number="16" hits="1" branch="false"/>
            <line number="17" hits="1" branch="false"/>
            <line number="18" hits="1" branch="false"/>
            <line number="19" hits="1" branch="false"/>
            <line number="20" hits="1" branch="false"/>
            <line number="21" hits="1" branch="false"/>
            <line number="22" hits="1" branch="false"/>
            <line number="23" hits="1" branch="false"/>
            <line number="24" hits="1" branch="false"/>
            <line number="25" hits="1" branch="false"/>
            <line number="26" hits="1" branch="false"/>
            <line number="27" hits="1" branch="false"/>
            <line number="28" hits="1" branch="false"/>
            <line number="29" hits="1" branch="true" condition-coverage="100% (1/1)"/>
            <line number="30" hits="5" branch="false"/>
            <line number="31" hits="5" branch="false"/>
            <line number="32" hits="5" branch="false"/>
            <line number="33" hits="5" branch="false"/>
            <line number="34" hits="5" branch="false"/>
            <line number="35" hits="5" branch="false"/>
            <line number="36" hits="5" branch="false"/>
            <line number="37" hits="5" branch="false"/>
            <line number="38" hits="5" branch="false"/>
            <line number="39" hits="5" branch="false"/>
            <line number="40" hits="5" branch="false"/>
            <line number="41" hits="5" branch="false"/>
            <line number="42" hits="5" branch="false"/>
            <line number="43" hits="5" branch="false"/>
            <line number="44" hits="5" branch="false"/>
            <line number="45" hits="5" branch="false"/>
            <line number="46" hits="5" branch="false"/>
            <line number="47" hits="5" branch="false"/>
            <line number="48" hits="5" branch="false"/>
            <line number="49" hits="5" branch="false"/>
            <line number="50" hits="5" branch="false"/>
            <line number="51" hits="5" branch="true" condition-coverage="100% (1/1)"/>
            <line number="52" hits="5" branch="true" condition-coverage="100% (1/1)"/>
            <line number="53" hits="5" branch="true" condition-coverage="100% (1/1)"/>
            <line number="54" hits="1" branch="false"/>
            <line number="55" hits="1" branch="false"/>
            <line number="56" hits="5" branch="false"/>
            <line number="57" hits="5" branch="false"/>
            <line number="58" hits="5" branch="false"/>
            <line number="59" hits="5" branch="true" condition-coverage="100% (1/1)"/>
            <line number="60" hits="5" branch="true" condition-coverage="50% (1/2)"/>
            <line number="61" hits="5" branch="false"/>
            <line number="62" hits="5" branch="false"/>
            <line number="63" hits="5" branch="false"/>
            <line number="64" hits="5" branch="true" condition-coverage="0% (0/1)"/>
            <line number="65" hits="5" branch="false"/>
            <line number="66" hits="5" branch="true" condition-coverage="0% (0/1)"/>
            <line number="67" hits="0" branch="false"/>
            <line number="68" hits="0" branch="false"/>
            <line number="69" hits="0" branch="false"/>
            <line number="70" hits="0" branch="false"/>
            <line number="71" hits="0" branch="false"/>
            <line number="72" hits="0" branch="false"/>
            <line number="73" hits="0" branch="false"/>
            <line number="74" hits="0" branch="false"/>
            <line number="75" hits="0" branch="false"/>
            <line number="76" hits="0" branch="false"/>
            <line number="77" hits="0" branch="false"/>
            <line number="78" hits="0" branch="false"/>
            <line number="79" hits="0" branch="false"/>
            <line number="80" hits="0" branch="false"/>
            <line number="81" hits="0" branch="false"/>
            <line number="82" hits="0" branch="false"/>
            <line number="83" hits="0" branch="false"/>
            <line number="84" hits="0" branch="false"/>
            <line number="85" hits="0" branch="false"/>
            <line number="86" hits="0" branch="false"/>
            <line number="87" hits="0" branch="false"/>
            <line number="88" hits="0" branch="false"/>
            <line number="89" hits="0" branch="false"/>
            <line number="90" hits="0" branch="false"/>
            <line number="91" hits="0" branch="false"/>
            <line number="92" hits="5" branch="false"/>
            <line number="93" hits="5" branch="true" condition-coverage="0% (0/1)"/>
            <line number="94" hits="5" branch="false"/>
            <line number="95" hits="1" branch="false"/>
            <line number="96" hits="1" branch="true" condition-coverage="100% (1/1)"/>
            <line number="97" hits="2" branch="false"/>
            <line number="98" hits="2" branch="false"/>
            <line number="99" hits="2" branch="false"/>
            <line number="100" hits="2" branch="false"/>
            <line number="101" hits="2" branch="false"/>
            <line number="102" hits="2" branch="false"/>
            <line number="103" hits="2" branch="false"/>
            <line number="104" hits="2" branch="false"/>
            <line number="105" hits="2" branch="false"/>
            <line number="106" hits="2" branch="false"/>
            <line number="107" hits="2" branch="false"/>
            <line number="108" hits="2" branch="false"/>
            <line number="109" hits="2" branch="false"/>
            <line number="110" hits="2" branch="false"/>
            <line number="111" hits="2" branch="false"/>
            <line number="112" hits="2" branch="true" condition-coverage="100% (1/1)"/>
            <line number="113" hits="1" branch="true" condition-coverage="0% (0/1)"/>
            <line number="114" hits="0" branch="false"/>
            <line number="115" hits="0" branch="false"/>
            <line number="116" hits="1" branch="false"/>
            <line number="117" hits="1" branch="false"/>
            <line number="118" hits="1" branch="true" condition-coverage="0% (0/1)"/>
            <line number="119" hits="0" branch="false"/>
            <line number="120" hits="2" branch="false"/>
            <line number="121" hits="2" branch="false"/>
            <line number="122" hits="2" branch="false"/>
            <line number="123" hits="2" branch="false"/>
            <line number="124" hits="2" branch="false"/>
            <line number="125" hits="2" branch="false"/>
            <line number="126" hits="2" branch="true" condition-coverage="100% (1/1)"/>
            <line number="127" hits="2" branch="true" condition-coverage="0% (0/1)"/>
            <line number="128" hits="0" branch="false"/>
            <line number="129" hits="0" branch="false"/>
            <line number="130" hits="0" branch="false"/>
            <line number="131" hits="0" branch="false"/>
            <line number="132" hits="0" branch="false"/>
            <line number="133" hits="0" branch="false"/>
            <line number="134" hits="0" branch="false"/>
            <line number="135" hits="0" branch="true" condition-coverage="100% (1/1)"/>
            <line number="136" hits="1" branch="false"/>
            <line number="137" hits="2" branch="false"/>
            <line number="138" hits="2" branch="false"/>
            <line number="139" hits="1" branch="false"/>
            <line number="140" hits="1" branch="true" condition-coverage="100% (1/1)"/>
            <line number="141" hits="3" branch="false"/>
            <line number="142" hits="3" branch="false"/>
            <line number="143" hits="3" branch="false"/>
            <line number="144" hits="3" branch="false"/>
            <line number="145" hits="3" branch="false"/>
            <line number="146" hits="3" branch="false"/>
            <line number="147" hits="3" branch="false"/>
            <line number="148" hits="3" branch="false"/>
            <line number="149" hits="3" branch="true" condition-coverage="0% (0/1)"/>
            <line number="150" hits="3" branch="false"/>
            <line number="151" hits="1" branch="false"/>
            <line number="152" hits="1" branch="true" condition-coverage="100% (1/1)"/>
            <line number="153" hits="4" branch="false"/>
            <line number="154" hits="4" branch="false"/>
            <line number="155" hits="4" branch="false"/>
            <line number="156" hits="4" branch="false"/>
            <line number="157" hits="4" branch="true" condition-coverage="100% (1/1)"/>
            <line number="158" hits="2" branch="false"/>
            <line number="159" hits="2" branch="false"/>
            <line number="160" hits="2" branch="false"/>
            <line number="161" hits="2" branch="false"/>
            <line number="162" hits="2" branch="false"/>
            <line number="163" hits="2" branch="false"/>
            <line number="164" hits="2" branch="false"/>
            <line number="165" hits="2" branch="false"/>
            <line number="166" hits="4" branch="true" condition-coverage="50% (1/2)"/>
            <line number="167" hits="4" branch="true" condition-coverage="0% (0/1)"/>
            <line number="168" hits="4" branch="false"/>
            <line number="169" hits="1" branch="false"/>
            <line number="170" hits="1" branch="true" condition-coverage="100% (1/1)"/>
            <line number="171" hits="2" branch="false"/>
            <line number="172" hits="2" branch="false"/>
            <line number="173" hits="2" branch="false"/>
            <line number="174" hits="2" branch="false"/>
            <line number="175" hits="2" branch="false"/>
            <line number="176" hits="2" branch="false"/>
            <line number="177" hits="2" branch="false"/>
            <line number="178" hits="2" branch="false"/>
            <line number="179" hits="2" branch="false"/>
            <line number="180" hits="2" branch="false"/>
            <line number="181" hits="2" branch="false"/>
            <line number="182" hits="2" branch="false"/>
            <line number="183" hits="2" branch="false"/>
            <line number="184" hits="2" branch="false"/>
            <line number="185" hits="2" branch="false"/>
            <line number="186" hits="2" branch="false"/>
            <line number="187" hits="2" branch="false"/>
            <line number="188" hits="2" branch="true" condition-coverage="0% (0/1)"/>
            <line number="189" hits="2" branch="false"/>
            <line number="190" hits="2" branch="false"/>
            <line number="191" hits="2" branch="false"/>
            <line number="192" hits="2" branch="false"/>
            <line number="193" hits="2" branch="false"/>
            <line number="194" hits="2" branch="false"/>
            <line number="195" hits="2" branch="true" condition-coverage="100% (1/1)"/>
            <line number="196" hits="2" branch="true" condition-coverage="100% (1/1)"/>
            <line number="197" hits="2" branch="true" condition-coverage="100% (1/1)"/>
            <line number="198" hits="2" branch="false"/>
            <line number="199" hits="2" branch="false"/>
            <line number="200" hits="2" branch="false"/>
            <line number="201" hits="2" branch="false"/>
            <line number="202" hits="2" branch="true" condition-coverage="0% (0/1)"/>
            <line number="203" hits="2" branch="false"/>
            <line number="204" hits="2" branch="false"/>
            <line number="205" hits="2" branch="false"/>
            <line number="206" hits="2" branch="true" condition-coverage="100% (1/1)"/>
            <line number="207" hits="2" branch="false"/>
            <line number="208" hits="2" branch="false"/>
            <line number="209" hits="2" branch="false"/>
            <line number="210" hits="2" branch="false"/>
            <line number="211" hits="2" branch="false"/>
            <line number="212" hits="2" branch="false"/>
            <line number="213" hits="2" branch="false"/>
            <line number="214" hits="2" branch="false"/>
            <line number="215" hits="2" branch="false"/>
            <line number="216" hits="2" branch="false"/>
            <line number="217" hits="2" branch="false"/>
            <line number="218" hits="2" branch="false"/>
            <line number="219" hits="2" branch="true" condition-coverage="0% (0/1)"/>
            <line number="220" hits="2" branch="false"/>
            <line number="221" hits="2" branch="false"/>
            <line number="222" hits="2" branch="false"/>
            <line number="223" hits="2" branch="false"/>
            <line number="224" hits="2" branch="false"/>
            <line number="225" hits="2" branch="false"/>
            <line number="226" hits="2" branch="false"/>
            <line number="227" hits="2" branch="false"/>
            <line number="228" hits="2" branch="false"/>
            <line number="229" hits="2" branch="false"/>
            <line number="230" hits="2" branch="false"/>
            <line number="231" hits="2" branch="false"/>
            <line number="232" hits="2" branch="false"/>
            <line number="233" hits="2" branch="false"/>
            <line number="234" hits="2" branch="true" condition-coverage="0% (0/1)"/>
            <line number="235" hits="2" branch="false"/>
            <line number="236" hits="2" branch="false"/>
            <line number="237" hits="2" branch="false"/>
            <line number="238" hits="1" branch="false"/>
            <line number="239" hits="1" branch="true" condition-coverage="100% (1/1)"/>
            <line number="240" hits="2" branch="false"/>
            <line number="241" hits="2" branch="false"/>
            <line number="242" hits="2" branch="false"/>
            <line number="243" hits="2" branch="false"/>
            <line number="244" hits="2" branch="false"/>
            <line number="245" hits="2" branch="false"/>
            <line number="246" hits="2" branch="false"/>
            <line number="247" hits="2" branch="false"/>
            <line number="248" hits="2" branch="false"/>
            <line number="249" hits="2" branch="false"/>
            <line number="250" hits="2" branch="false"/>
            <line number="251" hits="2" branch="true" condition-coverage="0% (0/1)"/>
            <line number="252" hits="2" branch="false"/>
            <line number="253" hits="2" branch="true" condition-coverage="0% (0/1)"/>
            <line number="254" hits="2" branch="false"/>
            <line number="255" hits="2" branch="false"/>
            <line number="256" hits="2" branch="false"/>
            <line number="257" hits="2" branch="false"/>
            <line number="258" hits="2" branch="false"/>
            <line number="259" hits="2" branch="false"/>
            <line number="260" hits="2" branch="false"/>
          </lines>
        </class>
      </classes>
    </package>
  </packages>
</coverage>
