{"C:\\botas\\IA\\Documentación__\\GIMNASIO\\gymsos-frontend\\src\\hooks\\useAccesos.ts": {"path":"C:\\botas\\IA\\Documentación__\\GIMNASIO\\gymsos-frontend\\src\\hooks\\useAccesos.ts","all":false,"statementMap":{"0":{"start":{"line":1,"column":0},"end":{"line":1,"column":12}},"1":{"start":{"line":2,"column":0},"end":{"line":2,"column":0}},"2":{"start":{"line":3,"column":0},"end":{"line":3,"column":53}},"3":{"start":{"line":4,"column":0},"end":{"line":4,"column":8}},"4":{"start":{"line":5,"column":0},"end":{"line":5,"column":22}},"5":{"start":{"line":6,"column":0},"end":{"line":6,"column":19}},"6":{"start":{"line":7,"column":0},"end":{"line":7,"column":28}},"7":{"start":{"line":8,"column":0},"end":{"line":8,"column":21}},"8":{"start":{"line":9,"column":0},"end":{"line":9,"column":23}},"9":{"start":{"line":10,"column":0},"end":{"line":10,"column":0}},"10":{"start":{"line":11,"column":0},"end":{"line":11,"column":39}},"11":{"start":{"line":12,"column":0},"end":{"line":12,"column":278}},"12":{"start":{"line":13,"column":0},"end":{"line":13,"column":298}},"13":{"start":{"line":14,"column":0},"end":{"line":14,"column":300}},"14":{"start":{"line":15,"column":0},"end":{"line":15,"column":291}},"15":{"start":{"line":16,"column":0},"end":{"line":16,"column":300}},"16":{"start":{"line":17,"column":0},"end":{"line":17,"column":298}},"17":{"start":{"line":18,"column":0},"end":{"line":18,"column":1}},"18":{"start":{"line":19,"column":0},"end":{"line":19,"column":0}},"19":{"start":{"line":20,"column":0},"end":{"line":20,"column":57}},"20":{"start":{"line":21,"column":0},"end":{"line":21,"column":0}},"21":{"start":{"line":22,"column":0},"end":{"line":22,"column":76}},"22":{"start":{"line":23,"column":0},"end":{"line":23,"column":34}},"23":{"start":{"line":24,"column":0},"end":{"line":24,"column":63}},"24":{"start":{"line":25,"column":0},"end":{"line":25,"column":17}},"25":{"start":{"line":26,"column":0},"end":{"line":26,"column":19}},"26":{"start":{"line":27,"column":0},"end":{"line":27,"column":3}},"27":{"start":{"line":28,"column":0},"end":{"line":28,"column":1}},"28":{"start":{"line":29,"column":0},"end":{"line":29,"column":0}},"29":{"start":{"line":30,"column":0},"end":{"line":30,"column":61}},"30":{"start":{"line":31,"column":0},"end":{"line":31,"column":34}},"31":{"start":{"line":32,"column":0},"end":{"line":32,"column":49}},"32":{"start":{"line":33,"column":0},"end":{"line":33,"column":16}},"33":{"start":{"line":34,"column":0},"end":{"line":34,"column":12}},"34":{"start":{"line":35,"column":0},"end":{"line":35,"column":3}},"35":{"start":{"line":36,"column":0},"end":{"line":36,"column":1}},"36":{"start":{"line":37,"column":0},"end":{"line":37,"column":0}},"37":{"start":{"line":38,"column":0},"end":{"line":38,"column":65}},"38":{"start":{"line":39,"column":0},"end":{"line":39,"column":34}},"39":{"start":{"line":40,"column":0},"end":{"line":40,"column":60}},"40":{"start":{"line":41,"column":0},"end":{"line":41,"column":7}},"41":{"start":{"line":42,"column":0},"end":{"line":42,"column":13}},"42":{"start":{"line":43,"column":0},"end":{"line":43,"column":3}},"43":{"start":{"line":44,"column":0},"end":{"line":44,"column":1}}},"s":{"0":1,"1":1,"2":1,"3":1,"4":1,"5":1,"6":1,"7":1,"8":1,"9":1,"10":1,"11":1,"12":1,"13":1,"14":1,"15":1,"16":1,"17":1,"18":1,"19":1,"20":1,"21":1,"22":10,"23":10,"24":10,"25":10,"26":10,"27":10,"28":1,"29":1,"30":6,"31":6,"32":6,"33":6,"34":6,"35":6,"36":1,"37":1,"38":4,"39":4,"40":4,"41":4,"42":4,"43":4},"branchMap":{"0":{"type":"branch","line":22,"loc":{"start":{"line":22,"column":7},"end":{"line":28,"column":1}},"locations":[{"start":{"line":22,"column":7},"end":{"line":28,"column":1}}]},"1":{"type":"branch","line":24,"loc":{"start":{"line":24,"column":53},"end":{"line":24,"column":63}},"locations":[{"start":{"line":24,"column":53},"end":{"line":24,"column":63}}]},"2":{"type":"branch","line":30,"loc":{"start":{"line":30,"column":7},"end":{"line":36,"column":1}},"locations":[{"start":{"line":30,"column":7},"end":{"line":36,"column":1}}]},"3":{"type":"branch","line":32,"loc":{"start":{"line":32,"column":35},"end":{"line":32,"column":49}},"locations":[{"start":{"line":32,"column":35},"end":{"line":32,"column":49}}]},"4":{"type":"branch","line":38,"loc":{"start":{"line":38,"column":7},"end":{"line":44,"column":1}},"locations":[{"start":{"line":38,"column":7},"end":{"line":44,"column":1}}]},"5":{"type":"branch","line":40,"loc":{"start":{"line":40,"column":4},"end":{"line":40,"column":55}},"locations":[{"start":{"line":40,"column":4},"end":{"line":40,"column":55}}]},"6":{"type":"branch","line":40,"loc":{"start":{"line":40,"column":45},"end":{"line":40,"column":60}},"locations":[{"start":{"line":40,"column":45},"end":{"line":40,"column":60}}]}},"b":{"0":[10],"1":[0],"2":[6],"3":[0],"4":[4],"5":[2],"6":[2]},"fnMap":{"0":{"name":"useAccesosRecientes","decl":{"start":{"line":22,"column":7},"end":{"line":28,"column":1}},"loc":{"start":{"line":22,"column":7},"end":{"line":28,"column":1}},"line":22},"1":{"name":"useConteoAccesos","decl":{"start":{"line":30,"column":7},"end":{"line":36,"column":1}},"loc":{"start":{"line":30,"column":7},"end":{"line":36,"column":1}},"line":30},"2":{"name":"useHistorialMiembro","decl":{"start":{"line":38,"column":7},"end":{"line":44,"column":1}},"loc":{"start":{"line":38,"column":7},"end":{"line":44,"column":1}},"line":38}},"f":{"0":10,"1":6,"2":4}}
,"C:\\botas\\IA\\Documentación__\\GIMNASIO\\gymsos-frontend\\src\\hooks\\useAsync.ts": {"path":"C:\\botas\\IA\\Documentación__\\GIMNASIO\\gymsos-frontend\\src\\hooks\\useAsync.ts","all":false,"statementMap":{"0":{"start":{"line":1,"column":0},"end":{"line":1,"column":12}},"1":{"start":{"line":2,"column":0},"end":{"line":2,"column":0}},"2":{"start":{"line":3,"column":0},"end":{"line":3,"column":64}},"3":{"start":{"line":4,"column":0},"end":{"line":4,"column":43}},"4":{"start":{"line":5,"column":0},"end":{"line":5,"column":0}},"5":{"start":{"line":6,"column":0},"end":{"line":6,"column":29}},"6":{"start":{"line":7,"column":0},"end":{"line":7,"column":16}},"7":{"start":{"line":8,"column":0},"end":{"line":8,"column":18}},"8":{"start":{"line":9,"column":0},"end":{"line":9,"column":22}},"9":{"start":{"line":10,"column":0},"end":{"line":10,"column":21}},"10":{"start":{"line":11,"column":0},"end":{"line":11,"column":1}},"11":{"start":{"line":12,"column":0},"end":{"line":12,"column":0}},"12":{"start":{"line":13,"column":0},"end":{"line":13,"column":28}},"13":{"start":{"line":14,"column":0},"end":{"line":14,"column":37}},"14":{"start":{"line":15,"column":0},"end":{"line":15,"column":23}},"15":{"start":{"line":16,"column":0},"end":{"line":16,"column":18}},"16":{"start":{"line":17,"column":0},"end":{"line":17,"column":56}},"17":{"start":{"line":18,"column":0},"end":{"line":18,"column":46}},"18":{"start":{"line":19,"column":0},"end":{"line":19,"column":61}},"19":{"start":{"line":20,"column":0},"end":{"line":20,"column":44}},"20":{"start":{"line":21,"column":0},"end":{"line":21,"column":0}},"21":{"start":{"line":22,"column":0},"end":{"line":22,"column":19}},"22":{"start":{"line":23,"column":0},"end":{"line":23,"column":29}},"23":{"start":{"line":24,"column":0},"end":{"line":24,"column":47}},"24":{"start":{"line":25,"column":0},"end":{"line":25,"column":8}},"25":{"start":{"line":26,"column":0},"end":{"line":26,"column":0}},"26":{"start":{"line":27,"column":0},"end":{"line":27,"column":43}},"27":{"start":{"line":28,"column":0},"end":{"line":28,"column":19}},"28":{"start":{"line":29,"column":0},"end":{"line":29,"column":23}},"29":{"start":{"line":30,"column":0},"end":{"line":30,"column":12}},"30":{"start":{"line":31,"column":0},"end":{"line":31,"column":5}},"31":{"start":{"line":32,"column":0},"end":{"line":32,"column":0}},"32":{"start":{"line":33,"column":0},"end":{"line":33,"column":20}},"33":{"start":{"line":34,"column":0},"end":{"line":34,"column":18}},"34":{"start":{"line":35,"column":0},"end":{"line":35,"column":0}},"35":{"start":{"line":36,"column":0},"end":{"line":36,"column":9}},"36":{"start":{"line":37,"column":0},"end":{"line":37,"column":36}},"37":{"start":{"line":38,"column":0},"end":{"line":38,"column":31}},"38":{"start":{"line":39,"column":0},"end":{"line":39,"column":23}},"39":{"start":{"line":40,"column":0},"end":{"line":40,"column":7}},"40":{"start":{"line":41,"column":0},"end":{"line":41,"column":17}},"41":{"start":{"line":42,"column":0},"end":{"line":42,"column":31}},"42":{"start":{"line":43,"column":0},"end":{"line":43,"column":70}},"43":{"start":{"line":44,"column":0},"end":{"line":44,"column":7}},"44":{"start":{"line":45,"column":0},"end":{"line":45,"column":15}},"45":{"start":{"line":46,"column":0},"end":{"line":46,"column":31}},"46":{"start":{"line":47,"column":0},"end":{"line":47,"column":25}},"47":{"start":{"line":48,"column":0},"end":{"line":48,"column":7}},"48":{"start":{"line":49,"column":0},"end":{"line":49,"column":5}},"49":{"start":{"line":50,"column":0},"end":{"line":50,"column":57}},"50":{"start":{"line":51,"column":0},"end":{"line":51,"column":10}},"51":{"start":{"line":52,"column":0},"end":{"line":52,"column":0}},"52":{"start":{"line":53,"column":0},"end":{"line":53,"column":43}},"53":{"start":{"line":54,"column":0},"end":{"line":54,"column":0}},"54":{"start":{"line":55,"column":0},"end":{"line":55,"column":51}},"55":{"start":{"line":56,"column":0},"end":{"line":56,"column":1}},"56":{"start":{"line":57,"column":0},"end":{"line":57,"column":0}},"57":{"start":{"line":58,"column":0},"end":{"line":58,"column":44}},"58":{"start":{"line":59,"column":0},"end":{"line":59,"column":37}},"59":{"start":{"line":60,"column":0},"end":{"line":60,"column":14}},"60":{"start":{"line":61,"column":0},"end":{"line":61,"column":23}},"61":{"start":{"line":62,"column":0},"end":{"line":62,"column":18}},"62":{"start":{"line":63,"column":0},"end":{"line":63,"column":63}},"63":{"start":{"line":64,"column":0},"end":{"line":64,"column":0}},"64":{"start":{"line":65,"column":0},"end":{"line":65,"column":19}},"65":{"start":{"line":66,"column":0},"end":{"line":66,"column":12}},"66":{"start":{"line":67,"column":0},"end":{"line":67,"column":24}},"67":{"start":{"line":68,"column":0},"end":{"line":68,"column":21}},"68":{"start":{"line":69,"column":0},"end":{"line":69,"column":20}},"69":{"start":{"line":70,"column":0},"end":{"line":70,"column":24}},"70":{"start":{"line":71,"column":0},"end":{"line":71,"column":5}},"71":{"start":{"line":72,"column":0},"end":{"line":72,"column":3}},"72":{"start":{"line":73,"column":0},"end":{"line":73,"column":0}},"73":{"start":{"line":74,"column":0},"end":{"line":74,"column":15}},"74":{"start":{"line":75,"column":0},"end":{"line":75,"column":1}}},"s":{"0":1,"1":1,"2":1,"3":1,"4":1,"5":1,"6":1,"7":1,"8":1,"9":1,"10":1,"11":1,"12":1,"13":134,"14":134,"15":134,"16":134,"17":134,"18":134,"19":134,"20":134,"21":134,"22":67,"23":67,"24":134,"25":134,"26":134,"27":68,"28":57,"29":57,"30":57,"31":11,"32":11,"33":11,"34":11,"35":11,"36":11,"37":7,"38":7,"39":7,"40":68,"41":3,"42":3,"43":3,"44":12,"45":10,"46":10,"47":10,"48":10,"49":68,"50":134,"51":134,"52":134,"53":134,"54":134,"55":134,"56":1,"57":1,"58":120,"59":120,"60":120,"61":120,"62":120,"63":120,"64":120,"65":112,"66":112,"67":112,"68":112,"69":112,"70":112,"71":112,"72":8,"73":8,"74":8},"branchMap":{"0":{"type":"branch","line":13,"loc":{"start":{"line":13,"column":7},"end":{"line":56,"column":1}},"locations":[{"start":{"line":13,"column":7},"end":{"line":56,"column":1}}]},"1":{"type":"branch","line":22,"loc":{"start":{"line":22,"column":12},"end":{"line":25,"column":5}},"locations":[{"start":{"line":22,"column":12},"end":{"line":25,"column":5}}]},"2":{"type":"branch","line":24,"loc":{"start":{"line":24,"column":11},"end":{"line":24,"column":47}},"locations":[{"start":{"line":24,"column":11},"end":{"line":24,"column":47}}]},"3":{"type":"branch","line":27,"loc":{"start":{"line":27,"column":30},"end":{"line":51,"column":5}},"locations":[{"start":{"line":27,"column":30},"end":{"line":51,"column":5}}]},"4":{"type":"branch","line":28,"loc":{"start":{"line":28,"column":18},"end":{"line":31,"column":5}},"locations":[{"start":{"line":28,"column":18},"end":{"line":31,"column":5}}]},"5":{"type":"branch","line":31,"loc":{"start":{"line":31,"column":4},"end":{"line":40,"column":7}},"locations":[{"start":{"line":31,"column":4},"end":{"line":40,"column":7}}]},"6":{"type":"branch","line":31,"loc":{"start":{"line":31,"column":4},"end":{"line":37,"column":36}},"locations":[{"start":{"line":31,"column":4},"end":{"line":37,"column":36}}]},"7":{"type":"branch","line":37,"loc":{"start":{"line":37,"column":27},"end":{"line":40,"column":7}},"locations":[{"start":{"line":37,"column":27},"end":{"line":40,"column":7}}]},"8":{"type":"branch","line":41,"loc":{"start":{"line":41,"column":6},"end":{"line":49,"column":5}},"locations":[{"start":{"line":41,"column":6},"end":{"line":49,"column":5}}]},"9":{"type":"branch","line":41,"loc":{"start":{"line":41,"column":6},"end":{"line":45,"column":14}},"locations":[{"start":{"line":41,"column":6},"end":{"line":45,"column":14}}]},"10":{"type":"branch","line":43,"loc":{"start":{"line":43,"column":30},"end":{"line":43,"column":47}},"locations":[{"start":{"line":43,"column":30},"end":{"line":43,"column":47}}]},"11":{"type":"branch","line":43,"loc":{"start":{"line":43,"column":47},"end":{"line":43,"column":70}},"locations":[{"start":{"line":43,"column":47},"end":{"line":43,"column":70}}]},"12":{"type":"branch","line":45,"loc":{"start":{"line":45,"column":4},"end":{"line":49,"column":5}},"locations":[{"start":{"line":45,"column":4},"end":{"line":49,"column":5}}]},"13":{"type":"branch","line":53,"loc":{"start":{"line":53,"column":12},"end":{"line":53,"column":33}},"locations":[{"start":{"line":53,"column":12},"end":{"line":53,"column":33}}]},"14":{"type":"branch","line":58,"loc":{"start":{"line":58,"column":7},"end":{"line":75,"column":1}},"locations":[{"start":{"line":58,"column":7},"end":{"line":75,"column":1}}]},"15":{"type":"branch","line":63,"loc":{"start":{"line":63,"column":39},"end":{"line":63,"column":49}},"locations":[{"start":{"line":63,"column":39},"end":{"line":63,"column":49}}]},"16":{"type":"branch","line":63,"loc":{"start":{"line":63,"column":42},"end":{"line":63,"column":58}},"locations":[{"start":{"line":63,"column":42},"end":{"line":63,"column":58}}]},"17":{"type":"branch","line":65,"loc":{"start":{"line":65,"column":18},"end":{"line":72,"column":3}},"locations":[{"start":{"line":65,"column":18},"end":{"line":72,"column":3}}]},"18":{"type":"branch","line":72,"loc":{"start":{"line":72,"column":2},"end":{"line":75,"column":1}},"locations":[{"start":{"line":72,"column":2},"end":{"line":75,"column":1}}]}},"b":{"0":[134],"1":[67],"2":[67],"3":[68],"4":[57],"5":[12],"6":[11],"7":[7],"8":[12],"9":[3],"10":[2],"11":[1],"12":[10],"13":[67],"14":[120],"15":[112],"16":[8],"17":[112],"18":[8]},"fnMap":{"0":{"name":"useAsync","decl":{"start":{"line":13,"column":7},"end":{"line":56,"column":1}},"loc":{"start":{"line":13,"column":7},"end":{"line":56,"column":1}},"line":13},"1":{"name":"useAsyncWithDemoFallback","decl":{"start":{"line":58,"column":7},"end":{"line":75,"column":1}},"loc":{"start":{"line":58,"column":7},"end":{"line":75,"column":1}},"line":58},"2":{"name":"refetch","decl":{"start":{"line":70,"column":15},"end":{"line":70,"column":24}},"loc":{"start":{"line":70,"column":15},"end":{"line":70,"column":24}},"line":70}},"f":{"0":134,"1":120,"2":0}}
,"C:\\botas\\IA\\Documentación__\\GIMNASIO\\gymsos-frontend\\src\\hooks\\useClases.ts": {"path":"C:\\botas\\IA\\Documentación__\\GIMNASIO\\gymsos-frontend\\src\\hooks\\useClases.ts","all":false,"statementMap":{"0":{"start":{"line":1,"column":0},"end":{"line":1,"column":12}},"1":{"start":{"line":2,"column":0},"end":{"line":2,"column":0}},"2":{"start":{"line":3,"column":0},"end":{"line":3,"column":53}},"3":{"start":{"line":4,"column":0},"end":{"line":4,"column":8}},"4":{"start":{"line":5,"column":0},"end":{"line":5,"column":15}},"5":{"start":{"line":6,"column":0},"end":{"line":6,"column":25}},"6":{"start":{"line":7,"column":0},"end":{"line":7,"column":23}},"7":{"start":{"line":8,"column":0},"end":{"line":8,"column":29}},"8":{"start":{"line":9,"column":0},"end":{"line":9,"column":20}},"9":{"start":{"line":10,"column":0},"end":{"line":10,"column":23}},"10":{"start":{"line":11,"column":0},"end":{"line":11,"column":0}},"11":{"start":{"line":12,"column":0},"end":{"line":12,"column":41}},"12":{"start":{"line":13,"column":0},"end":{"line":13,"column":414}},"13":{"start":{"line":14,"column":0},"end":{"line":14,"column":413}},"14":{"start":{"line":15,"column":0},"end":{"line":15,"column":413}},"15":{"start":{"line":16,"column":0},"end":{"line":16,"column":415}},"16":{"start":{"line":17,"column":0},"end":{"line":17,"column":1}},"17":{"start":{"line":18,"column":0},"end":{"line":18,"column":0}},"18":{"start":{"line":19,"column":0},"end":{"line":19,"column":48}},"19":{"start":{"line":20,"column":0},"end":{"line":20,"column":381}},"20":{"start":{"line":21,"column":0},"end":{"line":21,"column":382}},"21":{"start":{"line":22,"column":0},"end":{"line":22,"column":381}},"22":{"start":{"line":23,"column":0},"end":{"line":23,"column":383}},"23":{"start":{"line":24,"column":0},"end":{"line":24,"column":1}},"24":{"start":{"line":25,"column":0},"end":{"line":25,"column":0}},"25":{"start":{"line":26,"column":0},"end":{"line":26,"column":45}},"26":{"start":{"line":27,"column":0},"end":{"line":27,"column":21}},"27":{"start":{"line":28,"column":0},"end":{"line":28,"column":408}},"28":{"start":{"line":29,"column":0},"end":{"line":29,"column":409}},"29":{"start":{"line":30,"column":0},"end":{"line":30,"column":1}},"30":{"start":{"line":31,"column":0},"end":{"line":31,"column":0}},"31":{"start":{"line":32,"column":0},"end":{"line":32,"column":61}},"32":{"start":{"line":33,"column":0},"end":{"line":33,"column":34}},"33":{"start":{"line":34,"column":0},"end":{"line":34,"column":53}},"34":{"start":{"line":35,"column":0},"end":{"line":35,"column":24}},"35":{"start":{"line":36,"column":0},"end":{"line":36,"column":12}},"36":{"start":{"line":37,"column":0},"end":{"line":37,"column":3}},"37":{"start":{"line":38,"column":0},"end":{"line":38,"column":1}},"38":{"start":{"line":39,"column":0},"end":{"line":39,"column":0}},"39":{"start":{"line":40,"column":0},"end":{"line":40,"column":57}},"40":{"start":{"line":41,"column":0},"end":{"line":41,"column":34}},"41":{"start":{"line":42,"column":0},"end":{"line":42,"column":45}},"42":{"start":{"line":43,"column":0},"end":{"line":43,"column":20}},"43":{"start":{"line":44,"column":0},"end":{"line":44,"column":12}},"44":{"start":{"line":45,"column":0},"end":{"line":45,"column":3}},"45":{"start":{"line":46,"column":0},"end":{"line":46,"column":1}},"46":{"start":{"line":47,"column":0},"end":{"line":47,"column":0}},"47":{"start":{"line":48,"column":0},"end":{"line":48,"column":71}},"48":{"start":{"line":49,"column":0},"end":{"line":49,"column":34}},"49":{"start":{"line":50,"column":0},"end":{"line":50,"column":69}},"50":{"start":{"line":51,"column":0},"end":{"line":51,"column":27}},"51":{"start":{"line":52,"column":0},"end":{"line":52,"column":19}},"52":{"start":{"line":53,"column":0},"end":{"line":53,"column":3}},"53":{"start":{"line":54,"column":0},"end":{"line":54,"column":1}},"54":{"start":{"line":55,"column":0},"end":{"line":55,"column":0}},"55":{"start":{"line":56,"column":0},"end":{"line":56,"column":72}},"56":{"start":{"line":57,"column":0},"end":{"line":57,"column":34}},"57":{"start":{"line":58,"column":0},"end":{"line":58,"column":61}},"58":{"start":{"line":59,"column":0},"end":{"line":59,"column":11}},"59":{"start":{"line":60,"column":0},"end":{"line":60,"column":13}},"60":{"start":{"line":61,"column":0},"end":{"line":61,"column":3}},"61":{"start":{"line":62,"column":0},"end":{"line":62,"column":1}}},"s":{"0":1,"1":1,"2":1,"3":1,"4":1,"5":1,"6":1,"7":1,"8":1,"9":1,"10":1,"11":1,"12":1,"13":1,"14":1,"15":1,"16":1,"17":1,"18":1,"19":1,"20":1,"21":1,"22":1,"23":1,"24":1,"25":1,"26":1,"27":1,"28":1,"29":1,"30":1,"31":1,"32":2,"33":2,"34":2,"35":2,"36":2,"37":2,"38":1,"39":1,"40":10,"41":10,"42":10,"43":10,"44":10,"45":10,"46":1,"47":1,"48":4,"49":4,"50":4,"51":4,"52":4,"53":4,"54":1,"55":1,"56":4,"57":4,"58":4,"59":4,"60":4,"61":4},"branchMap":{"0":{"type":"branch","line":32,"loc":{"start":{"line":32,"column":7},"end":{"line":38,"column":1}},"locations":[{"start":{"line":32,"column":7},"end":{"line":38,"column":1}}]},"1":{"type":"branch","line":34,"loc":{"start":{"line":34,"column":39},"end":{"line":34,"column":53}},"locations":[{"start":{"line":34,"column":39},"end":{"line":34,"column":53}}]},"2":{"type":"branch","line":40,"loc":{"start":{"line":40,"column":7},"end":{"line":46,"column":1}},"locations":[{"start":{"line":40,"column":7},"end":{"line":46,"column":1}}]},"3":{"type":"branch","line":42,"loc":{"start":{"line":42,"column":4},"end":{"line":42,"column":40}},"locations":[{"start":{"line":42,"column":4},"end":{"line":42,"column":40}}]},"4":{"type":"branch","line":42,"loc":{"start":{"line":42,"column":31},"end":{"line":42,"column":45}},"locations":[{"start":{"line":42,"column":31},"end":{"line":42,"column":45}}]},"5":{"type":"branch","line":48,"loc":{"start":{"line":48,"column":7},"end":{"line":54,"column":1}},"locations":[{"start":{"line":48,"column":7},"end":{"line":54,"column":1}}]},"6":{"type":"branch","line":50,"loc":{"start":{"line":50,"column":48},"end":{"line":50,"column":69}},"locations":[{"start":{"line":50,"column":48},"end":{"line":50,"column":69}}]},"7":{"type":"branch","line":56,"loc":{"start":{"line":56,"column":7},"end":{"line":62,"column":1}},"locations":[{"start":{"line":56,"column":7},"end":{"line":62,"column":1}}]},"8":{"type":"branch","line":58,"loc":{"start":{"line":58,"column":46},"end":{"line":58,"column":61}},"locations":[{"start":{"line":58,"column":46},"end":{"line":58,"column":61}}]}},"b":{"0":[2],"1":[0],"2":[10],"3":[8],"4":[2],"5":[4],"6":[0],"7":[4],"8":[0]},"fnMap":{"0":{"name":"useClasesGerente","decl":{"start":{"line":32,"column":7},"end":{"line":38,"column":1}},"loc":{"start":{"line":32,"column":7},"end":{"line":38,"column":1}},"line":32},"1":{"name":"useClasesHoy","decl":{"start":{"line":40,"column":7},"end":{"line":46,"column":1}},"loc":{"start":{"line":40,"column":7},"end":{"line":46,"column":1}},"line":40},"2":{"name":"useClasesEntrenador","decl":{"start":{"line":48,"column":7},"end":{"line":54,"column":1}},"loc":{"start":{"line":48,"column":7},"end":{"line":54,"column":1}},"line":48},"3":{"name":"useInscripcionesDelMiembro","decl":{"start":{"line":56,"column":7},"end":{"line":62,"column":1}},"loc":{"start":{"line":56,"column":7},"end":{"line":62,"column":1}},"line":56}},"f":{"0":2,"1":10,"2":4,"3":4}}
,"C:\\botas\\IA\\Documentación__\\GIMNASIO\\gymsos-frontend\\src\\hooks\\useKPIsGerente.ts": {"path":"C:\\botas\\IA\\Documentación__\\GIMNASIO\\gymsos-frontend\\src\\hooks\\useKPIsGerente.ts","all":false,"statementMap":{"0":{"start":{"line":1,"column":0},"end":{"line":1,"column":12}},"1":{"start":{"line":2,"column":0},"end":{"line":2,"column":0}},"2":{"start":{"line":3,"column":0},"end":{"line":3,"column":53}},"3":{"start":{"line":4,"column":0},"end":{"line":4,"column":8}},"4":{"start":{"line":5,"column":0},"end":{"line":5,"column":17}},"5":{"start":{"line":6,"column":0},"end":{"line":6,"column":17}},"6":{"start":{"line":7,"column":0},"end":{"line":7,"column":27}},"7":{"start":{"line":8,"column":0},"end":{"line":8,"column":19}},"8":{"start":{"line":9,"column":0},"end":{"line":9,"column":19}},"9":{"start":{"line":10,"column":0},"end":{"line":10,"column":22}},"10":{"start":{"line":11,"column":0},"end":{"line":11,"column":23}},"11":{"start":{"line":12,"column":0},"end":{"line":12,"column":0}},"12":{"start":{"line":13,"column":0},"end":{"line":13,"column":32}},"13":{"start":{"line":14,"column":0},"end":{"line":14,"column":24}},"14":{"start":{"line":15,"column":0},"end":{"line":15,"column":24}},"15":{"start":{"line":16,"column":0},"end":{"line":16,"column":25}},"16":{"start":{"line":17,"column":0},"end":{"line":17,"column":23}},"17":{"start":{"line":18,"column":0},"end":{"line":18,"column":22}},"18":{"start":{"line":19,"column":0},"end":{"line":19,"column":22}},"19":{"start":{"line":20,"column":0},"end":{"line":20,"column":21}},"20":{"start":{"line":21,"column":0},"end":{"line":21,"column":24}},"21":{"start":{"line":22,"column":0},"end":{"line":22,"column":23}},"22":{"start":{"line":23,"column":0},"end":{"line":23,"column":22}},"23":{"start":{"line":24,"column":0},"end":{"line":24,"column":1}},"24":{"start":{"line":25,"column":0},"end":{"line":25,"column":0}},"25":{"start":{"line":26,"column":0},"end":{"line":26,"column":35}},"26":{"start":{"line":27,"column":0},"end":{"line":27,"column":130}},"27":{"start":{"line":28,"column":0},"end":{"line":28,"column":130}},"28":{"start":{"line":29,"column":0},"end":{"line":29,"column":130}},"29":{"start":{"line":30,"column":0},"end":{"line":30,"column":132}},"30":{"start":{"line":31,"column":0},"end":{"line":31,"column":1}},"31":{"start":{"line":32,"column":0},"end":{"line":32,"column":0}},"32":{"start":{"line":33,"column":0},"end":{"line":33,"column":41}},"33":{"start":{"line":34,"column":0},"end":{"line":34,"column":85}},"34":{"start":{"line":35,"column":0},"end":{"line":35,"column":85}},"35":{"start":{"line":36,"column":0},"end":{"line":36,"column":85}},"36":{"start":{"line":37,"column":0},"end":{"line":37,"column":85}},"37":{"start":{"line":38,"column":0},"end":{"line":38,"column":85}},"38":{"start":{"line":39,"column":0},"end":{"line":39,"column":86}},"39":{"start":{"line":40,"column":0},"end":{"line":40,"column":1}},"40":{"start":{"line":41,"column":0},"end":{"line":41,"column":0}},"41":{"start":{"line":42,"column":0},"end":{"line":42,"column":59}},"42":{"start":{"line":43,"column":0},"end":{"line":43,"column":34}},"43":{"start":{"line":44,"column":0},"end":{"line":44,"column":47}},"44":{"start":{"line":45,"column":0},"end":{"line":45,"column":14}},"45":{"start":{"line":46,"column":0},"end":{"line":46,"column":12}},"46":{"start":{"line":47,"column":0},"end":{"line":47,"column":3}},"47":{"start":{"line":48,"column":0},"end":{"line":48,"column":1}},"48":{"start":{"line":49,"column":0},"end":{"line":49,"column":0}},"49":{"start":{"line":50,"column":0},"end":{"line":50,"column":59}},"50":{"start":{"line":51,"column":0},"end":{"line":51,"column":34}},"51":{"start":{"line":52,"column":0},"end":{"line":52,"column":47}},"52":{"start":{"line":53,"column":0},"end":{"line":53,"column":15}},"53":{"start":{"line":54,"column":0},"end":{"line":54,"column":12}},"54":{"start":{"line":55,"column":0},"end":{"line":55,"column":3}},"55":{"start":{"line":56,"column":0},"end":{"line":56,"column":1}},"56":{"start":{"line":57,"column":0},"end":{"line":57,"column":0}},"57":{"start":{"line":58,"column":0},"end":{"line":58,"column":65}},"58":{"start":{"line":59,"column":0},"end":{"line":59,"column":34}},"59":{"start":{"line":60,"column":0},"end":{"line":60,"column":57}},"60":{"start":{"line":61,"column":0},"end":{"line":61,"column":18}},"61":{"start":{"line":62,"column":0},"end":{"line":62,"column":12}},"62":{"start":{"line":63,"column":0},"end":{"line":63,"column":3}},"63":{"start":{"line":64,"column":0},"end":{"line":64,"column":1}}},"s":{"0":1,"1":1,"2":1,"3":1,"4":1,"5":1,"6":1,"7":1,"8":1,"9":1,"10":1,"11":1,"12":1,"13":1,"14":1,"15":1,"16":1,"17":1,"18":1,"19":1,"20":1,"21":1,"22":1,"23":1,"24":1,"25":1,"26":1,"27":1,"28":1,"29":1,"30":1,"31":1,"32":1,"33":1,"34":1,"35":1,"36":1,"37":1,"38":1,"39":1,"40":1,"41":1,"42":16,"43":16,"44":16,"45":16,"46":16,"47":16,"48":1,"49":1,"50":8,"51":8,"52":8,"53":8,"54":8,"55":8,"56":1,"57":1,"58":6,"59":6,"60":6,"61":6,"62":6,"63":6},"branchMap":{"0":{"type":"branch","line":42,"loc":{"start":{"line":42,"column":7},"end":{"line":48,"column":1}},"locations":[{"start":{"line":42,"column":7},"end":{"line":48,"column":1}}]},"1":{"type":"branch","line":44,"loc":{"start":{"line":44,"column":4},"end":{"line":44,"column":42}},"locations":[{"start":{"line":44,"column":4},"end":{"line":44,"column":42}}]},"2":{"type":"branch","line":44,"loc":{"start":{"line":44,"column":33},"end":{"line":44,"column":47}},"locations":[{"start":{"line":44,"column":33},"end":{"line":44,"column":47}}]},"3":{"type":"branch","line":50,"loc":{"start":{"line":50,"column":7},"end":{"line":56,"column":1}},"locations":[{"start":{"line":50,"column":7},"end":{"line":56,"column":1}}]},"4":{"type":"branch","line":52,"loc":{"start":{"line":52,"column":4},"end":{"line":52,"column":42}},"locations":[{"start":{"line":52,"column":4},"end":{"line":52,"column":42}}]},"5":{"type":"branch","line":52,"loc":{"start":{"line":52,"column":33},"end":{"line":52,"column":47}},"locations":[{"start":{"line":52,"column":33},"end":{"line":52,"column":47}}]},"6":{"type":"branch","line":58,"loc":{"start":{"line":58,"column":7},"end":{"line":64,"column":1}},"locations":[{"start":{"line":58,"column":7},"end":{"line":64,"column":1}}]},"7":{"type":"branch","line":60,"loc":{"start":{"line":60,"column":4},"end":{"line":60,"column":52}},"locations":[{"start":{"line":60,"column":4},"end":{"line":60,"column":52}}]},"8":{"type":"branch","line":60,"loc":{"start":{"line":60,"column":43},"end":{"line":60,"column":57}},"locations":[{"start":{"line":60,"column":43},"end":{"line":60,"column":57}}]}},"b":{"0":[16],"1":[14],"2":[2],"3":[8],"4":[6],"5":[2],"6":[6],"7":[4],"8":[2]},"fnMap":{"0":{"name":"useKPIsGerente","decl":{"start":{"line":42,"column":7},"end":{"line":48,"column":1}},"loc":{"start":{"line":42,"column":7},"end":{"line":48,"column":1}},"line":42},"1":{"name":"useChurnAtRisk","decl":{"start":{"line":50,"column":7},"end":{"line":56,"column":1}},"loc":{"start":{"line":50,"column":7},"end":{"line":56,"column":1}},"line":50},"2":{"name":"useIngresosMensuales","decl":{"start":{"line":58,"column":7},"end":{"line":64,"column":1}},"loc":{"start":{"line":58,"column":7},"end":{"line":64,"column":1}},"line":58}},"f":{"0":16,"1":8,"2":6}}
,"C:\\botas\\IA\\Documentación__\\GIMNASIO\\gymsos-frontend\\src\\hooks\\useMiembros.ts": {"path":"C:\\botas\\IA\\Documentación__\\GIMNASIO\\gymsos-frontend\\src\\hooks\\useMiembros.ts","all":false,"statementMap":{"0":{"start":{"line":1,"column":0},"end":{"line":1,"column":12}},"1":{"start":{"line":2,"column":0},"end":{"line":2,"column":0}},"2":{"start":{"line":3,"column":0},"end":{"line":3,"column":45}},"3":{"start":{"line":4,"column":0},"end":{"line":4,"column":53}},"4":{"start":{"line":5,"column":0},"end":{"line":5,"column":8}},"5":{"start":{"line":6,"column":0},"end":{"line":6,"column":25}},"6":{"start":{"line":7,"column":0},"end":{"line":7,"column":30}},"7":{"start":{"line":8,"column":0},"end":{"line":8,"column":22}},"8":{"start":{"line":9,"column":0},"end":{"line":9,"column":27}},"9":{"start":{"line":10,"column":0},"end":{"line":10,"column":19}},"10":{"start":{"line":11,"column":0},"end":{"line":11,"column":23}},"11":{"start":{"line":12,"column":0},"end":{"line":12,"column":0}},"12":{"start":{"line":13,"column":0},"end":{"line":13,"column":46}},"13":{"start":{"line":14,"column":0},"end":{"line":14,"column":454}},"14":{"start":{"line":15,"column":0},"end":{"line":15,"column":454}},"15":{"start":{"line":16,"column":0},"end":{"line":16,"column":454}},"16":{"start":{"line":17,"column":0},"end":{"line":17,"column":454}},"17":{"start":{"line":18,"column":0},"end":{"line":18,"column":454}},"18":{"start":{"line":19,"column":0},"end":{"line":19,"column":454}},"19":{"start":{"line":20,"column":0},"end":{"line":20,"column":454}},"20":{"start":{"line":21,"column":0},"end":{"line":21,"column":454}},"21":{"start":{"line":22,"column":0},"end":{"line":22,"column":1}},"22":{"start":{"line":23,"column":0},"end":{"line":23,"column":0}},"23":{"start":{"line":24,"column":0},"end":{"line":24,"column":46}},"24":{"start":{"line":25,"column":0},"end":{"line":25,"column":273}},"25":{"start":{"line":26,"column":0},"end":{"line":26,"column":274}},"26":{"start":{"line":27,"column":0},"end":{"line":27,"column":274}},"27":{"start":{"line":28,"column":0},"end":{"line":28,"column":1}},"28":{"start":{"line":29,"column":0},"end":{"line":29,"column":0}},"29":{"start":{"line":30,"column":0},"end":{"line":30,"column":107}},"30":{"start":{"line":31,"column":0},"end":{"line":31,"column":69}},"31":{"start":{"line":32,"column":0},"end":{"line":32,"column":9}},"32":{"start":{"line":33,"column":0},"end":{"line":33,"column":72}},"33":{"start":{"line":34,"column":0},"end":{"line":34,"column":13}},"34":{"start":{"line":35,"column":0},"end":{"line":35,"column":57}},"35":{"start":{"line":36,"column":0},"end":{"line":36,"column":40}},"36":{"start":{"line":37,"column":0},"end":{"line":37,"column":3}},"37":{"start":{"line":38,"column":0},"end":{"line":38,"column":0}},"38":{"start":{"line":39,"column":0},"end":{"line":39,"column":89}},"39":{"start":{"line":40,"column":0},"end":{"line":40,"column":1}},"40":{"start":{"line":41,"column":0},"end":{"line":41,"column":0}},"41":{"start":{"line":42,"column":0},"end":{"line":42,"column":63}},"42":{"start":{"line":43,"column":0},"end":{"line":43,"column":34}},"43":{"start":{"line":44,"column":0},"end":{"line":44,"column":60}},"44":{"start":{"line":45,"column":0},"end":{"line":45,"column":26}},"45":{"start":{"line":46,"column":0},"end":{"line":46,"column":12}},"46":{"start":{"line":47,"column":0},"end":{"line":47,"column":3}},"47":{"start":{"line":48,"column":0},"end":{"line":48,"column":1}},"48":{"start":{"line":49,"column":0},"end":{"line":49,"column":0}},"49":{"start":{"line":50,"column":0},"end":{"line":50,"column":39}},"50":{"start":{"line":51,"column":0},"end":{"line":51,"column":283}},"51":{"start":{"line":52,"column":0},"end":{"line":52,"column":277}},"52":{"start":{"line":53,"column":0},"end":{"line":53,"column":297}},"53":{"start":{"line":54,"column":0},"end":{"line":54,"column":276}},"54":{"start":{"line":55,"column":0},"end":{"line":55,"column":1}},"55":{"start":{"line":56,"column":0},"end":{"line":56,"column":0}},"56":{"start":{"line":57,"column":0},"end":{"line":57,"column":56}},"57":{"start":{"line":58,"column":0},"end":{"line":58,"column":25}},"58":{"start":{"line":59,"column":0},"end":{"line":59,"column":26}},"59":{"start":{"line":60,"column":0},"end":{"line":60,"column":33}},"60":{"start":{"line":61,"column":0},"end":{"line":61,"column":0}},"61":{"start":{"line":62,"column":0},"end":{"line":62,"column":34}},"62":{"start":{"line":63,"column":0},"end":{"line":63,"column":74}},"63":{"start":{"line":64,"column":0},"end":{"line":64,"column":19}},"64":{"start":{"line":65,"column":0},"end":{"line":65,"column":12}},"65":{"start":{"line":66,"column":0},"end":{"line":66,"column":3}},"66":{"start":{"line":67,"column":0},"end":{"line":67,"column":1}}},"s":{"0":1,"1":1,"2":1,"3":1,"4":1,"5":1,"6":1,"7":1,"8":1,"9":1,"10":1,"11":1,"12":1,"13":1,"14":1,"15":1,"16":1,"17":1,"18":1,"19":1,"20":1,"21":1,"22":1,"23":1,"24":1,"25":1,"26":1,"27":1,"28":1,"29":1,"30":14,"31":14,"32":12,"33":2,"34":14,"35":14,"36":14,"37":14,"38":14,"39":14,"40":1,"41":1,"42":4,"43":4,"44":4,"45":4,"46":4,"47":4,"48":1,"49":1,"50":1,"51":1,"52":1,"53":1,"54":1,"55":1,"56":1,"57":4,"58":4,"59":4,"60":4,"61":4,"62":4,"63":4,"64":4,"65":4,"66":4},"branchMap":{"0":{"type":"branch","line":30,"loc":{"start":{"line":30,"column":7},"end":{"line":40,"column":1}},"locations":[{"start":{"line":30,"column":7},"end":{"line":40,"column":1}}]},"1":{"type":"branch","line":32,"loc":{"start":{"line":32,"column":4},"end":{"line":33,"column":72}},"locations":[{"start":{"line":32,"column":4},"end":{"line":33,"column":72}}]},"2":{"type":"branch","line":33,"loc":{"start":{"line":33,"column":70},"end":{"line":34,"column":13}},"locations":[{"start":{"line":33,"column":70},"end":{"line":34,"column":13}}]},"3":{"type":"branch","line":39,"loc":{"start":{"line":39,"column":27},"end":{"line":39,"column":37}},"locations":[{"start":{"line":39,"column":27},"end":{"line":39,"column":37}}]},"4":{"type":"branch","line":39,"loc":{"start":{"line":39,"column":52},"end":{"line":39,"column":64}},"locations":[{"start":{"line":39,"column":52},"end":{"line":39,"column":64}}]},"5":{"type":"branch","line":42,"loc":{"start":{"line":42,"column":7},"end":{"line":48,"column":1}},"locations":[{"start":{"line":42,"column":7},"end":{"line":48,"column":1}}]},"6":{"type":"branch","line":44,"loc":{"start":{"line":44,"column":46},"end":{"line":44,"column":60}},"locations":[{"start":{"line":44,"column":46},"end":{"line":44,"column":60}}]},"7":{"type":"branch","line":57,"loc":{"start":{"line":57,"column":7},"end":{"line":67,"column":1}},"locations":[{"start":{"line":57,"column":7},"end":{"line":67,"column":1}}]},"8":{"type":"branch","line":63,"loc":{"start":{"line":63,"column":64},"end":{"line":63,"column":74}},"locations":[{"start":{"line":63,"column":64},"end":{"line":63,"column":74}}]}},"b":{"0":[14],"1":[12],"2":[2],"3":[0],"4":[0],"5":[4],"6":[0],"7":[4],"8":[0]},"fnMap":{"0":{"name":"useMiembros","decl":{"start":{"line":30,"column":7},"end":{"line":40,"column":1}},"loc":{"start":{"line":30,"column":7},"end":{"line":40,"column":1}},"line":30},"1":{"name":"data","decl":{"start":{"line":33,"column":8},"end":{"line":33,"column":72}},"loc":{"start":{"line":33,"column":8},"end":{"line":33,"column":72}},"line":33},"2":{"name":"usePagosPendientes","decl":{"start":{"line":42,"column":7},"end":{"line":48,"column":1}},"loc":{"start":{"line":42,"column":7},"end":{"line":48,"column":1}},"line":42},"3":{"name":"usePagosHoy","decl":{"start":{"line":57,"column":7},"end":{"line":67,"column":1}},"loc":{"start":{"line":57,"column":7},"end":{"line":67,"column":1}},"line":57}},"f":{"0":14,"1":0,"2":4,"3":4}}
,"C:\\botas\\IA\\Documentación__\\GIMNASIO\\gymsos-frontend\\src\\hooks\\usePlanes.ts": {"path":"C:\\botas\\IA\\Documentación__\\GIMNASIO\\gymsos-frontend\\src\\hooks\\usePlanes.ts","all":false,"statementMap":{"0":{"start":{"line":1,"column":0},"end":{"line":1,"column":12}},"1":{"start":{"line":2,"column":0},"end":{"line":2,"column":0}},"2":{"start":{"line":3,"column":0},"end":{"line":3,"column":53}},"3":{"start":{"line":4,"column":0},"end":{"line":4,"column":64}},"4":{"start":{"line":5,"column":0},"end":{"line":5,"column":0}},"5":{"start":{"line":6,"column":0},"end":{"line":6,"column":29}},"6":{"start":{"line":7,"column":0},"end":{"line":7,"column":295}},"7":{"start":{"line":8,"column":0},"end":{"line":8,"column":295}},"8":{"start":{"line":9,"column":0},"end":{"line":9,"column":295}},"9":{"start":{"line":10,"column":0},"end":{"line":10,"column":295}},"10":{"start":{"line":11,"column":0},"end":{"line":11,"column":1}},"11":{"start":{"line":12,"column":0},"end":{"line":12,"column":0}},"12":{"start":{"line":13,"column":0},"end":{"line":13,"column":54}},"13":{"start":{"line":14,"column":0},"end":{"line":14,"column":34}},"14":{"start":{"line":15,"column":0},"end":{"line":15,"column":53}},"15":{"start":{"line":16,"column":0},"end":{"line":16,"column":16}},"16":{"start":{"line":17,"column":0},"end":{"line":17,"column":12}},"17":{"start":{"line":18,"column":0},"end":{"line":18,"column":3}},"18":{"start":{"line":19,"column":0},"end":{"line":19,"column":1}}},"s":{"0":1,"1":1,"2":1,"3":1,"4":1,"5":1,"6":1,"7":1,"8":1,"9":1,"10":1,"11":1,"12":1,"13":20,"14":20,"15":20,"16":20,"17":20,"18":20},"branchMap":{"0":{"type":"branch","line":13,"loc":{"start":{"line":13,"column":7},"end":{"line":19,"column":1}},"locations":[{"start":{"line":13,"column":7},"end":{"line":19,"column":1}}]},"1":{"type":"branch","line":15,"loc":{"start":{"line":15,"column":4},"end":{"line":15,"column":48}},"locations":[{"start":{"line":15,"column":4},"end":{"line":15,"column":48}}]},"2":{"type":"branch","line":15,"loc":{"start":{"line":15,"column":39},"end":{"line":15,"column":53}},"locations":[{"start":{"line":15,"column":39},"end":{"line":15,"column":53}}]}},"b":{"0":[20],"1":[18],"2":[2]},"fnMap":{"0":{"name":"usePlanes","decl":{"start":{"line":13,"column":7},"end":{"line":19,"column":1}},"loc":{"start":{"line":13,"column":7},"end":{"line":19,"column":1}},"line":13}},"f":{"0":20}}
,"C:\\botas\\IA\\Documentación__\\GIMNASIO\\gymsos-frontend\\src\\lib\\auth.ts": {"path":"C:\\botas\\IA\\Documentación__\\GIMNASIO\\gymsos-frontend\\src\\lib\\auth.ts","all":false,"statementMap":{"0":{"start":{"line":1,"column":0},"end":{"line":1,"column":81}},"1":{"start":{"line":2,"column":0},"end":{"line":2,"column":0}},"2":{"start":{"line":3,"column":0},"end":{"line":3,"column":72}},"3":{"start":{"line":4,"column":0},"end":{"line":4,"column":64}},"4":{"start":{"line":5,"column":0},"end":{"line":5,"column":0}},"5":{"start":{"line":6,"column":0},"end":{"line":6,"column":26}},"6":{"start":{"line":7,"column":0},"end":{"line":7,"column":26}},"7":{"start":{"line":8,"column":0},"end":{"line":8,"column":26}},"8":{"start":{"line":9,"column":0},"end":{"line":9,"column":26}},"9":{"start":{"line":10,"column":0},"end":{"line":10,"column":26}},"10":{"start":{"line":11,"column":0},"end":{"line":11,"column":26}},"11":{"start":{"line":12,"column":0},"end":{"line":12,"column":38}},"12":{"start":{"line":13,"column":0},"end":{"line":13,"column":26}},"13":{"start":{"line":14,"column":0},"end":{"line":14,"column":26}},"14":{"start":{"line":15,"column":0},"end":{"line":15,"column":23}},"15":{"start":{"line":16,"column":0},"end":{"line":16,"column":33}},"16":{"start":{"line":17,"column":0},"end":{"line":17,"column":15}},"17":{"start":{"line":18,"column":0},"end":{"line":18,"column":30}},"18":{"start":{"line":19,"column":0},"end":{"line":19,"column":30}},"19":{"start":{"line":20,"column":0},"end":{"line":20,"column":30}},"20":{"start":{"line":21,"column":0},"end":{"line":21,"column":30}},"21":{"start":{"line":22,"column":0},"end":{"line":22,"column":73}},"22":{"start":{"line":23,"column":0},"end":{"line":23,"column":3}},"23":{"start":{"line":24,"column":0},"end":{"line":24,"column":1}},"24":{"start":{"line":25,"column":0},"end":{"line":25,"column":0}},"25":{"start":{"line":26,"column":0},"end":{"line":26,"column":82}},"26":{"start":{"line":27,"column":0},"end":{"line":27,"column":48}},"27":{"start":{"line":28,"column":0},"end":{"line":28,"column":38}},"28":{"start":{"line":29,"column":0},"end":{"line":29,"column":38}},"29":{"start":{"line":30,"column":0},"end":{"line":30,"column":41}},"30":{"start":{"line":31,"column":0},"end":{"line":31,"column":44}},"31":{"start":{"line":32,"column":0},"end":{"line":32,"column":1}},"32":{"start":{"line":33,"column":0},"end":{"line":33,"column":0}},"33":{"start":{"line":34,"column":0},"end":{"line":34,"column":48}},"34":{"start":{"line":35,"column":0},"end":{"line":35,"column":27}},"35":{"start":{"line":36,"column":0},"end":{"line":36,"column":27}},"36":{"start":{"line":37,"column":0},"end":{"line":37,"column":30}},"37":{"start":{"line":38,"column":0},"end":{"line":38,"column":33}},"38":{"start":{"line":39,"column":0},"end":{"line":39,"column":1}},"39":{"start":{"line":40,"column":0},"end":{"line":40,"column":0}},"40":{"start":{"line":41,"column":0},"end":{"line":41,"column":47}},"41":{"start":{"line":42,"column":0},"end":{"line":42,"column":22}},"42":{"start":{"line":43,"column":0},"end":{"line":43,"column":22}},"43":{"start":{"line":44,"column":0},"end":{"line":44,"column":23}},"44":{"start":{"line":45,"column":0},"end":{"line":45,"column":23}},"45":{"start":{"line":46,"column":0},"end":{"line":46,"column":1}},"46":{"start":{"line":47,"column":0},"end":{"line":47,"column":0}},"47":{"start":{"line":48,"column":0},"end":{"line":48,"column":82}},"48":{"start":{"line":49,"column":0},"end":{"line":49,"column":47}},"49":{"start":{"line":50,"column":0},"end":{"line":50,"column":27}},"50":{"start":{"line":51,"column":0},"end":{"line":51,"column":27}},"51":{"start":{"line":52,"column":0},"end":{"line":52,"column":27}},"52":{"start":{"line":53,"column":0},"end":{"line":53,"column":27}},"53":{"start":{"line":54,"column":0},"end":{"line":54,"column":1}},"54":{"start":{"line":55,"column":0},"end":{"line":55,"column":0}},"55":{"start":{"line":56,"column":0},"end":{"line":56,"column":81}},"56":{"start":{"line":57,"column":0},"end":{"line":57,"column":67}},"57":{"start":{"line":58,"column":0},"end":{"line":58,"column":75}},"58":{"start":{"line":59,"column":0},"end":{"line":59,"column":24}},"59":{"start":{"line":60,"column":0},"end":{"line":60,"column":40}},"60":{"start":{"line":61,"column":0},"end":{"line":61,"column":41}},"61":{"start":{"line":62,"column":0},"end":{"line":62,"column":34}},"62":{"start":{"line":63,"column":0},"end":{"line":63,"column":36}},"63":{"start":{"line":64,"column":0},"end":{"line":64,"column":39}},"64":{"start":{"line":65,"column":0},"end":{"line":65,"column":32}},"65":{"start":{"line":66,"column":0},"end":{"line":66,"column":25}},"66":{"start":{"line":67,"column":0},"end":{"line":67,"column":60}},"67":{"start":{"line":68,"column":0},"end":{"line":68,"column":35}},"68":{"start":{"line":69,"column":0},"end":{"line":69,"column":31}},"69":{"start":{"line":70,"column":0},"end":{"line":70,"column":30}},"70":{"start":{"line":71,"column":0},"end":{"line":71,"column":4}},"71":{"start":{"line":72,"column":0},"end":{"line":72,"column":24}},"72":{"start":{"line":73,"column":0},"end":{"line":73,"column":40}},"73":{"start":{"line":74,"column":0},"end":{"line":74,"column":41}},"74":{"start":{"line":75,"column":0},"end":{"line":75,"column":34}},"75":{"start":{"line":76,"column":0},"end":{"line":76,"column":35}},"76":{"start":{"line":77,"column":0},"end":{"line":77,"column":39}},"77":{"start":{"line":78,"column":0},"end":{"line":78,"column":32}},"78":{"start":{"line":79,"column":0},"end":{"line":79,"column":25}},"79":{"start":{"line":80,"column":0},"end":{"line":80,"column":60}},"80":{"start":{"line":81,"column":0},"end":{"line":81,"column":35}},"81":{"start":{"line":82,"column":0},"end":{"line":82,"column":31}},"82":{"start":{"line":83,"column":0},"end":{"line":83,"column":30}},"83":{"start":{"line":84,"column":0},"end":{"line":84,"column":16}},"84":{"start":{"line":85,"column":0},"end":{"line":85,"column":46}},"85":{"start":{"line":86,"column":0},"end":{"line":86,"column":40}},"86":{"start":{"line":87,"column":0},"end":{"line":87,"column":38}},"87":{"start":{"line":88,"column":0},"end":{"line":88,"column":38}},"88":{"start":{"line":89,"column":0},"end":{"line":89,"column":34}},"89":{"start":{"line":90,"column":0},"end":{"line":90,"column":6}},"90":{"start":{"line":91,"column":0},"end":{"line":91,"column":4}},"91":{"start":{"line":92,"column":0},"end":{"line":92,"column":27}},"92":{"start":{"line":93,"column":0},"end":{"line":93,"column":43}},"93":{"start":{"line":94,"column":0},"end":{"line":94,"column":44}},"94":{"start":{"line":95,"column":0},"end":{"line":95,"column":37}},"95":{"start":{"line":96,"column":0},"end":{"line":96,"column":34}},"96":{"start":{"line":97,"column":0},"end":{"line":97,"column":39}},"97":{"start":{"line":98,"column":0},"end":{"line":98,"column":32}},"98":{"start":{"line":99,"column":0},"end":{"line":99,"column":25}},"99":{"start":{"line":100,"column":0},"end":{"line":100,"column":60}},"100":{"start":{"line":101,"column":0},"end":{"line":101,"column":35}},"101":{"start":{"line":102,"column":0},"end":{"line":102,"column":34}},"102":{"start":{"line":103,"column":0},"end":{"line":103,"column":30}},"103":{"start":{"line":104,"column":0},"end":{"line":104,"column":4}},"104":{"start":{"line":105,"column":0},"end":{"line":105,"column":26}},"105":{"start":{"line":106,"column":0},"end":{"line":106,"column":42}},"106":{"start":{"line":107,"column":0},"end":{"line":107,"column":43}},"107":{"start":{"line":108,"column":0},"end":{"line":108,"column":36}},"108":{"start":{"line":109,"column":0},"end":{"line":109,"column":35}},"109":{"start":{"line":110,"column":0},"end":{"line":110,"column":39}},"110":{"start":{"line":111,"column":0},"end":{"line":111,"column":32}},"111":{"start":{"line":112,"column":0},"end":{"line":112,"column":25}},"112":{"start":{"line":113,"column":0},"end":{"line":113,"column":60}},"113":{"start":{"line":114,"column":0},"end":{"line":114,"column":35}},"114":{"start":{"line":115,"column":0},"end":{"line":115,"column":37}},"115":{"start":{"line":116,"column":0},"end":{"line":116,"column":30}},"116":{"start":{"line":117,"column":0},"end":{"line":117,"column":4}},"117":{"start":{"line":118,"column":0},"end":{"line":118,"column":1}},"118":{"start":{"line":119,"column":0},"end":{"line":119,"column":0}},"119":{"start":{"line":120,"column":0},"end":{"line":120,"column":82}},"120":{"start":{"line":121,"column":0},"end":{"line":121,"column":83}},"121":{"start":{"line":122,"column":0},"end":{"line":122,"column":53}},"122":{"start":{"line":123,"column":0},"end":{"line":123,"column":54}},"123":{"start":{"line":124,"column":0},"end":{"line":124,"column":43}},"124":{"start":{"line":125,"column":0},"end":{"line":125,"column":43}},"125":{"start":{"line":126,"column":0},"end":{"line":126,"column":17}},"126":{"start":{"line":127,"column":0},"end":{"line":127,"column":1}},"127":{"start":{"line":128,"column":0},"end":{"line":128,"column":0}},"128":{"start":{"line":129,"column":0},"end":{"line":129,"column":81}},"129":{"start":{"line":130,"column":0},"end":{"line":130,"column":36}},"130":{"start":{"line":131,"column":0},"end":{"line":131,"column":0}},"131":{"start":{"line":132,"column":0},"end":{"line":132,"column":50}},"132":{"start":{"line":133,"column":0},"end":{"line":133,"column":38}},"133":{"start":{"line":134,"column":0},"end":{"line":134,"column":61}},"134":{"start":{"line":135,"column":0},"end":{"line":135,"column":3}},"135":{"start":{"line":136,"column":0},"end":{"line":136,"column":1}},"136":{"start":{"line":137,"column":0},"end":{"line":137,"column":0}},"137":{"start":{"line":138,"column":0},"end":{"line":138,"column":46}},"138":{"start":{"line":139,"column":0},"end":{"line":139,"column":38}},"139":{"start":{"line":140,"column":0},"end":{"line":140,"column":9}},"140":{"start":{"line":141,"column":0},"end":{"line":141,"column":53}},"141":{"start":{"line":142,"column":0},"end":{"line":142,"column":48}},"142":{"start":{"line":143,"column":0},"end":{"line":143,"column":13}},"143":{"start":{"line":144,"column":0},"end":{"line":144,"column":17}},"144":{"start":{"line":145,"column":0},"end":{"line":145,"column":5}},"145":{"start":{"line":146,"column":0},"end":{"line":146,"column":3}},"146":{"start":{"line":147,"column":0},"end":{"line":147,"column":13}},"147":{"start":{"line":148,"column":0},"end":{"line":148,"column":1}},"148":{"start":{"line":149,"column":0},"end":{"line":149,"column":0}},"149":{"start":{"line":150,"column":0},"end":{"line":150,"column":38}},"150":{"start":{"line":151,"column":0},"end":{"line":151,"column":38}},"151":{"start":{"line":152,"column":0},"end":{"line":152,"column":42}},"152":{"start":{"line":153,"column":0},"end":{"line":153,"column":3}},"153":{"start":{"line":154,"column":0},"end":{"line":154,"column":1}}},"s":{"0":1,"1":1,"2":1,"3":1,"4":1,"5":1,"6":1,"7":1,"8":1,"9":1,"10":1,"11":1,"12":1,"13":1,"14":1,"15":1,"16":1,"17":1,"18":1,"19":1,"20":1,"21":1,"22":1,"23":1,"24":1,"25":1,"26":1,"27":1,"28":1,"29":1,"30":1,"31":1,"32":1,"33":1,"34":1,"35":1,"36":1,"37":1,"38":1,"39":1,"40":1,"41":1,"42":1,"43":1,"44":1,"45":1,"46":1,"47":1,"48":1,"49":1,"50":1,"51":1,"52":1,"53":1,"54":1,"55":1,"56":1,"57":1,"58":1,"59":1,"60":1,"61":1,"62":1,"63":1,"64":1,"65":1,"66":1,"67":1,"68":1,"69":1,"70":1,"71":1,"72":1,"73":1,"74":1,"75":1,"76":1,"77":1,"78":1,"79":1,"80":1,"81":1,"82":1,"83":1,"84":1,"85":1,"86":1,"87":1,"88":1,"89":1,"90":1,"91":1,"92":1,"93":1,"94":1,"95":1,"96":1,"97":1,"98":1,"99":1,"100":1,"101":1,"102":1,"103":1,"104":1,"105":1,"106":1,"107":1,"108":1,"109":1,"110":1,"111":1,"112":1,"113":1,"114":1,"115":1,"116":1,"117":1,"118":1,"119":1,"120":1,"121":10,"122":10,"123":10,"124":8,"125":8,"126":8,"127":1,"128":1,"129":1,"130":1,"131":1,"132":3,"133":3,"134":3,"135":3,"136":1,"137":1,"138":5,"139":5,"140":5,"141":5,"142":5,"143":1,"144":1,"145":5,"146":2,"147":2,"148":1,"149":1,"150":6,"151":6,"152":6,"153":6},"branchMap":{"0":{"type":"branch","line":121,"loc":{"start":{"line":121,"column":7},"end":{"line":127,"column":1}},"locations":[{"start":{"line":121,"column":7},"end":{"line":127,"column":1}}]},"1":{"type":"branch","line":123,"loc":{"start":{"line":123,"column":7},"end":{"line":123,"column":43}},"locations":[{"start":{"line":123,"column":7},"end":{"line":123,"column":43}}]},"2":{"type":"branch","line":123,"loc":{"start":{"line":123,"column":43},"end":{"line":123,"column":54}},"locations":[{"start":{"line":123,"column":43},"end":{"line":123,"column":54}}]},"3":{"type":"branch","line":123,"loc":{"start":{"line":123,"column":50},"end":{"line":124,"column":32}},"locations":[{"start":{"line":123,"column":50},"end":{"line":124,"column":32}}]},"4":{"type":"branch","line":124,"loc":{"start":{"line":124,"column":32},"end":{"line":124,"column":43}},"locations":[{"start":{"line":124,"column":32},"end":{"line":124,"column":43}}]},"5":{"type":"branch","line":124,"loc":{"start":{"line":124,"column":39},"end":{"line":127,"column":1}},"locations":[{"start":{"line":124,"column":39},"end":{"line":127,"column":1}}]},"6":{"type":"branch","line":132,"loc":{"start":{"line":132,"column":7},"end":{"line":136,"column":1}},"locations":[{"start":{"line":132,"column":7},"end":{"line":136,"column":1}}]},"7":{"type":"branch","line":138,"loc":{"start":{"line":138,"column":7},"end":{"line":148,"column":1}},"locations":[{"start":{"line":138,"column":7},"end":{"line":148,"column":1}}]},"8":{"type":"branch","line":142,"loc":{"start":{"line":142,"column":15},"end":{"line":142,"column":48}},"locations":[{"start":{"line":142,"column":15},"end":{"line":142,"column":48}}]},"9":{"type":"branch","line":143,"loc":{"start":{"line":143,"column":6},"end":{"line":145,"column":5}},"locations":[{"start":{"line":143,"column":6},"end":{"line":145,"column":5}}]},"10":{"type":"branch","line":146,"loc":{"start":{"line":146,"column":2},"end":{"line":148,"column":1}},"locations":[{"start":{"line":146,"column":2},"end":{"line":148,"column":1}}]},"11":{"type":"branch","line":150,"loc":{"start":{"line":150,"column":7},"end":{"line":154,"column":1}},"locations":[{"start":{"line":150,"column":7},"end":{"line":154,"column":1}}]}},"b":{"0":[10],"1":[9],"2":[2],"3":[8],"4":[0],"5":[8],"6":[3],"7":[5],"8":[3],"9":[1],"10":[2],"11":[6]},"fnMap":{"0":{"name":"authenticateDemo","decl":{"start":{"line":121,"column":7},"end":{"line":127,"column":1}},"loc":{"start":{"line":121,"column":7},"end":{"line":127,"column":1}},"line":121},"1":{"name":"saveSession","decl":{"start":{"line":132,"column":7},"end":{"line":136,"column":1}},"loc":{"start":{"line":132,"column":7},"end":{"line":136,"column":1}},"line":132},"2":{"name":"getSession","decl":{"start":{"line":138,"column":7},"end":{"line":148,"column":1}},"loc":{"start":{"line":138,"column":7},"end":{"line":148,"column":1}},"line":138},"3":{"name":"clearSession","decl":{"start":{"line":150,"column":7},"end":{"line":154,"column":1}},"loc":{"start":{"line":150,"column":7},"end":{"line":154,"column":1}},"line":150}},"f":{"0":10,"1":3,"2":5,"3":6}}
,"C:\\botas\\IA\\Documentación__\\GIMNASIO\\gymsos-frontend\\src\\lib\\services\\accesos.service.ts": {"path":"C:\\botas\\IA\\Documentación__\\GIMNASIO\\gymsos-frontend\\src\\lib\\services\\accesos.service.ts","all":false,"statementMap":{"0":{"start":{"line":1,"column":0},"end":{"line":1,"column":73}},"1":{"start":{"line":2,"column":0},"end":{"line":2,"column":0}},"2":{"start":{"line":3,"column":0},"end":{"line":3,"column":29}},"3":{"start":{"line":4,"column":0},"end":{"line":4,"column":19}},"4":{"start":{"line":5,"column":0},"end":{"line":5,"column":20}},"5":{"start":{"line":6,"column":0},"end":{"line":6,"column":21}},"6":{"start":{"line":7,"column":0},"end":{"line":7,"column":28}},"7":{"start":{"line":8,"column":0},"end":{"line":8,"column":34}},"8":{"start":{"line":9,"column":0},"end":{"line":9,"column":44}},"9":{"start":{"line":10,"column":0},"end":{"line":10,"column":41}},"10":{"start":{"line":11,"column":0},"end":{"line":11,"column":33}},"11":{"start":{"line":12,"column":0},"end":{"line":12,"column":25}},"12":{"start":{"line":13,"column":0},"end":{"line":13,"column":23}},"13":{"start":{"line":14,"column":0},"end":{"line":14,"column":1}},"14":{"start":{"line":15,"column":0},"end":{"line":15,"column":0}},"15":{"start":{"line":16,"column":0},"end":{"line":16,"column":42}},"16":{"start":{"line":17,"column":0},"end":{"line":17,"column":16}},"17":{"start":{"line":18,"column":0},"end":{"line":18,"column":26}},"18":{"start":{"line":19,"column":0},"end":{"line":19,"column":29}},"19":{"start":{"line":20,"column":0},"end":{"line":20,"column":40}},"20":{"start":{"line":21,"column":0},"end":{"line":21,"column":20}},"21":{"start":{"line":22,"column":0},"end":{"line":22,"column":12}},"22":{"start":{"line":23,"column":0},"end":{"line":23,"column":7}},"23":{"start":{"line":24,"column":0},"end":{"line":24,"column":80}},"24":{"start":{"line":25,"column":0},"end":{"line":25,"column":63}},"25":{"start":{"line":26,"column":0},"end":{"line":26,"column":16}},"26":{"start":{"line":27,"column":0},"end":{"line":27,"column":15}},"27":{"start":{"line":28,"column":0},"end":{"line":28,"column":20}},"28":{"start":{"line":29,"column":0},"end":{"line":29,"column":17}},"29":{"start":{"line":30,"column":0},"end":{"line":30,"column":27}},"30":{"start":{"line":31,"column":0},"end":{"line":31,"column":9}},"31":{"start":{"line":32,"column":0},"end":{"line":32,"column":7}},"32":{"start":{"line":33,"column":0},"end":{"line":33,"column":6}},"33":{"start":{"line":34,"column":0},"end":{"line":34,"column":5}},"34":{"start":{"line":35,"column":0},"end":{"line":35,"column":29}},"35":{"start":{"line":36,"column":0},"end":{"line":36,"column":54}},"36":{"start":{"line":37,"column":0},"end":{"line":37,"column":28}},"37":{"start":{"line":38,"column":0},"end":{"line":38,"column":0}},"38":{"start":{"line":39,"column":0},"end":{"line":39,"column":39}},"39":{"start":{"line":40,"column":0},"end":{"line":40,"column":0}},"40":{"start":{"line":41,"column":0},"end":{"line":41,"column":34}},"41":{"start":{"line":42,"column":0},"end":{"line":42,"column":35}},"42":{"start":{"line":43,"column":0},"end":{"line":43,"column":20}},"43":{"start":{"line":44,"column":0},"end":{"line":44,"column":78}},"44":{"start":{"line":45,"column":0},"end":{"line":45,"column":12}},"45":{"start":{"line":46,"column":0},"end":{"line":46,"column":77}},"46":{"start":{"line":47,"column":0},"end":{"line":47,"column":0}},"47":{"start":{"line":48,"column":0},"end":{"line":48,"column":12}},"48":{"start":{"line":49,"column":0},"end":{"line":49,"column":38}},"49":{"start":{"line":50,"column":0},"end":{"line":50,"column":39}},"50":{"start":{"line":51,"column":0},"end":{"line":51,"column":40}},"51":{"start":{"line":52,"column":0},"end":{"line":52,"column":47}},"52":{"start":{"line":53,"column":0},"end":{"line":53,"column":46}},"53":{"start":{"line":54,"column":0},"end":{"line":54,"column":72}},"54":{"start":{"line":55,"column":0},"end":{"line":55,"column":76}},"55":{"start":{"line":56,"column":0},"end":{"line":56,"column":45}},"56":{"start":{"line":57,"column":0},"end":{"line":57,"column":42}},"57":{"start":{"line":58,"column":0},"end":{"line":58,"column":52}},"58":{"start":{"line":59,"column":0},"end":{"line":59,"column":5}},"59":{"start":{"line":60,"column":0},"end":{"line":60,"column":4}},"60":{"start":{"line":61,"column":0},"end":{"line":61,"column":1}},"61":{"start":{"line":62,"column":0},"end":{"line":62,"column":0}},"62":{"start":{"line":63,"column":0},"end":{"line":63,"column":111}},"63":{"start":{"line":64,"column":0},"end":{"line":64,"column":24}},"64":{"start":{"line":65,"column":0},"end":{"line":65,"column":26}},"65":{"start":{"line":66,"column":0},"end":{"line":66,"column":0}},"66":{"start":{"line":67,"column":0},"end":{"line":67,"column":63}},"67":{"start":{"line":68,"column":0},"end":{"line":68,"column":20}},"68":{"start":{"line":69,"column":0},"end":{"line":69,"column":43}},"69":{"start":{"line":70,"column":0},"end":{"line":70,"column":29}},"70":{"start":{"line":71,"column":0},"end":{"line":71,"column":37}},"71":{"start":{"line":72,"column":0},"end":{"line":72,"column":49}},"72":{"start":{"line":73,"column":0},"end":{"line":73,"column":0}},"73":{"start":{"line":74,"column":0},"end":{"line":74,"column":49}},"74":{"start":{"line":75,"column":0},"end":{"line":75,"column":0}},"75":{"start":{"line":76,"column":0},"end":{"line":76,"column":31}},"76":{"start":{"line":77,"column":0},"end":{"line":77,"column":70}},"77":{"start":{"line":78,"column":0},"end":{"line":78,"column":0}},"78":{"start":{"line":79,"column":0},"end":{"line":79,"column":10}},"79":{"start":{"line":80,"column":0},"end":{"line":80,"column":37}},"80":{"start":{"line":81,"column":0},"end":{"line":81,"column":36}},"81":{"start":{"line":82,"column":0},"end":{"line":82,"column":3}},"82":{"start":{"line":83,"column":0},"end":{"line":83,"column":1}},"83":{"start":{"line":84,"column":0},"end":{"line":84,"column":0}},"84":{"start":{"line":85,"column":0},"end":{"line":85,"column":38}},"85":{"start":{"line":86,"column":0},"end":{"line":86,"column":20}},"86":{"start":{"line":87,"column":0},"end":{"line":87,"column":16}},"87":{"start":{"line":88,"column":0},"end":{"line":88,"column":49}},"88":{"start":{"line":89,"column":0},"end":{"line":89,"column":52}},"89":{"start":{"line":90,"column":0},"end":{"line":90,"column":31}},"90":{"start":{"line":91,"column":0},"end":{"line":91,"column":44}},"91":{"start":{"line":92,"column":0},"end":{"line":92,"column":23}},"92":{"start":{"line":93,"column":0},"end":{"line":93,"column":54}},"93":{"start":{"line":94,"column":0},"end":{"line":94,"column":32}},"94":{"start":{"line":95,"column":0},"end":{"line":95,"column":27}},"95":{"start":{"line":96,"column":0},"end":{"line":96,"column":69}},"96":{"start":{"line":97,"column":0},"end":{"line":97,"column":13}},"97":{"start":{"line":98,"column":0},"end":{"line":98,"column":0}},"98":{"start":{"line":99,"column":0},"end":{"line":99,"column":31}},"99":{"start":{"line":100,"column":0},"end":{"line":100,"column":70}},"100":{"start":{"line":101,"column":0},"end":{"line":101,"column":0}},"101":{"start":{"line":102,"column":0},"end":{"line":102,"column":59}},"102":{"start":{"line":103,"column":0},"end":{"line":103,"column":33}},"103":{"start":{"line":104,"column":0},"end":{"line":104,"column":29}},"104":{"start":{"line":105,"column":0},"end":{"line":105,"column":28}},"105":{"start":{"line":106,"column":0},"end":{"line":106,"column":60}},"106":{"start":{"line":107,"column":0},"end":{"line":107,"column":37}},"107":{"start":{"line":108,"column":0},"end":{"line":108,"column":4}},"108":{"start":{"line":109,"column":0},"end":{"line":109,"column":0}},"109":{"start":{"line":110,"column":0},"end":{"line":110,"column":39}},"110":{"start":{"line":111,"column":0},"end":{"line":111,"column":29}},"111":{"start":{"line":112,"column":0},"end":{"line":112,"column":1}},"112":{"start":{"line":113,"column":0},"end":{"line":113,"column":0}},"113":{"start":{"line":114,"column":0},"end":{"line":114,"column":72}},"114":{"start":{"line":115,"column":0},"end":{"line":115,"column":34}},"115":{"start":{"line":116,"column":0},"end":{"line":116,"column":20}},"116":{"start":{"line":117,"column":0},"end":{"line":117,"column":60}},"117":{"start":{"line":118,"column":0},"end":{"line":118,"column":30}},"118":{"start":{"line":119,"column":0},"end":{"line":119,"column":0}},"119":{"start":{"line":120,"column":0},"end":{"line":120,"column":39}},"120":{"start":{"line":121,"column":0},"end":{"line":121,"column":1}},"121":{"start":{"line":122,"column":0},"end":{"line":122,"column":0}},"122":{"start":{"line":123,"column":0},"end":{"line":123,"column":48}},"123":{"start":{"line":124,"column":0},"end":{"line":124,"column":17}},"124":{"start":{"line":125,"column":0},"end":{"line":125,"column":13}},"125":{"start":{"line":126,"column":0},"end":{"line":126,"column":29}},"126":{"start":{"line":127,"column":0},"end":{"line":127,"column":40}},"127":{"start":{"line":128,"column":0},"end":{"line":128,"column":20}},"128":{"start":{"line":129,"column":0},"end":{"line":129,"column":12}},"129":{"start":{"line":130,"column":0},"end":{"line":130,"column":128}},"130":{"start":{"line":131,"column":0},"end":{"line":131,"column":5}},"131":{"start":{"line":132,"column":0},"end":{"line":132,"column":29}},"132":{"start":{"line":133,"column":0},"end":{"line":133,"column":54}},"133":{"start":{"line":134,"column":0},"end":{"line":134,"column":17}},"134":{"start":{"line":135,"column":0},"end":{"line":135,"column":0}},"135":{"start":{"line":136,"column":0},"end":{"line":136,"column":39}},"136":{"start":{"line":137,"column":0},"end":{"line":137,"column":0}},"137":{"start":{"line":138,"column":0},"end":{"line":138,"column":35}},"138":{"start":{"line":139,"column":0},"end":{"line":139,"column":9}},"139":{"start":{"line":140,"column":0},"end":{"line":140,"column":65}},"140":{"start":{"line":141,"column":0},"end":{"line":141,"column":69}},"141":{"start":{"line":142,"column":0},"end":{"line":142,"column":5}},"142":{"start":{"line":143,"column":0},"end":{"line":143,"column":1}}},"s":{"0":1,"1":1,"2":1,"3":1,"4":1,"5":1,"6":1,"7":1,"8":1,"9":1,"10":1,"11":1,"12":1,"13":1,"14":1,"15":1,"16":2,"17":2,"18":2,"19":2,"20":2,"21":2,"22":2,"23":2,"24":2,"25":2,"26":2,"27":2,"28":2,"29":2,"30":2,"31":2,"32":2,"33":2,"34":2,"35":2,"36":2,"37":2,"38":2,"39":2,"40":2,"41":0,"42":0,"43":0,"44":0,"45":0,"46":0,"47":0,"48":0,"49":0,"50":0,"51":0,"52":0,"53":0,"54":0,"55":0,"56":0,"57":0,"58":0,"59":0,"60":2,"61":1,"62":1,"63":3,"64":3,"65":3,"66":3,"67":3,"68":3,"69":3,"70":3,"71":3,"72":3,"73":3,"74":3,"75":3,"76":3,"77":3,"78":3,"79":3,"80":3,"81":3,"82":3,"83":1,"84":1,"85":0,"86":0,"87":0,"88":0,"89":0,"90":0,"91":0,"92":0,"93":0,"94":0,"95":0,"96":0,"97":0,"98":0,"99":0,"100":0,"101":0,"102":0,"103":0,"104":0,"105":0,"106":0,"107":0,"108":0,"109":0,"110":0,"111":0,"112":1,"113":1,"114":1,"115":1,"116":1,"117":1,"118":1,"119":1,"120":1,"121":1,"122":1,"123":2,"124":2,"125":2,"126":2,"127":2,"128":2,"129":2,"130":2,"131":2,"132":2,"133":2,"134":2,"135":2,"136":2,"137":2,"138":0,"139":0,"140":0,"141":0,"142":2},"branchMap":{"0":{"type":"branch","line":16,"loc":{"start":{"line":16,"column":7},"end":{"line":61,"column":1}},"locations":[{"start":{"line":16,"column":7},"end":{"line":61,"column":1}}]},"1":{"type":"branch","line":37,"loc":{"start":{"line":37,"column":21},"end":{"line":37,"column":28}},"locations":[{"start":{"line":37,"column":21},"end":{"line":37,"column":28}}]},"2":{"type":"branch","line":39,"loc":{"start":{"line":39,"column":13},"end":{"line":39,"column":39}},"locations":[{"start":{"line":39,"column":13},"end":{"line":39,"column":39}}]},"3":{"type":"branch","line":41,"loc":{"start":{"line":41,"column":10},"end":{"line":41,"column":20}},"locations":[{"start":{"line":41,"column":10},"end":{"line":41,"column":20}}]},"4":{"type":"branch","line":63,"loc":{"start":{"line":63,"column":7},"end":{"line":83,"column":1}},"locations":[{"start":{"line":63,"column":7},"end":{"line":83,"column":1}}]},"5":{"type":"branch","line":74,"loc":{"start":{"line":74,"column":18},"end":{"line":74,"column":49}},"locations":[{"start":{"line":74,"column":18},"end":{"line":74,"column":49}}]},"6":{"type":"branch","line":76,"loc":{"start":{"line":76,"column":16},"end":{"line":76,"column":31}},"locations":[{"start":{"line":76,"column":16},"end":{"line":76,"column":31}}]},"7":{"type":"branch","line":114,"loc":{"start":{"line":114,"column":7},"end":{"line":121,"column":1}},"locations":[{"start":{"line":114,"column":7},"end":{"line":121,"column":1}}]},"8":{"type":"branch","line":120,"loc":{"start":{"line":120,"column":13},"end":{"line":120,"column":39}},"locations":[{"start":{"line":120,"column":13},"end":{"line":120,"column":39}}]},"9":{"type":"branch","line":123,"loc":{"start":{"line":123,"column":7},"end":{"line":143,"column":1}},"locations":[{"start":{"line":123,"column":7},"end":{"line":143,"column":1}}]},"10":{"type":"branch","line":136,"loc":{"start":{"line":136,"column":13},"end":{"line":136,"column":39}},"locations":[{"start":{"line":136,"column":13},"end":{"line":136,"column":39}}]},"11":{"type":"branch","line":138,"loc":{"start":{"line":138,"column":10},"end":{"line":138,"column":20}},"locations":[{"start":{"line":138,"column":10},"end":{"line":138,"column":20}}]}},"b":{"0":[2],"1":[1],"2":[0],"3":[0],"4":[3],"5":[0],"6":[0],"7":[1],"8":[0],"9":[2],"10":[0],"11":[0]},"fnMap":{"0":{"name":"getAccesosRecientes","decl":{"start":{"line":16,"column":7},"end":{"line":61,"column":1}},"loc":{"start":{"line":16,"column":7},"end":{"line":61,"column":1}},"line":16},"1":{"name":"contarAccesosHoy","decl":{"start":{"line":63,"column":7},"end":{"line":83,"column":1}},"loc":{"start":{"line":63,"column":7},"end":{"line":83,"column":1}},"line":63},"2":{"name":"registrarAcceso","decl":{"start":{"line":85,"column":7},"end":{"line":112,"column":1}},"loc":{"start":{"line":85,"column":7},"end":{"line":112,"column":1}},"line":85},"3":{"name":"registrarSalida","decl":{"start":{"line":114,"column":7},"end":{"line":121,"column":1}},"loc":{"start":{"line":114,"column":7},"end":{"line":121,"column":1}},"line":114},"4":{"name":"getHistorialAccesoMiembro","decl":{"start":{"line":123,"column":7},"end":{"line":143,"column":1}},"loc":{"start":{"line":123,"column":7},"end":{"line":143,"column":1}},"line":123}},"f":{"0":2,"1":3,"2":0,"3":1,"4":2}}
,"C:\\botas\\IA\\Documentación__\\GIMNASIO\\gymsos-frontend\\src\\lib\\services\\base.ts": {"path":"C:\\botas\\IA\\Documentación__\\GIMNASIO\\gymsos-frontend\\src\\lib\\services\\base.ts","all":false,"statementMap":{"0":{"start":{"line":1,"column":0},"end":{"line":1,"column":41}},"1":{"start":{"line":2,"column":0},"end":{"line":2,"column":0}},"2":{"start":{"line":3,"column":0},"end":{"line":3,"column":19}},"3":{"start":{"line":4,"column":0},"end":{"line":4,"column":0}},"4":{"start":{"line":5,"column":0},"end":{"line":5,"column":41}},"5":{"start":{"line":6,"column":0},"end":{"line":6,"column":14}},"6":{"start":{"line":7,"column":0},"end":{"line":7,"column":20}},"7":{"start":{"line":8,"column":0},"end":{"line":8,"column":25}},"8":{"start":{"line":9,"column":0},"end":{"line":9,"column":28}},"9":{"start":{"line":10,"column":0},"end":{"line":10,"column":5}},"10":{"start":{"line":11,"column":0},"end":{"line":11,"column":18}},"11":{"start":{"line":12,"column":0},"end":{"line":12,"column":30}},"12":{"start":{"line":13,"column":0},"end":{"line":13,"column":3}},"13":{"start":{"line":14,"column":0},"end":{"line":14,"column":1}},"14":{"start":{"line":15,"column":0},"end":{"line":15,"column":0}},"15":{"start":{"line":16,"column":0},"end":{"line":16,"column":105}},"16":{"start":{"line":17,"column":0},"end":{"line":17,"column":66}},"17":{"start":{"line":18,"column":0},"end":{"line":18,"column":1}},"18":{"start":{"line":19,"column":0},"end":{"line":19,"column":0}},"19":{"start":{"line":20,"column":0},"end":{"line":20,"column":34}},"20":{"start":{"line":21,"column":0},"end":{"line":21,"column":11}},"21":{"start":{"line":22,"column":0},"end":{"line":22,"column":15}},"22":{"start":{"line":23,"column":0},"end":{"line":23,"column":1}},"23":{"start":{"line":24,"column":0},"end":{"line":24,"column":0}},"24":{"start":{"line":25,"column":0},"end":{"line":25,"column":28}},"25":{"start":{"line":26,"column":0},"end":{"line":26,"column":16}},"26":{"start":{"line":27,"column":0},"end":{"line":27,"column":17}},"27":{"start":{"line":28,"column":0},"end":{"line":28,"column":16}},"28":{"start":{"line":29,"column":0},"end":{"line":29,"column":1}}},"s":{"0":1,"1":1,"2":1,"3":1,"4":1,"5":1,"6":0,"7":0,"8":0,"9":0,"10":0,"11":0,"12":0,"13":1,"14":1,"15":1,"16":0,"17":0,"18":1,"19":1,"20":1,"21":1,"22":1,"23":1,"24":1,"25":1,"26":1,"27":1,"28":1},"branchMap":{},"b":{},"fnMap":{"0":{"name":"ServiceError","decl":{"start":{"line":6,"column":2},"end":{"line":13,"column":3}},"loc":{"start":{"line":6,"column":2},"end":{"line":13,"column":3}},"line":6},"1":{"name":"handleSupabaseError","decl":{"start":{"line":16,"column":7},"end":{"line":18,"column":1}},"loc":{"start":{"line":16,"column":7},"end":{"line":18,"column":1}},"line":16}},"f":{"0":0,"1":0}}
,"C:\\botas\\IA\\Documentación__\\GIMNASIO\\gymsos-frontend\\src\\lib\\services\\clases.service.ts": {"path":"C:\\botas\\IA\\Documentación__\\GIMNASIO\\gymsos-frontend\\src\\lib\\services\\clases.service.ts","all":false,"statementMap":{"0":{"start":{"line":1,"column":0},"end":{"line":1,"column":73}},"1":{"start":{"line":2,"column":0},"end":{"line":2,"column":0}},"2":{"start":{"line":3,"column":0},"end":{"line":3,"column":28}},"3":{"start":{"line":4,"column":0},"end":{"line":4,"column":18}},"4":{"start":{"line":5,"column":0},"end":{"line":5,"column":21}},"5":{"start":{"line":6,"column":0},"end":{"line":6,"column":30}},"6":{"start":{"line":7,"column":0},"end":{"line":7,"column":27}},"7":{"start":{"line":8,"column":0},"end":{"line":8,"column":16}},"8":{"start":{"line":9,"column":0},"end":{"line":9,"column":28}},"9":{"start":{"line":10,"column":0},"end":{"line":10,"column":26}},"10":{"start":{"line":11,"column":0},"end":{"line":11,"column":58}},"11":{"start":{"line":12,"column":0},"end":{"line":12,"column":27}},"12":{"start":{"line":13,"column":0},"end":{"line":13,"column":26}},"13":{"start":{"line":14,"column":0},"end":{"line":14,"column":64}},"14":{"start":{"line":15,"column":0},"end":{"line":15,"column":28}},"15":{"start":{"line":16,"column":0},"end":{"line":16,"column":64}},"16":{"start":{"line":17,"column":0},"end":{"line":17,"column":28}},"17":{"start":{"line":18,"column":0},"end":{"line":18,"column":25}},"18":{"start":{"line":19,"column":0},"end":{"line":19,"column":20}},"19":{"start":{"line":20,"column":0},"end":{"line":20,"column":1}},"20":{"start":{"line":21,"column":0},"end":{"line":21,"column":0}},"21":{"start":{"line":22,"column":0},"end":{"line":22,"column":34}},"22":{"start":{"line":23,"column":0},"end":{"line":23,"column":24}},"23":{"start":{"line":24,"column":0},"end":{"line":24,"column":20}},"24":{"start":{"line":25,"column":0},"end":{"line":25,"column":18}},"25":{"start":{"line":26,"column":0},"end":{"line":26,"column":27}},"26":{"start":{"line":27,"column":0},"end":{"line":27,"column":58}},"27":{"start":{"line":28,"column":0},"end":{"line":28,"column":25}},"28":{"start":{"line":29,"column":0},"end":{"line":29,"column":24}},"29":{"start":{"line":30,"column":0},"end":{"line":30,"column":1}},"30":{"start":{"line":31,"column":0},"end":{"line":31,"column":0}},"31":{"start":{"line":32,"column":0},"end":{"line":32,"column":43}},"32":{"start":{"line":33,"column":0},"end":{"line":33,"column":16}},"33":{"start":{"line":34,"column":0},"end":{"line":34,"column":64}},"34":{"start":{"line":35,"column":0},"end":{"line":35,"column":28}},"35":{"start":{"line":36,"column":0},"end":{"line":36,"column":18}},"36":{"start":{"line":37,"column":0},"end":{"line":37,"column":19}},"37":{"start":{"line":38,"column":0},"end":{"line":38,"column":12}},"38":{"start":{"line":39,"column":0},"end":{"line":39,"column":7}},"39":{"start":{"line":40,"column":0},"end":{"line":40,"column":76}},"40":{"start":{"line":41,"column":0},"end":{"line":41,"column":67}},"41":{"start":{"line":42,"column":0},"end":{"line":42,"column":51}},"42":{"start":{"line":43,"column":0},"end":{"line":43,"column":20}},"43":{"start":{"line":44,"column":0},"end":{"line":44,"column":27}},"44":{"start":{"line":45,"column":0},"end":{"line":45,"column":8}},"45":{"start":{"line":46,"column":0},"end":{"line":46,"column":25}},"46":{"start":{"line":47,"column":0},"end":{"line":47,"column":6}},"47":{"start":{"line":48,"column":0},"end":{"line":48,"column":5}},"48":{"start":{"line":49,"column":0},"end":{"line":49,"column":29}},"49":{"start":{"line":50,"column":0},"end":{"line":50,"column":0}},"50":{"start":{"line":51,"column":0},"end":{"line":51,"column":50}},"51":{"start":{"line":52,"column":0},"end":{"line":52,"column":19}},"52":{"start":{"line":53,"column":0},"end":{"line":53,"column":44}},"53":{"start":{"line":54,"column":0},"end":{"line":54,"column":36}},"54":{"start":{"line":55,"column":0},"end":{"line":55,"column":41}},"55":{"start":{"line":56,"column":0},"end":{"line":56,"column":38}},"56":{"start":{"line":57,"column":0},"end":{"line":57,"column":9}},"57":{"start":{"line":58,"column":0},"end":{"line":58,"column":58}},"58":{"start":{"line":59,"column":0},"end":{"line":59,"column":55}},"59":{"start":{"line":60,"column":0},"end":{"line":60,"column":3}},"60":{"start":{"line":61,"column":0},"end":{"line":61,"column":0}},"61":{"start":{"line":62,"column":0},"end":{"line":62,"column":55}},"62":{"start":{"line":63,"column":0},"end":{"line":63,"column":41}},"63":{"start":{"line":64,"column":0},"end":{"line":64,"column":0}},"64":{"start":{"line":65,"column":0},"end":{"line":65,"column":33}},"65":{"start":{"line":66,"column":0},"end":{"line":66,"column":39}},"66":{"start":{"line":67,"column":0},"end":{"line":67,"column":0}},"67":{"start":{"line":68,"column":0},"end":{"line":68,"column":35}},"68":{"start":{"line":69,"column":0},"end":{"line":69,"column":9}},"69":{"start":{"line":70,"column":0},"end":{"line":70,"column":44}},"70":{"start":{"line":71,"column":0},"end":{"line":71,"column":62}},"71":{"start":{"line":72,"column":0},"end":{"line":72,"column":47}},"72":{"start":{"line":73,"column":0},"end":{"line":73,"column":22}},"73":{"start":{"line":74,"column":0},"end":{"line":74,"column":91}},"74":{"start":{"line":75,"column":0},"end":{"line":75,"column":70}},"75":{"start":{"line":76,"column":0},"end":{"line":76,"column":5}},"76":{"start":{"line":77,"column":0},"end":{"line":77,"column":1}},"77":{"start":{"line":78,"column":0},"end":{"line":78,"column":0}},"78":{"start":{"line":79,"column":0},"end":{"line":79,"column":76}},"79":{"start":{"line":80,"column":0},"end":{"line":80,"column":87}},"80":{"start":{"line":81,"column":0},"end":{"line":81,"column":1}},"81":{"start":{"line":82,"column":0},"end":{"line":82,"column":0}},"82":{"start":{"line":83,"column":0},"end":{"line":83,"column":93}},"83":{"start":{"line":84,"column":0},"end":{"line":84,"column":24}},"84":{"start":{"line":85,"column":0},"end":{"line":85,"column":26}},"85":{"start":{"line":86,"column":0},"end":{"line":86,"column":0}},"86":{"start":{"line":87,"column":0},"end":{"line":87,"column":40}},"87":{"start":{"line":88,"column":0},"end":{"line":88,"column":19}},"88":{"start":{"line":89,"column":0},"end":{"line":89,"column":12}},"89":{"start":{"line":90,"column":0},"end":{"line":90,"column":7}},"90":{"start":{"line":91,"column":0},"end":{"line":91,"column":76}},"91":{"start":{"line":92,"column":0},"end":{"line":92,"column":67}},"92":{"start":{"line":93,"column":0},"end":{"line":93,"column":51}},"93":{"start":{"line":94,"column":0},"end":{"line":94,"column":26}},"94":{"start":{"line":95,"column":0},"end":{"line":95,"column":38}},"95":{"start":{"line":96,"column":0},"end":{"line":96,"column":6}},"96":{"start":{"line":97,"column":0},"end":{"line":97,"column":5}},"97":{"start":{"line":98,"column":0},"end":{"line":98,"column":38}},"98":{"start":{"line":99,"column":0},"end":{"line":99,"column":48}},"99":{"start":{"line":100,"column":0},"end":{"line":100,"column":52}},"100":{"start":{"line":101,"column":0},"end":{"line":101,"column":14}},"101":{"start":{"line":102,"column":0},"end":{"line":102,"column":0}},"102":{"start":{"line":103,"column":0},"end":{"line":103,"column":39}},"103":{"start":{"line":104,"column":0},"end":{"line":104,"column":0}},"104":{"start":{"line":105,"column":0},"end":{"line":105,"column":35}},"105":{"start":{"line":106,"column":0},"end":{"line":106,"column":9}},"106":{"start":{"line":107,"column":0},"end":{"line":107,"column":44}},"107":{"start":{"line":108,"column":0},"end":{"line":108,"column":62}},"108":{"start":{"line":109,"column":0},"end":{"line":109,"column":47}},"109":{"start":{"line":110,"column":0},"end":{"line":110,"column":70}},"110":{"start":{"line":111,"column":0},"end":{"line":111,"column":75}},"111":{"start":{"line":112,"column":0},"end":{"line":112,"column":5}},"112":{"start":{"line":113,"column":0},"end":{"line":113,"column":1}},"113":{"start":{"line":114,"column":0},"end":{"line":114,"colum
[...]
0}},"120":{"start":{"line":121,"column":0},"end":{"line":121,"column":10}},"121":{"start":{"line":122,"column":0},"end":{"line":122,"column":12}},"122":{"start":{"line":123,"column":0},"end":{"line":123,"column":53}},"123":{"start":{"line":124,"column":0},"end":{"line":124,"column":38}},"124":{"start":{"line":125,"column":0},"end":{"line":125,"column":47}},"125":{"start":{"line":126,"column":0},"end":{"line":126,"column":75}},"126":{"start":{"line":127,"column":0},"end":{"line":127,"column":24}},"127":{"start":{"line":128,"column":0},"end":{"line":128,"column":9}},"128":{"start":{"line":129,"column":0},"end":{"line":129,"column":52}},"129":{"start":{"line":130,"column":0},"end":{"line":130,"column":46}},"130":{"start":{"line":131,"column":0},"end":{"line":131,"column":52}},"131":{"start":{"line":132,"column":0},"end":{"line":132,"column":57}},"132":{"start":{"line":133,"column":0},"end":{"line":133,"column":116}},"133":{"start":{"line":134,"column":0},"end":{"line":134,"column":122}},"134":{"start":{"line":135,"column":0},"end":{"line":135,"column":9}},"135":{"start":{"line":136,"column":0},"end":{"line":136,"column":13}},"136":{"start":{"line":137,"column":0},"end":{"line":137,"column":3}},"137":{"start":{"line":138,"column":0},"end":{"line":138,"column":1}},"138":{"start":{"line":139,"column":0},"end":{"line":139,"column":0}},"139":{"start":{"line":140,"column":0},"end":{"line":140,"column":46}},"140":{"start":{"line":141,"column":0},"end":{"line":141,"column":13}},"141":{"start":{"line":142,"column":0},"end":{"line":142,"column":47}},"142":{"start":{"line":143,"column":0},"end":{"line":143,"column":18}},"143":{"start":{"line":144,"column":0},"end":{"line":144,"column":34}},"144":{"start":{"line":145,"column":0},"end":{"line":145,"column":21}},"145":{"start":{"line":146,"column":0},"end":{"line":146,"column":61}},"146":{"start":{"line":147,"column":0},"end":{"line":147,"column":25}},"147":{"start":{"line":148,"column":0},"end":{"line":148,"column":0}},"148":{"start":{"line":149,"column":0},"end":{"line":149,"column":39}},"149":{"start":{"line":150,"column":0},"end":{"line":150,"column":1}},"150":{"start":{"line":151,"column":0},"end":{"line":151,"column":0}},"151":{"start":{"line":152,"column":0},"end":{"line":152,"column":37}},"152":{"start":{"line":153,"column":0},"end":{"line":153,"column":16}},"153":{"start":{"line":154,"column":0},"end":{"line":154,"column":18}},"154":{"start":{"line":155,"column":0},"end":{"line":155,"column":12}},"155":{"start":{"line":156,"column":0},"end":{"line":156,"column":80}},"156":{"start":{"line":157,"column":0},"end":{"line":157,"column":32}},"157":{"start":{"line":158,"column":0},"end":{"line":158,"column":40}},"158":{"start":{"line":159,"column":0},"end":{"line":159,"column":21}},"159":{"start":{"line":160,"column":0},"end":{"line":160,"column":51}},"160":{"start":{"line":161,"column":0},"end":{"line":161,"column":29}},"161":{"start":{"line":162,"column":0},"end":{"line":162,"column":25}},"162":{"start":{"line":163,"column":0},"end":{"line":163,"column":90}},"163":{"start":{"line":164,"column":0},"end":{"line":164,"column":17}},"164":{"start":{"line":165,"column":0},"end":{"line":165,"column":0}},"165":{"start":{"line":166,"column":0},"end":{"line":166,"column":39}},"166":{"start":{"line":167,"column":0},"end":{"line":167,"column":19}},"167":{"start":{"line":168,"column":0},"end":{"line":168,"column":1}},"168":{"start":{"line":169,"column":0},"end":{"line":169,"column":0}},"169":{"start":{"line":170,"column":0},"end":{"line":170,"column":52}},"170":{"start":{"line":171,"column":0},"end":{"line":171,"column":16}},"171":{"start":{"line":172,"column":0},"end":{"line":172,"column":15}},"172":{"start":{"line":173,"column":0},"end":{"line":173,"column":19}},"173":{"start":{"line":174,"column":0},"end":{"line":174,"column":20}},"174":{"start":{"line":175,"column":0},"end":{"line":175,"column":29}},"175":{"start":{"line":176,"column":0},"end":{"line":176,"column":21}},"176":{"start":{"line":177,"column":0},"end":{"line":177,"column":17}},"177":{"start":{"line":178,"column":0},"end":{"line":178,"column":24}},"178":{"start":{"line":179,"column":0},"end":{"line":179,"column":73}},"179":{"start":{"line":180,"column":0},"end":{"line":180,"column":15}},"180":{"start":{"line":181,"column":0},"end":{"line":181,"column":76}},"181":{"start":{"line":182,"column":0},"end":{"line":182,"column":75}},"182":{"start":{"line":183,"column":0},"end":{"line":183,"column":0}},"183":{"start":{"line":184,"column":0},"end":{"line":184,"column":75}},"184":{"start":{"line":185,"column":0},"end":{"line":185,"column":23}},"185":{"start":{"line":186,"column":0},"end":{"line":186,"column":27}},"186":{"start":{"line":187,"column":0},"end":{"line":187,"column":4}},"187":{"start":{"line":188,"column":0},"end":{"line":188,"column":47}},"188":{"start":{"line":189,"column":0},"end":{"line":189,"column":38}},"189":{"start":{"line":190,"column":0},"end":{"line":190,"column":0}},"190":{"start":{"line":191,"column":0},"end":{"line":191,"column":74}},"191":{"start":{"line":192,"column":0},"end":{"line":192,"column":28}},"192":{"start":{"line":193,"column":0},"end":{"line":193,"column":29}},"193":{"start":{"line":194,"column":0},"end":{"line":194,"column":30}},"194":{"start":{"line":195,"column":0},"end":{"line":195,"column":40}},"195":{"start":{"line":196,"column":0},"end":{"line":196,"column":41}},"196":{"start":{"line":197,"column":0},"end":{"line":197,"column":38}},"197":{"start":{"line":198,"column":0},"end":{"line":198,"column":35}},"198":{"start":{"line":199,"column":0},"end":{"line":199,"column":27}},"199":{"start":{"line":200,"column":0},"end":{"line":200,"column":26}},"200":{"start":{"line":201,"column":0},"end":{"line":201,"column":4}},"201":{"start":{"line":202,"column":0},"end":{"line":202,"column":53}},"202":{"start":{"line":203,"column":0},"end":{"line":203,"column":0}},"203":{"start":{"line":204,"column":0},"end":{"line":204,"column":37}},"204":{"start":{"line":205,"column":0},"end":{"line":205,"column":37}},"205":{"start":{"line":206,"column":0},"end":{"line":206,"column":84}},"206":{"start":{"line":207,"column":0},"end":{"line":207,"column":0}},"207":{"start":{"line":208,"column":0},"end":{"line":208,"column":67}},"208":{"start":{"line":209,"column":0},"end":{"line":209,"column":23}},"209":{"start":{"line":210,"column":0},"end":{"line":210,"column":13}},"210":{"start":{"line":211,"column":0},"end":{"line":211,"column":36}},"211":{"start":{"line":212,"column":0},"end":{"line":212,"column":39}},"212":{"start":{"line":213,"column":0},"end":{"line":213,"column":65}},"213":{"start":{"line":214,"column":0},"end":{"line":214,"column":70}},"214":{"start":{"line":215,"column":0},"end":{"line":215,"column":34}},"215":{"start":{"line":216,"column":0},"end":{"line":216,"column":6}},"216":{"start":{"line":217,"column":0},"end":{"line":217,"column":27}},"217":{"start":{"line":218,"column":0},"end":{"line":218,"column":13}},"218":{"start":{"line":219,"column":0},"end":{"line":219,"column":57}},"219":{"start":{"line":220,"column":0},"end":{"line":220,"column":0}},"220":{"start":{"line":221,"column":0},"end":{"line":221,"column":57}},"221":{"start":{"line":222,"column":0},"end":{"line":222,"column":18}},"222":{"start":{"line":223,"column":0},"end":{"line":223,"column":13}},"223":{"start":{"line":224,"column":0},"end":{"line":224,"column":31}},"224":{"start":{"line":225,"column":0},"end":{"line":225,"column":43}},"225":{"start":{"line":226,"column":0},"end":{"line":226,"column":32}},"226":{"start":{"line":227,"column":0},"end":{"line":227,"column":26}},"227":{"start":{"line":228,"column":0},"end":{"line":228,"column":38}},"228":{"start":{"line":229,"column":0},"end":{"line":229,"column":33}},"229":{"start":{"line":230,"column":0},"end":{"line":230,"column":45}},"230":{"start":{"line":231,"column":0},"end":{"line":231,"column":6}},"231":{"start":{"line":232,"column":0},"end":{"line":232,"column":22}},"232":{"start":{"line":233,"column":0},"end":{"line":233,"column":13}},"233":{"start":{"line":234,"column":0},"end":{"line":234,"column":47}},"234":{"start":{"line":235,"column":0},"end":{"line":235,"column":0}},"235":{"start":{"line":236,"column":0},"end":{"line":236,"column":96}},"236":{"start":{"line":237,"column":0},"end":{"line":237,"column":1}},"237":{"start":{"line":238,"column":0},"end":{"line":238,"column":0}},"238":{"start":{"line":239,"column":0},"end":{"line":239,"column":71}},"239":{"start":{"line":240,"column":0},"end":{"line":240,"column":15}},"240":{"start":{"line":241,"column":0},"end":{"line":241,"column":17}},"241":{"start":{"line":242,"column":0},"end":{"line":242,"column":19}},"242":{"start":{"line":243,"column":0},"end":{"line":243,"column":21}},"243":{"start":{"line":244,"column":0},"end":{"line":244,"column":4}},"244":{"start":{"line":245,"column":0},"end":{"line":245,"column":40}},"245":{"start":{"line":246,"column":0},"end":{"line":246,"column":21}},"246":{"start":{"line":247,"column":0},"end":{"line":247,"column":21}},"247":{"start":{"line":248,"column":0},"end":{"line":248,"column":29}},"248":{"start":{"line":249,"column":0},"end":{"line":249,"column":25}},"249":{"start":{"line":250,"column":0},"end":{"line":250,"column":0}},"250":{"start":{"line":251,"column":0},"end":{"line":251,"column":39}},"251":{"start":{"line":252,"column":0},"end":{"line":252,"column":0}},"252":{"start":{"line":253,"column":0},"end":{"line":253,"column":26}},"253":{"start":{"line":254,"column":0},"end":{"line":254,"column":10}},"254":{"start":{"line":255,"column":0},"end":{"line":255,"column":30}},"255":{"start":{"line":256,"column":0},"end":{"line":256,"column":67}},"256":{"start":{"line":257,"column":0},"end":{"line":257,"column":69}},"257":{"start":{"line":258,"column":0},"end":{"line":258,"column":71}},"258":{"start":{"line":259,"column":0},"end":{"line":259,"column":3}},"259":{"start":{"line":260,"column":0},"end":{"line":260,"column":1}}},"s":{"0":1,"1":1,"2":1,"3":1,"4":1,"5":1,"6":1,"7":1,"8":1,"9":1,"10":1,"11":1,"12":1,"13":1,"14":1,"15":1,"16":1,"17":1,"18":1,"19":1,"20":1,"21":1,"22":1,"23":1,"24":1,"25":1,"26":1,"27":1,"28":1,"29":5,"30":5,"31":5,"32":5,"33":5,"34":5,"35":5,"36":5,"37":5,"38":5,"39":5,"40":5,"41":5,"42":5,"43":5,"44":5,"45":5,"46":5,"47":5,"48":5,"49":5,"50":5,"51":5,"52":5,"53":1,"54":1,"55":5,"56":5,"57":5,"58":5,"59":5,"60":5,"61":5,"62":5,"63":5,"64":5,"65":5,"66":0,"67":0,"68":0,"69":0,"70":0,"71":0,"72":0,"73":0,"74":0,"75":0,"76":0,"77":0,"78":0,"79":0,"80":0,"81":0,"82":0,"83":0,"84":0,"85":0,"86":0,"87":0,"88":0,"89":0,"90":0,"91":5,"92":5,"93":5,"94":1,"95":1,"96":2,"97":2,"98":2,"99":2,"100":2,"101":2,"102":2,"103":2,"104":2,"105":2,"106":2,"107":2,"108":2,"109":2,"110":2,"111":2,"112":1,"113":0,"114":0,"115":1,"116":1,"117":1,"118":0,"119":2,"120":2,"121":2,"122":2,"123":2,"124":2,"125":2,"126":2,"127":0,"128":0,"129":0,"130":0,"131":0,"132":0,"133":0,"134":0,"135":1,"136":2,"137":2,"138":1,"139":1,"140":3,"141":3,"142":3,"143":3,"144":3,"145":3,"146":3,"147":3,"148":3,"149":3,"150":1,"151":1,"152":4,"153":4,"154":4,"155":4,"156":4,"157":2,"158":2,"159":2,"160":2,"161":2,"162":2,"163":2,"164":2,"165":4,"166":4,"167":4,"168":1,"169":1,"170":2,"171":2,"172":2,"173":2,"174":2,"175":2,"176":2,"177":2,"178":2,"179":2,"180":2,"181":2,"182":2,"183":2,"184":2,"185":2,"186":2,"187":2,"188":2,"189":2,"190":2,"191":2,"192":2,"193":2,"194":2,"195":2,"196":2,"197":2,"198":2,"199":2,"200":2,"201":2,"202":2,"203":2,"204":2,"205":2,"206":2,"207":2,"208":2,"209":2,"210":2,"211":2,"212":2,"213":2,"214":2,"215":2,"216":2,"217":2,"218":2,"219":2,"220":2,"221":2,"222":2,"223":2,"224":2,"225":2,"226":2,"227":2,"228":2,"229":2,"230":2,"231":2,"232":2,"233":2,"234":2,"235":2,"236":2,"237":1,"238":1,"239":2,"240":2,"241":2,"242":2,"243":2,"244":2,"245":2,"246":2,"247":2,"248":2,"249":2,"250":2,"251":2,"252":2,"253":2,"254":2,"255":2,"256":2,"257":2,"258":2,"259":2},"branchMap":{"0":{"type":"branch","line":29,"loc":{"start":{"line":29,"column":7},"end":{"line":94,"column":1}},"locations":[{"start":{"line":29,"column":7},"end":{"line":94,"column":1}}]},"1":{"type":"branch","line":51,"loc":{"start":{"line":51,"column":16},"end":{"line":51,"column":41}},"locations":[{"start":{"line":51,"column":16},"end":{"line":51,"column":41}}]},"2":{"type":"branch","line":52,"loc":{"start":{"line":52,"column":19},"end":{"line":52,"column":50}},"locations":[{"start":{"line":52,"column":19},"end":{"line":52,"column":50}}]},"3":{"type":"branch","line":53,"loc":{"start":{"line":53,"column":21},"end":{"line":55,"column":3}},"locations":[{"start":{"line":53,"column":21},"end":{"line":55,"column":3}}]},"4":{"type":"branch","line":59,"loc":{"start":{"line":59,"column":18},"end":{"line":59,"column":41}},"locations":[{"start":{"line":59,"column":18},"end":{"line":59,"column":41}}]},"5":{"type":"branch","line":60,"loc":{"start":{"line":60,"column":19},"end":{"line":60,"column":81}},"locations":[{"start":{"line":60,"column":19},"end":{"line":60,"column":81}}]},"6":{"type":"branch","line":60,"loc":{"start":{"line":60,"column":69},"end":{"line":60,"column":74}},"locations":[{"start":{"line":60,"column":69},"end":{"line":60,"column":74}}]},"7":{"type":"branch","line":64,"loc":{"start":{"line":64,"column":13},"end":{"line":64,"column":39}},"locations":[{"start":{"line":64,"column":13},"end":{"line":64,"column":39}}]},"8":{"type":"branch","line":66,"loc":{"start":{"line":66,"column":43},"end":{"line":66,"column":53}},"locations":[{"start":{"line":66,"column":43},"end":{"line":66,"column":53}}]},"9":{"type":"branch","line":93,"loc":{"start":{"line":93,"column":34},"end":{"line":93,"column":45}},"locations":[{"start":{"line":93,"column":34},"end":{"line":93,"column":45}}]},"10":{"type":"branch","line":96,"loc":{"start":{"line":96,"column":7},"end":{"line":138,"column":1}},"locations":[{"start":{"line":96,"column":7},"end":{"line":138,"column":1}}]},"11":{"type":"branch","line":112,"loc":{"start":{"line":112,"column":13},"end":{"line":118,"column":76}},"locations":[{"start":{"line":112,"column":13},"end":{"line":118,"column":76}}]},"12":{"type":"branch","line":113,"loc":{"start":{"line":113,"column":42},"end":{"line":115,"column":3}},"locations":[{"start":{"line":113,"column":42},"end":{"line":115,"column":3}}]},"13":{"type":"branch","line":118,"loc":{"start":{"line":118,"column":67},"end":{"line":119,"column":10}},"locations":[{"start":{"line":118,"column":67},"end":{"line":119,"column":10}}]},"14":{"type":"branch","line":126,"loc":{"start":{"line":126,"column":36},"end":{"line":126,"column":75}},"locations":[{"start":{"line":126,"column":36},"end":{"line":126,"column":75}}]},"15":{"type":"branch","line":127,"loc":{"start":{"line":127,"column":15},"end":{"line":135,"column":9}},"locations":[{"start":{"line":127,"column":15},"end":{"line":135,"column":9}}]},"16":{"type":"branch","line":135,"loc":{"start":{"line":135,"column":8},"end":{"line":136,"column":13}},"locations":[{"start":{"line":135,"column":8},"end":{"line":136,"column":13}}]},"17":{"type":"branch","line":140,"loc":{"start":{"line":140,"column":7},"end":{"line":150,"column":1}},"locations":[{"start":{"line":140,"column":7},"end":{"line":150,"column":1}}]},"18":{"type":"branch","line":149,"loc":{"start":{"line":149,"column":13},"end":{"line":149,"column":39}},"locations":[{"start":{"line":149,"column":13},"end":{"line":149,"column":39}}]},"19":{"type":"branch","line":152,"loc":{"start":{"line":152,"column":7},"end":{"line":168,"column":1}},"locations":[{"start":{"line":152,"column":7},"end":{"line":168,"column":1}}]},"20":{"type":"branch","line":157,"loc":{"start":{"line":157,"column":23},"end":{"line":166,"column":13}},"locations":[{"start":{"line":157,"column":23},"end":{"line":166,"column":13}}]},"21":{"type":"branch","line":166,"loc":{"start":{"line":166,"column":13},"end":{"line":166,"column":39}},"locations":[{"start":{"line":166,"column":13},"end":{"line":166,"column":39}}]},"22":{"type":"branch","line":166,"loc":{"start":{"line":166,"column":33},"end":{"line":167,"column":17}},"locations":[{"start":{"line":166,"column":33},"end":{"line":167,"column":17}}]},"23":{"type":"branch","line":167,"loc":{"start":{"line":167,"column":9},"end":{"line":167,"column":19}},"locations":[{"start":{"line":167,"column":9},"end":{"line":167,"column":19}}]},"24":{"type":"branch","line":170,"loc":{"start":{"line":170,"column":7},"end":{"line":237,"column":1}},"locations":[{"start":{"line":170,"column":7},"end":{"line":237,"column":1}}]},"25":{"type":"branch","line":188,"loc":{"start":{"line":188,"column":17},"end":{"line":188,"column":47}},"locations":[{"start":{"line":188,"column":17},"end":{"line":188,"column":47}}]},"26":{"type":"branch","line":195,"loc":{"start":{"line":195,"column":31},"end":{"line":195,"column":40}},"locations":[{"start":{"line":195,"column":31},"end":{"line":195,"column":40}}]},"27":{"type":"branch","line":196,"loc":{"start":{"line":196,"column":32},"end":{"line":196,"column":41}},"locations":[{"start":{"line":196,"column":32},"end":{"line":196,"column":41}}]},"28":{"type":"branch","line":197,"loc":{"start":{"line":197,"column":29},"end":{"line":197,"column":38}},"locations":[{"start":{"line":197,"column":29},"end":{"line":197,"column":38}}]},"29":{"type":"branch","line":202,"loc":{"start":{"line":202,"column":20},"end":{"line":202,"column":53}},"locations":[{"start":{"line":202,"column":20},"end":{"line":202,"column":53}}]},"30":{"type":"branch","line":206,"loc":{"start":{"line":206,"column":76},"end":{"line":206,"column":81}},"locations":[{"start":{"line":206,"column":76},"end":{"line":206,"column":81}}]},"31":{"type":"branch","line":219,"loc":{"start":{"line":219,"column":22},"end":{"line":219,"column":57}},"locations":[{"start":{"line":219,"column":22},"end":{"line":219,"column":57}}]},"32":{"type":"branch","line":234,"loc":{"start":{"line":234,"column":17},"end":{"line":234,"column":47}},"locations":[{"start":{"line":234,"column":17},"end":{"line":234,"column":47}}]},"33":{"type":"branch","line":239,"loc":{"start":{"line":239,"column":7},"end":{"line":260,"column":1}},"locations":[{"start":{"line":239,"column":7},"end":{"line":260,"column":1}}]},"34":{"type":"branch","line":251,"loc":{"start":{"line":251,"column":13},"end":{"line":251,"column":39}},"locations":[{"start":{"line":251,"column":13},"end":{"line":251,"column":39}}]},"35":{"type":"branch","line":253,"loc":{"start":{"line":253,"column":16},"end":{"line":253,"column":26}},"locations":[{"start":{"line":253,"column":16},"end":{"line":253,"column":26}}]}},"b":{"0":[5],"1":[1],"2":[1],"3":[1],"4":[1],"5":[1],"6":[0],"7":[0],"8":[0],"9":[0],"10":[2],"11":[1],"12":[0],"13":[0],"14":[1],"15":[0],"16":[1],"17":[3],"18":[0],"19":[4],"20":[2],"21":[0],"22":[2],"23":[0],"24":[2],"25":[0],"26":[1],"27":[1],"28":[1],"29":[0],"30":[1],"31":[0],"32":[0],"33":[2],"34":[0],"35":[0]},"fnMap":{"0":{"name":"getUsuariosPorGimnasio","decl":{"start":{"line":29,"column":7},"end":{"line":94,"column":1}},"loc":{"start":{"line":29,"column":7},"end":{"line":94,"column":1}},"line":29},"1":{"name":"getUsuarioById","decl":{"start":{"line":96,"column":7},"end":{"line":138,"column":1}},"loc":{"start":{"line":96,"column":7},"end":{"line":138,"column":1}},"line":96},"2":{"name":"actualizarEstadoUsuario","decl":{"start":{"line":140,"column":7},"end":{"line":150,"column":1}},"loc":{"start":{"line":140,"column":7},"end":{"line":150,"column":1}},"line":140},"3":{"name":"buscarUsuarios","decl":{"start":{"line":152,"column":7},"end":{"line":168,"column":1}},"loc":{"start":{"line":152,"column":7},"end":{"line":168,"column":1}},"line":152},"4":{"name":"registrarNuevoMiembro","decl":{"start":{"line":170,"column":7},"end":{"line":237,"column":1}},"loc":{"start":{"line":170,"column":7},"end":{"line":237,"column":1}},"line":170},"5":{"name":"contarMiembrosPorEstado","decl":{"start":{"line":239,"column":7},"end":{"line":260,"column":1}},"loc":{"start":{"line":239,"column":7},"end":{"line":260,"column":1}},"line":239}},"f":{"0":5,"1":2,"2":3,"3":4,"4":2,"5":2}}
}
