TN:
SF:src\hooks\useAccesos.ts
FN:22,useAccesosRecientes
FN:30,useConteoAccesos
FN:38,useHistorialMiembro
FNF:3
FNH:3
FNDA:10,useAccesosRecientes
FNDA:6,useConteoAccesos
FNDA:4,useHistorialMiembro
DA:1,1
DA:2,1
DA:3,1
DA:4,1
DA:5,1
DA:6,1
DA:7,1
DA:8,1
DA:9,1
DA:10,1
DA:11,1
DA:12,1
DA:13,1
DA:14,1
DA:15,1
DA:16,1
DA:17,1
DA:18,1
DA:19,1
DA:20,1
DA:21,1
DA:22,1
DA:23,10
DA:24,10
DA:25,10
DA:26,10
DA:27,10
DA:28,10
DA:29,1
DA:30,1
DA:31,6
DA:32,6
DA:33,6
DA:34,6
DA:35,6
DA:36,6
DA:37,1
DA:38,1
DA:39,4
DA:40,4
DA:41,4
DA:42,4
DA:43,4
DA:44,4
LF:44
LH:44
BRDA:22,0,0,10
BRDA:24,1,0,0
BRDA:30,2,0,6
BRDA:32,3,0,0
BRDA:38,4,0,4
BRDA:40,5,0,2
BRDA:40,6,0,2
BRF:7
BRH:5
end_of_record
TN:
SF:src\hooks\useAsync.ts
FN:13,useAsync
FN:58,useAsyncWithDemoFallback
FN:70,refetch
FNF:3
FNH:2
FNDA:134,useAsync
FNDA:120,useAsyncWithDemoFallback
FNDA:0,refetch
DA:1,1
DA:2,1
DA:3,1
DA:4,1
DA:5,1
DA:6,1
DA:7,1
DA:8,1
DA:9,1
DA:10,1
DA:11,1
DA:12,1
DA:13,1
DA:14,134
DA:15,134
DA:16,134
DA:17,134
DA:18,134
DA:19,134
DA:20,134
DA:21,134
DA:22,134
DA:23,67
DA:24,67
DA:25,134
DA:26,134
DA:27,134
DA:28,68
DA:29,57
DA:30,57
DA:31,57
DA:32,11
DA:33,11
DA:34,11
DA:35,11
DA:36,11
DA:37,11
DA:38,7
DA:39,7
DA:40,7
DA:41,68
DA:42,3
DA:43,3
DA:44,3
DA:45,12
DA:46,10
DA:47,10
DA:48,10
DA:49,10
DA:50,68
DA:51,134
DA:52,134
DA:53,134
DA:54,134
DA:55,134
DA:56,134
DA:57,1
DA:58,1
DA:59,120
DA:60,120
DA:61,120
DA:62,120
DA:63,120
DA:64,120
DA:65,120
DA:66,112
DA:67,112
DA:68,112
DA:69,112
DA:70,112
DA:71,112
DA:72,112
DA:73,8
DA:74,8
DA:75,8
LF:75
LH:75
BRDA:13,0,0,134
BRDA:22,1,0,67
BRDA:24,2,0,67
BRDA:27,3,0,68
BRDA:28,4,0,57
BRDA:31,5,0,12
BRDA:31,6,0,11
BRDA:37,7,0,7
BRDA:41,8,0,12
BRDA:41,9,0,3
BRDA:43,10,0,2
BRDA:43,11,0,1
BRDA:45,12,0,10
BRDA:53,13,0,67
BRDA:58,14,0,120
BRDA:63,15,0,112
BRDA:63,16,0,8
BRDA:65,17,0,112
BRDA:72,18,0,8
BRF:19
BRH:19
end_of_record
TN:
SF:src\hooks\useClases.ts
FN:32,useClasesGerente
FN:40,useClasesHoy
FN:48,useClasesEntrenador
FN:56,useInscripcionesDelMiembro
FNF:4
FNH:4
FNDA:2,useClasesGerente
FNDA:10,useClasesHoy
FNDA:4,useClasesEntrenador
FNDA:4,useInscripcionesDelMiembro
DA:1,1
DA:2,1
DA:3,1
DA:4,1
DA:5,1
DA:6,1
DA:7,1
DA:8,1
DA:9,1
DA:10,1
DA:11,1
DA:12,1
DA:13,1
DA:14,1
DA:15,1
DA:16,1
DA:17,1
DA:18,1
DA:19,1
DA:20,1
DA:21,1
DA:22,1
DA:23,1
DA:24,1
DA:25,1
DA:26,1
DA:27,1
DA:28,1
DA:29,1
DA:30,1
DA:31,1
DA:32,1
DA:33,2
DA:34,2
DA:35,2
DA:36,2
DA:37,2
DA:38,2
DA:39,1
DA:40,1
DA:41,10
DA:42,10
DA:43,10
DA:44,10
DA:45,10
DA:46,10
DA:47,1
DA:48,1
DA:49,4
DA:50,4
DA:51,4
DA:52,4
DA:53,4
DA:54,4
DA:55,1
DA:56,1
DA:57,4
DA:58,4
DA:59,4
DA:60,4
DA:61,4
DA:62,4
LF:62
LH:62
BRDA:32,0,0,2
BRDA:34,1,0,0
BRDA:40,2,0,10
BRDA:42,3,0,8
BRDA:42,4,0,2
BRDA:48,5,0,4
BRDA:50,6,0,0
BRDA:56,7,0,4
BRDA:58,8,0,0
BRF:9
BRH:6
end_of_record
TN:
SF:src\hooks\useKPIsGerente.ts
FN:42,useKPIsGerente
FN:50,useChurnAtRisk
FN:58,useIngresosMensuales
FNF:3
FNH:3
FNDA:16,useKPIsGerente
FNDA:8,useChurnAtRisk
FNDA:6,useIngresosMensuales
DA:1,1
DA:2,1
DA:3,1
DA:4,1
DA:5,1
DA:6,1
DA:7,1
DA:8,1
DA:9,1
DA:10,1
DA:11,1
DA:12,1
DA:13,1
DA:14,1
DA:15,1
DA:16,1
DA:17,1
DA:18,1
DA:19,1
DA:20,1
DA:21,1
DA:22,1
DA:23,1
DA:24,1
DA:25,1
DA:26,1
DA:27,1
DA:28,1
DA:29,1
DA:30,1
DA:31,1
DA:32,1
DA:33,1
DA:34,1
DA:35,1
DA:36,1
DA:37,1
DA:38,1
DA:39,1
DA:40,1
DA:41,1
DA:42,1
DA:43,16
DA:44,16
DA:45,16
DA:46,16
DA:47,16
DA:48,16
DA:49,1
DA:50,1
DA:51,8
DA:52,8
DA:53,8
DA:54,8
DA:55,8
DA:56,8
DA:57,1
DA:58,1
DA:59,6
DA:60,6
DA:61,6
DA:62,6
DA:63,6
DA:64,6
LF:64
LH:64
BRDA:42,0,0,16
BRDA:44,1,0,14
BRDA:44,2,0,2
BRDA:50,3,0,8
BRDA:52,4,0,6
BRDA:52,5,0,2
BRDA:58,6,0,6
BRDA:60,7,0,4
BRDA:60,8,0,2
BRF:9
BRH:9
end_of_record
TN:
SF:src\hooks\useMiembros.ts
FN:30,useMiembros
FN:33,data
FN:42,usePagosPendientes
FN:57,usePagosHoy
FNF:4
FNH:3
FNDA:14,useMiembros
FNDA:0,data
FNDA:4,usePagosPendientes
FNDA:4,usePagosHoy
DA:1,1
DA:2,1
DA:3,1
DA:4,1
DA:5,1
DA:6,1
DA:7,1
DA:8,1
DA:9,1
DA:10,1
DA:11,1
DA:12,1
DA:13,1
DA:14,1
DA:15,1
DA:16,1
DA:17,1
DA:18,1
DA:19,1
DA:20,1
DA:21,1
DA:22,1
DA:23,1
DA:24,1
DA:25,1
DA:26,1
DA:27,1
DA:28,1
DA:29,1
DA:30,1
DA:31,14
DA:32,14
DA:33,12
DA:34,2
DA:35,14
DA:36,14
DA:37,14
DA:38,14
DA:39,14
DA:40,14
DA:41,1
DA:42,1
DA:43,4
DA:44,4
DA:45,4
DA:46,4
DA:47,4
DA:48,4
DA:49,1
DA:50,1
DA:51,1
DA:52,1
DA:53,1
DA:54,1
DA:55,1
DA:56,1
DA:57,1
DA:58,4
DA:59,4
DA:60,4
DA:61,4
DA:62,4
DA:63,4
DA:64,4
DA:65,4
DA:66,4
DA:67,4
LF:67
LH:67
BRDA:30,0,0,14
BRDA:32,1,0,12
BRDA:33,2,0,2
BRDA:39,3,0,0
BRDA:39,4,0,0
BRDA:42,5,0,4
BRDA:44,6,0,0
BRDA:57,7,0,4
BRDA:63,8,0,0
BRF:9
BRH:5
end_of_record
TN:
SF:src\hooks\usePlanes.ts
FN:13,usePlanes
FNF:1
FNH:1
FNDA:20,usePlanes
DA:1,1
DA:2,1
DA:3,1
DA:4,1
DA:5,1
DA:6,1
DA:7,1
DA:8,1
DA:9,1
DA:10,1
DA:11,1
DA:12,1
DA:13,1
DA:14,20
DA:15,20
DA:16,20
DA:17,20
DA:18,20
DA:19,20
LF:19
LH:19
BRDA:13,0,0,20
BRDA:15,1,0,18
BRDA:15,2,0,2
BRF:3
BRH:3
end_of_record
TN:
SF:src\lib\auth.ts
FN:121,authenticateDemo
FN:132,saveSession
FN:138,getSession
FN:150,clearSession
FNF:4
FNH:4
FNDA:10,authenticateDemo
FNDA:3,saveSession
FNDA:5,getSession
FNDA:6,clearSession
DA:1,1
DA:2,1
DA:3,1
DA:4,1
DA:5,1
DA:6,1
DA:7,1
DA:8,1
DA:9,1
DA:10,1
DA:11,1
DA:12,1
DA:13,1
DA:14,1
DA:15,1
DA:16,1
DA:17,1
DA:18,1
DA:19,1
DA:20,1
DA:21,1
DA:22,1
DA:23,1
DA:24,1
DA:25,1
DA:26,1
DA:27,1
DA:28,1
DA:29,1
DA:30,1
DA:31,1
DA:32,1
DA:33,1
DA:34,1
DA:35,1
DA:36,1
DA:37,1
DA:38,1
DA:39,1
DA:40,1
DA:41,1
DA:42,1
DA:43,1
DA:44,1
DA:45,1
DA:46,1
DA:47,1
DA:48,1
DA:49,1
DA:50,1
DA:51,1
DA:52,1
DA:53,1
DA:54,1
DA:55,1
DA:56,1
DA:57,1
DA:58,1
DA:59,1
DA:60,1
DA:61,1
DA:62,1
DA:63,1
DA:64,1
DA:65,1
DA:66,1
DA:67,1
DA:68,1
DA:69,1
DA:70,1
DA:71,1
DA:72,1
DA:73,1
DA:74,1
DA:75,1
DA:76,1
DA:77,1
DA:78,1
DA:79,1
DA:80,1
DA:81,1
DA:82,1
DA:83,1
DA:84,1
DA:85,1
DA:86,1
DA:87,1
DA:88,1
DA:89,1
DA:90,1
DA:91,1
DA:92,1
DA:93,1
DA:94,1
DA:95,1
DA:96,1
DA:97,1
DA:98,1
DA:99,1
DA:100,1
DA:101,1
DA:102,1
DA:103,1
DA:104,1
DA:105,1
DA:106,1
DA:107,1
DA:108,1
DA:109,1
DA:110,1
DA:111,1
DA:112,1
DA:113,1
DA:114,1
DA:115,1
DA:116,1
DA:117,1
DA:118,1
DA:119,1
DA:120,1
DA:121,1
DA:122,10
DA:123,10
DA:124,10
DA:125,8
DA:126,8
DA:127,8
DA:128,1
DA:129,1
DA:130,1
DA:131,1
DA:132,1
DA:133,3
DA:134,3
DA:135,3
DA:136,3
DA:137,1
DA:138,1
DA:139,5
DA:140,5
DA:141,5
DA:142,5
DA:143,5
DA:144,1
DA:145,1
DA:146,5
DA:147,2
DA:148,2
DA:149,1
DA:150,1
DA:151,6
DA:152,6
DA:153,6
DA:154,6
LF:154
LH:154
BRDA:121,0,0,10
BRDA:123,1,0,9
BRDA:123,2,0,2
BRDA:123,3,0,8
BRDA:124,4,0,0
BRDA:124,5,0,8
BRDA:132,6,0,3
BRDA:138,7,0,5
BRDA:142,8,0,3
BRDA:143,9,0,1
BRDA:146,10,0,2
BRDA:150,11,0,6
BRF:12
BRH:11
end_of_record
TN:
SF:src\lib\services\accesos.service.ts
FN:16,getAccesosRecientes
FN:63,contarAccesosHoy
FN:85,registrarAcceso
FN:114,registrarSalida
FN:123,getHistorialAccesoMiembro
FNF:5
FNH:4
FNDA:2,getAccesosRecientes
FNDA:3,contarAccesosHoy
FNDA:0,registrarAcceso
FNDA:1,registrarSalida
FNDA:2,getHistorialAccesoMiembro
DA:1,1
DA:2,1
DA:3,1
DA:4,1
DA:5,1
DA:6,1
DA:7,1
DA:8,1
DA:9,1
DA:10,1
DA:11,1
DA:12,1
DA:13,1
DA:14,1
DA:15,1
DA:16,1
DA:17,2
DA:18,2
DA:19,2
DA:20,2
DA:21,2
DA:22,2
DA:23,2
DA:24,2
DA:25,2
DA:26,2
DA:27,2
DA:28,2
DA:29,2
DA:30,2
DA:31,2
DA:32,2
DA:33,2
DA:34,2
DA:35,2
DA:36,2
DA:37,2
DA:38,2
DA:39,2
DA:40,2
DA:41,2
DA:42,0
DA:43,0
DA:44,0
DA:45,0
DA:46,0
DA:47,0
DA:48,0
DA:49,0
DA:50,0
DA:51,0
DA:52,0
DA:53,0
DA:54,0
DA:55,0
DA:56,0
DA:57,0
DA:58,0
DA:59,0
DA:60,0
DA:61,2
DA:62,1
DA:63,1
DA:64,3
DA:65,3
DA:66,3
DA:67,3
DA:68,3
DA:69,3
DA:70,3
DA:71,3
DA:72,3
DA:73,3
DA:74,3
DA:75,3
DA:76,3
DA:77,3
DA:78,3
DA:79,3
DA:80,3
DA:81,3
DA:82,3
DA:83,3
DA:84,1
DA:85,1
DA:86,0
DA:87,0
DA:88,0
DA:89,0
DA:90,0
DA:91,0
DA:92,0
DA:93,0
DA:94,0
DA:95,0
DA:96,0
DA:97,0
DA:98,0
DA:99,0
DA:100,0
DA:101,0
DA:102,0
DA:103,0
DA:104,0
DA:105,0
DA:106,0
DA:107,0
DA:108,0
DA:109,0
DA:110,0
DA:111,0
DA:112,0
DA:113,1
DA:114,1
DA:115,1
DA:116,1
DA:117,1
DA:118,1
DA:119,1
DA:120,1
DA:121,1
DA:122,1
DA:123,1
DA:124,2
DA:125,2
DA:126,2
DA:127,2
DA:128,2
DA:129,2
DA:130,2
DA:131,2
DA:132,2
DA:133,2
DA:134,2
DA:135,2
DA:136,2
DA:137,2
DA:138,2
DA:139,0
DA:140,0
DA:141,0
DA:142,0
DA:143,2
LF:143
LH:93
BRDA:16,0,0,2
BRDA:37,1,0,1
BRDA:39,2,0,0
BRDA:41,3,0,0
BRDA:63,4,0,3
BRDA:74,5,0,0
BRDA:76,6,0,0
BRDA:114,7,0,1
BRDA:120,8,0,0
BRDA:123,9,0,2
BRDA:136,10,0,0
BRDA:138,11,0,0
BRF:12
BRH:5
end_of_record
TN:
SF:src\lib\services\base.ts
FN:6,ServiceError
FN:16,handleSupabaseError
FNF:2
FNH:0
FNDA:0,ServiceError
FNDA:0,handleSupabaseError
DA:1,1
DA:2,1
DA:3,1
DA:4,1
DA:5,1
DA:6,1
DA:7,0
DA:8,0
DA:9,0
DA:10,0
DA:11,0
DA:12,0
DA:13,0
DA:14,1
DA:15,1
DA:16,1
DA:17,0
DA:18,0
DA:19,1
DA:20,1
DA:21,1
DA:22,1
DA:23,1
DA:24,1
DA:25,1
DA:26,1
DA:27,1
DA:28,1
DA:29,1
LF:29
LH:20
BRF:0
BRH:0
end_of_record
TN:
SF:src\lib\services\clases.service.ts
FN:32,getClasesPorGimnasio
FN:79,getClasesHoy
FN:83,getClasesDelEntrenador
FN:115,inscribirseEnClase
FN:126,cancelarInscripcion
FN:136,getInscripcionesDelMiembro
FN:147,crearClase
FN:170,actualizarEstadoClase
FNF:8
FNH:5
FNDA:3,getClasesPorGimnasio
FNDA:1,getClasesHoy
FNDA:0,getClasesDelEntrenador
FNDA:0,inscribirseEnClase
FNDA:1,cancelarInscripcion
FNDA:1,getInscripcionesDelMiembro
FNDA:0,crearClase
FNDA:4,actualizarEstadoClase
DA:1,1
DA:2,1
DA:3,1
DA:4,1
DA:5,1
DA:6,1
DA:7,1
DA:8,1
DA:9,1
DA:10,1
DA:11,1
DA:12,1
DA:13,1
DA:14,1
DA:15,1
DA:16,1
DA:17,1
DA:18,1
DA:19,1
DA:20,1
DA:21,1
DA:22,1
DA:23,1
DA:24,1
DA:25,1
DA:26,1
DA:27,1
DA:28,1
DA:29,1
DA:30,1
DA:31,1
DA:32,1
DA:33,3
DA:34,3
DA:35,3
DA:36,3
DA:37,3
DA:38,3
DA:39,3
DA:40,3
DA:41,3
DA:42,3
DA:43,3
DA:44,3
DA:45,3
DA:46,3
DA:47,3
DA:48,3
DA:49,3
DA:50,3
DA:51,3
DA:52,3
DA:53,2
DA:54,2
DA:55,2
DA:56,2
DA:57,2
DA:58,2
DA:59,2
DA:60,2
DA:61,3
DA:62,3
DA:63,3
DA:64,3
DA:65,3
DA:66,3
DA:67,3
DA:68,3
DA:69,0
DA:70,0
DA:71,0
DA:72,0
DA:73,0
DA:74,0
DA:75,0
DA:76,0
DA:77,3
DA:78,1
DA:79,1
DA:80,1
DA:81,1
DA:82,1
DA:83,1
DA:84,0
DA:85,0
DA:86,0
DA:87,0
DA:88,0
DA:89,0
DA:90,0
DA:91,0
DA:92,0
DA:93,0
DA:94,0
DA:95,0
DA:96,0
DA:97,0
DA:98,0
DA:99,0
DA:100,0
DA:101,0
DA:102,0
DA:103,0
DA:104,0
DA:105,0
DA:106,0
DA:107,0
DA:108,0
DA:109,0
DA:110,0
DA:111,0
DA:112,0
DA:113,0
DA:114,1
DA:115,1
DA:116,0
DA:117,0
DA:118,0
DA:119,0
DA:120,0
DA:121,0
DA:122,0
DA:123,0
DA:124,0
DA:125,1
DA:126,1
DA:127,1
DA:128,1
DA:129,1
DA:130,1
DA:131,1
DA:132,1
DA:133,1
DA:134,1
DA:135,1
DA:136,1
DA:137,1
DA:138,1
DA:139,1
DA:140,1
DA:141,1
DA:142,1
DA:143,1
DA:144,1
DA:145,1
DA:146,1
DA:147,1
DA:148,0
DA:149,0
DA:150,0
DA:151,0
DA:152,0
DA:153,0
DA:154,0
DA:155,0
DA:156,0
DA:157,0
DA:158,0
DA:159,0
DA:160,0
DA:161,0
DA:162,0
DA:163,0
DA:164,0
DA:165,0
DA:166,0
DA:167,0
DA:168,0
DA:169,1
DA:170,1
DA:171,4
DA:172,4
DA:173,4
DA:174,4
DA:175,4
DA:176,4
LF:176
LH:108
BRDA:32,0,0,3
BRDA:51,1,0,1
BRDA:52,2,0,2
BRDA:63,3,0,1
BRDA:66,4,0,0
BRDA:68,5,0,0
BRDA:79,6,0,1
BRDA:126,7,0,1
BRDA:133,8,0,0
BRDA:136,9,0,1
BRDA:143,10,0,0
BRDA:144,11,0,0
BRDA:170,12,0,4
BRDA:175,13,0,0
BRF:14
BRH:8
end_of_record
TN:
SF:src\lib\services\dashboard.service.ts
FN:31,getKPIsGerente
FN:133,getChurnAtRisk
FN:176,getIngresosPorMesGrafica
FNF:3
FNH:3
FNDA:4,getKPIsGerente
FNDA:2,getChurnAtRisk
FNDA:3,getIngresosPorMesGrafica
DA:1,1
DA:2,1
DA:3,1
DA:4,1
DA:5,1
DA:6,1
DA:7,1
DA:8,1
DA:9,1
DA:10,1
DA:11,1
DA:12,1
DA:13,1
DA:14,1
DA:15,1
DA:16,1
DA:17,1
DA:18,1
DA:19,1
DA:20,1
DA:21,1
DA:22,1
DA:23,1
DA:24,1
DA:25,1
DA:26,1
DA:27,1
DA:28,1
DA:29,1
DA:30,1
DA:31,1
DA:32,4
DA:33,4
DA:34,4
DA:35,4
DA:36,4
DA:37,4
DA:38,4
DA:39,4
DA:40,4
DA:41,4
DA:42,4
DA:43,4
DA:44,4
DA:45,4
DA:46,4
DA:47,4
DA:48,4
DA:49,4
DA:50,4
DA:51,4
DA:52,4
DA:53,4
DA:54,4
DA:55,4
DA:56,4
DA:57,4
DA:58,4
DA:59,4
DA:60,4
DA:61,4
DA:62,4
DA:63,4
DA:64,4
DA:65,4
DA:66,4
DA:67,4
DA:68,4
DA:69,4
DA:70,4
DA:71,4
DA:72,4
DA:73,4
DA:74,4
DA:75,4
DA:76,4
DA:77,4
DA:78,4
DA:79,4
DA:80,4
DA:81,4
DA:82,4
DA:83,4
DA:84,4
DA:85,4
DA:86,4
DA:87,4
DA:88,4
DA:89,4
DA:90,4
DA:91,4
DA:92,4
DA:93,4
DA:94,4
DA:95,4
DA:96,4
DA:97,4
DA:98,4
DA:99,4
DA:100,4
DA:101,4
DA:102,4
DA:103,4
DA:104,4
DA:105,4
DA:106,4
DA:107,4
DA:108,4
DA:109,4
DA:110,0
DA:111,4
DA:112,4
DA:113,4
DA:114,4
DA:115,4
DA:116,4
DA:117,4
DA:118,4
DA:119,4
DA:120,4
DA:121,4
DA:122,4
DA:123,4
DA:124,4
DA:125,4
DA:126,4
DA:127,4
DA:128,4
DA:129,4
DA:130,4
DA:131,4
DA:132,1
DA:133,1
DA:134,2
DA:135,2
DA:136,2
DA:137,2
DA:138,2
DA:139,2
DA:140,2
DA:141,2
DA:142,2
DA:143,2
DA:144,2
DA:145,2
DA:146,2
DA:147,2
DA:148,2
DA:149,2
DA:150,2
DA:151,2
DA:152,2
DA:153,2
DA:154,2
DA:155,2
DA:156,0
DA:157,0
DA:158,0
DA:159,0
DA:160,0
DA:161,0
DA:162,0
DA:163,0
DA:164,0
DA:165,0
DA:166,0
DA:167,0
DA:168,0
DA:169,0
DA:170,0
DA:171,0
DA:172,0
DA:173,0
DA:174,2
DA:175,1
DA:176,1
DA:177,3
DA:178,3
DA:179,3
DA:180,3
DA:181,3
DA:182,3
DA:183,3
DA:184,3
DA:185,3
DA:186,3
DA:187,3
DA:188,3
DA:189,3
DA:190,3
DA:191,3
DA:192,3
DA:193,3
DA:194,3
DA:195,3
DA:196,0
DA:197,0
DA:198,0
DA:199,0
DA:200,0
DA:201,3
DA:202,3
DA:203,3
DA:204,3
DA:205,0
DA:206,0
DA:207,0
DA:208,0
DA:209,3
LF:209
LH:181
BRDA:31,0,0,4
BRDA:107,1,0,0
BRDA:108,2,0,0
BRDA:109,3,0,0
BRDA:115,4,0,0
BRDA:117,5,0,0
BRDA:133,6,0,2
BRDA:153,7,0,0
BRDA:155,8,0,0
BRDA:176,9,0,3
BRDA:190,10,0,0
BRDA:195,11,0,0
BRDA:195,12,0,0
BRF:13
BRH:3
end_of_record
TN:
SF:src\lib\services\membresias.service.ts
FN:25,getMembresiasPorGimnasio
FN:58,getMembresiaActiva
FN:87,crearMembresia
FN:104,cancelarMembresia
FN:113,getMembresiasPorVencer
FNF:5
FNH:5
FNDA:3,getMembresiasPorGimnasio
FNDA:1,getMembresiaActiva
FNDA:1,crearMembresia
FNDA:1,cancelarMembresia
FNDA:2,getMembresiasPorVencer
DA:1,1
DA:2,1
DA:3,1
DA:4,1
DA:5,1
DA:6,1
DA:7,1
DA:8,1
DA:9,1
DA:10,1
DA:11,1
DA:12,1
DA:13,1
DA:14,1
DA:15,1
DA:16,1
DA:17,1
DA:18,1
DA:19,1
DA:20,1
DA:21,1
DA:22,1
DA:23,1
DA:24,1
DA:25,1
DA:26,3
DA:27,3
DA:28,3
DA:29,3
DA:30,3
DA:31,3
DA:32,3
DA:33,3
DA:34,3
DA:35,3
DA:36,3
DA:37,3
DA:38,3
DA:39,3
DA:40,3
DA:41,3
DA:42,3
DA:43,3
DA:44,3
DA:45,3
DA:46,3
DA:47,3
DA:48,3
DA:49,0
DA:50,0
DA:51,0
DA:52,0
DA:53,0
DA:54,0
DA:55,0
DA:56,3
DA:57,1
DA:58,1
DA:59,1
DA:60,1
DA:61,1
DA:62,1
DA:63,1
DA:64,1
DA:65,1
DA:66,1
DA:67,1
DA:68,1
DA:69,1
DA:70,1
DA:71,1
DA:72,1
DA:73,1
DA:74,1
DA:75,1
DA:76,0
DA:77,0
DA:78,0
DA:79,0
DA:80,0
DA:81,0
DA:82,0
DA:83,1
DA:84,1
DA:85,1
DA:86,1
DA:87,1
DA:88,1
DA:89,1
DA:90,1
DA:91,1
DA:92,1
DA:93,1
DA:94,1
DA:95,1
DA:96,1
DA:97,1
DA:98,1
DA:99,1
DA:100,1
DA:101,1
DA:102,1
DA:103,1
DA:104,1
DA:105,1
DA:106,1
DA:107,1
DA:108,1
DA:109,1
DA:110,1
DA:111,1
DA:112,1
DA:113,1
DA:114,2
DA:115,2
DA:116,2
DA:117,2
DA:118,2
DA:119,2
DA:120,2
DA:121,2
DA:122,2
DA:123,2
DA:124,2
DA:125,2
DA:126,2
DA:127,2
DA:128,2
DA:129,2
DA:130,2
DA:131,2
DA:132,2
DA:133,2
DA:134,2
DA:135,0
DA:136,0
DA:137,0
DA:138,0
DA:139,0
DA:140,0
DA:141,0
DA:142,2
LF:142
LH:121
BRDA:25,0,0,3
BRDA:41,1,0,1
BRDA:43,2,0,1
BRDA:46,3,0,0
BRDA:48,4,0,0
BRDA:58,5,0,1
BRDA:75,6,0,0
BRDA:83,7,0,0
BRDA:87,8,0,1
BRDA:100,9,0,0
BRDA:104,10,0,1
BRDA:110,11,0,0
BRDA:113,12,0,2
BRDA:132,13,0,0
BRDA:134,14,0,0
BRF:15
BRH:7
end_of_record
TN:
SF:src\lib\services\pagos.service.ts
FN:29,getPagosPorGimnasio
FN:68,getPagosPendientesPorVencer
FN:107,registrarPago
FN:127,getTotalIngresosMes
FN:148,getIngresosPorMes
FNF:5
FNH:5
FNDA:2,getPagosPorGimnasio
FNDA:1,getPagosPendientesPorVencer
FNDA:1,registrarPago
FNDA:1,getTotalIngresosMes
FNDA:2,getIngresosPorMes
DA:1,1
DA:2,1
DA:3,1
DA:4,1
DA:5,1
DA:6,1
DA:7,1
DA:8,1
DA:9,1
DA:10,1
DA:11,1
DA:12,1
DA:13,1
DA:14,1
DA:15,1
DA:16,1
DA:17,1
DA:18,1
DA:19,1
DA:20,1
DA:21,1
DA:22,1
DA:23,1
DA:24,1
DA:25,1
DA:26,1
DA:27,1
DA:28,1
DA:29,1
DA:30,2
DA:31,2
DA:32,2
DA:33,2
DA:34,2
DA:35,2
DA:36,2
DA:37,2
DA:38,2
DA:39,2
DA:40,2
DA:41,2
DA:42,2
DA:43,2
DA:44,2
DA:45,2
DA:46,2
DA:47,2
DA:48,2
DA:49,2
DA:50,2
DA:51,2
DA:52,2
DA:53,2
DA:54,2
DA:55,2
DA:56,2
DA:57,2
DA:58,0
DA:59,0
DA:60,0
DA:61,0
DA:62,0
DA:63,0
DA:64,0
DA:65,0
DA:66,2
DA:67,1
DA:68,1
DA:69,1
DA:70,1
DA:71,1
DA:72,1
DA:73,1
DA:74,1
DA:75,1
DA:76,1
DA:77,1
DA:78,1
DA:79,1
DA:80,1
DA:81,1
DA:82,1
DA:83,1
DA:84,1
DA:85,1
DA:86,1
DA:87,1
DA:88,1
DA:89,1
DA:90,1
DA:91,0
DA:92,0
DA:93,0
DA:94,0
DA:95,0
DA:96,0
DA:97,0
DA:98,0
DA:99,0
DA:100,0
DA:101,0
DA:102,0
DA:103,0
DA:104,0
DA:105,1
DA:106,1
DA:107,1
DA:108,1
DA:109,1
DA:110,1
DA:111,1
DA:112,1
DA:113,1
DA:114,1
DA:115,1
DA:116,1
DA:117,1
DA:118,1
DA:119,1
DA:120,1
DA:121,1
DA:122,1
DA:123,1
DA:124,1
DA:125,1
DA:126,1
DA:127,1
DA:128,1
DA:129,1
DA:130,1
DA:131,1
DA:132,1
DA:133,1
DA:134,1
DA:135,1
DA:136,1
DA:137,1
DA:138,1
DA:139,1
DA:140,1
DA:141,1
DA:142,1
DA:143,1
DA:144,1
DA:145,1
DA:146,1
DA:147,1
DA:148,1
DA:149,2
DA:150,2
DA:151,2
DA:152,2
DA:153,2
DA:154,2
DA:155,2
DA:156,2
DA:157,2
DA:158,2
DA:159,2
DA:160,2
DA:161,2
DA:162,2
DA:163,2
DA:164,2
DA:165,2
DA:166,2
DA:167,2
DA:168,2
DA:169,2
DA:170,2
DA:171,0
DA:172,0
DA:173,0
DA:174,0
DA:175,2
DA:176,2
DA:177,2
LF:177
LH:151
BRDA:29,0,0,2
BRDA:47,1,0,1
BRDA:48,2,0,1
BRDA:49,3,0,1
BRDA:52,4,0,1
BRDA:55,5,0,0
BRDA:57,6,0,0
BRDA:68,7,0,1
BRDA:88,8,0,0
BRDA:90,9,0,0
BRDA:107,10,0,1
BRDA:117,11,0,0
BRDA:123,12,0,0
BRDA:127,13,0,1
BRDA:144,14,0,0
BRDA:145,15,0,0
BRDA:148,16,0,2
BRDA:167,17,0,0
BRDA:170,18,0,0
BRDA:170,19,0,0
BRF:20
BRH:9
end_of_record
TN:
SF:src\lib\services\planes.service.ts
FN:19,getPlanesPorGimnasio
FN:41,getPlanesConConteo
FN:60,crearPlan
FN:71,actualizarPlan
FN:76,desactivarPlan
FNF:5
FNH:5
FNDA:3,getPlanesPorGimnasio
FNDA:1,getPlanesConConteo
FNDA:1,crearPlan
FNDA:2,actualizarPlan
FNDA:1,desactivarPlan
DA:1,1
DA:2,1
DA:3,1
DA:4,1
DA:5,1
DA:6,1
DA:7,1
DA:8,1
DA:9,1
DA:10,1
DA:11,1
DA:12,1
DA:13,1
DA:14,1
DA:15,1
DA:16,1
DA:17,1
DA:18,1
DA:19,1
DA:20,3
DA:21,3
DA:22,3
DA:23,3
DA:24,3
DA:25,3
DA:26,3
DA:27,3
DA:28,3
DA:29,3
DA:30,3
DA:31,3
DA:32,3
DA:33,3
DA:34,3
DA:35,3
DA:36,0
DA:37,0
DA:38,0
DA:39,3
DA:40,1
DA:41,1
DA:42,1
DA:43,1
DA:44,1
DA:45,1
DA:46,1
DA:47,1
DA:48,1
DA:49,1
DA:50,1
DA:51,1
DA:52,1
DA:53,1
DA:54,0
DA:55,0
DA:56,1
DA:57,1
DA:58,1
DA:59,1
DA:60,1
DA:61,1
DA:62,1
DA:63,1
DA:64,1
DA:65,1
DA:66,1
DA:67,1
DA:68,1
DA:69,1
DA:70,1
DA:71,1
DA:72,2
DA:73,2
DA:74,2
DA:75,1
DA:76,1
DA:77,1
DA:78,1
LF:78
LH:73
BRDA:19,0,0,3
BRDA:33,1,0,0
BRDA:35,2,0,0
BRDA:41,3,0,1
BRDA:50,4,0,0
BRDA:53,5,0,0
BRDA:53,6,0,0
BRDA:60,7,0,1
BRDA:67,8,0,0
BRDA:71,9,0,2
BRDA:73,10,0,0
BRDA:76,11,0,1
BRF:12
BRH:5
end_of_record
TN:
SF:src\lib\services\usuarios.service.ts
FN:29,getUsuariosPorGimnasio
FN:96,getUsuarioById
FN:140,actualizarEstadoUsuario
FN:152,buscarUsuarios
FN:170,registrarNuevoMiembro
FN:239,contarMiembrosPorEstado
FNF:6
FNH:6
FNDA:5,getUsuariosPorGimnasio
FNDA:2,getUsuarioById
FNDA:3,actualizarEstadoUsuario
FNDA:4,buscarUsuarios
FNDA:2,registrarNuevoMiembro
FNDA:2,contarMiembrosPorEstado
DA:1,1
DA:2,1
DA:3,1
DA:4,1
DA:5,1
DA:6,1
DA:7,1
DA:8,1
DA:9,1
DA:10,1
DA:11,1
DA:12,1
DA:13,1
DA:14,1
DA:15,1
DA:16,1
DA:17,1
DA:18,1
DA:19,1
DA:20,1
DA:21,1
DA:22,1
DA:23,1
DA:24,1
DA:25,1
DA:26,1
DA:27,1
DA:28,1
DA:29,1
DA:30,5
DA:31,5
DA:32,5
DA:33,5
DA:34,5
DA:35,5
DA:36,5
DA:37,5
DA:38,5
DA:39,5
DA:40,5
DA:41,5
DA:42,5
DA:43,5
DA:44,5
DA:45,5
DA:46,5
DA:47,5
DA:48,5
DA:49,5
DA:50,5
DA:51,5
DA:52,5
DA:53,5
DA:54,1
DA:55,1
DA:56,5
DA:57,5
DA:58,5
DA:59,5
DA:60,5
DA:61,5
DA:62,5
DA:63,5
DA:64,5
DA:65,5
DA:66,5
DA:67,0
DA:68,0
DA:69,0
DA:70,0
DA:71,0
DA:72,0
DA:73,0
DA:74,0
DA:75,0
DA:76,0
DA:77,0
DA:78,0
DA:79,0
DA:80,0
DA:81,0
DA:82,0
DA:83,0
DA:84,0
DA:85,0
DA:86,0
DA:87,0
DA:88,0
DA:89,0
DA:90,0
DA:91,0
DA:92,5
DA:93,5
DA:94,5
DA:95,1
DA:96,1
DA:97,2
DA:98,2
DA:99,2
DA:100,2
DA:101,2
DA:102,2
DA:103,2
DA:104,2
DA:105,2
DA:106,2
DA:107,2
DA:108,2
DA:109,2
DA:110,2
DA:111,2
DA:112,2
DA:113,1
DA:114,0
DA:115,0
DA:116,1
DA:117,1
DA:118,1
DA:119,0
DA:120,2
DA:121,2
DA:122,2
DA:123,2
DA:124,2
DA:125,2
DA:126,2
DA:127,2
DA:128,0
DA:129,0
DA:130,0
DA:131,0
DA:132,0
DA:133,0
DA:134,0
DA:135,0
DA:136,1
DA:137,2
DA:138,2
DA:139,1
DA:140,1
DA:141,3
DA:142,3
DA:143,3
DA:144,3
DA:145,3
DA:146,3
DA:147,3
DA:148,3
DA:149,3
DA:150,3
DA:151,1
DA:152,1
DA:153,4
DA:154,4
DA:155,4
DA:156,4
DA:157,4
DA:158,2
DA:159,2
DA:160,2
DA:161,2
DA:162,2
DA:163,2
DA:164,2
DA:165,2
DA:166,4
DA:167,4
DA:168,4
DA:169,1
DA:170,1
DA:171,2
DA:172,2
DA:173,2
DA:174,2
DA:175,2
DA:176,2
DA:177,2
DA:178,2
DA:179,2
DA:180,2
DA:181,2
DA:182,2
DA:183,2
DA:184,2
DA:185,2
DA:186,2
DA:187,2
DA:188,2
DA:189,2
DA:190,2
DA:191,2
DA:192,2
DA:193,2
DA:194,2
DA:195,2
DA:196,2
DA:197,2
DA:198,2
DA:199,2
DA:200,2
DA:201,2
DA:202,2
DA:203,2
DA:204,2
DA:205,2
DA:206,2
DA:207,2
DA:208,2
DA:209,2
DA:210,2
DA:211,2
DA:212,2
DA:213,2
DA:214,2
DA:215,2
DA:216,2
DA:217,2
DA:218,2
DA:219,2
DA:220,2
DA:221,2
DA:222,2
DA:223,2
DA:224,2
DA:225,2
DA:226,2
DA:227,2
DA:228,2
DA:229,2
DA:230,2
DA:231,2
DA:232,2
DA:233,2
DA:234,2
DA:235,2
DA:236,2
DA:237,2
DA:238,1
DA:239,1
DA:240,2
DA:241,2
DA:242,2
DA:243,2
DA:244,2
DA:245,2
DA:246,2
DA:247,2
DA:248,2
DA:249,2
DA:250,2
DA:251,2
DA:252,2
DA:253,2
DA:254,2
DA:255,2
DA:256,2
DA:257,2
DA:258,2
DA:259,2
DA:260,2
LF:260
LH:224
BRDA:29,0,0,5
BRDA:51,1,0,1
BRDA:52,2,0,1
BRDA:53,3,0,1
BRDA:59,4,0,1
BRDA:60,5,0,1
BRDA:60,6,0,0
BRDA:64,7,0,0
BRDA:66,8,0,0
BRDA:93,9,0,0
BRDA:96,10,0,2
BRDA:112,11,0,1
BRDA:113,12,0,0
BRDA:118,13,0,0
BRDA:126,14,0,1
BRDA:127,15,0,0
BRDA:135,16,0,1
BRDA:140,17,0,3
BRDA:149,18,0,0
BRDA:152,19,0,4
BRDA:157,20,0,2
BRDA:166,21,0,0
BRDA:166,22,0,2
BRDA:167,23,0,0
BRDA:170,24,0,2
BRDA:188,25,0,0
BRDA:195,26,0,1
BRDA:196,27,0,1
BRDA:197,28,0,1
BRDA:202,29,0,0
BRDA:206,30,0,1
BRDA:219,31,0,0
BRDA:234,32,0,0
BRDA:239,33,0,2
BRDA:251,34,0,0
BRDA:253,35,0,0
BRF:36
BRH:20
end_of_record
